[2025-09-04T00:52:09.379+0000] {taskinstance.py:1083} INFO - Dependencies all met for <TaskInstance: continuous_streaming_consumer.continuous_producer_consumer scheduled__2025-09-04T00:48:00+00:00 [queued]>
[2025-09-04T00:52:09.385+0000] {taskinstance.py:1083} INFO - Dependencies all met for <TaskInstance: continuous_streaming_consumer.continuous_producer_consumer scheduled__2025-09-04T00:48:00+00:00 [queued]>
[2025-09-04T00:52:09.385+0000] {taskinstance.py:1279} INFO - 
--------------------------------------------------------------------------------
[2025-09-04T00:52:09.385+0000] {taskinstance.py:1280} INFO - Starting attempt 1 of 1000
[2025-09-04T00:52:09.385+0000] {taskinstance.py:1281} INFO - 
--------------------------------------------------------------------------------
[2025-09-04T00:52:09.394+0000] {taskinstance.py:1300} INFO - Executing <Task(PythonOperator): continuous_producer_consumer> on 2025-09-04 00:48:00+00:00
[2025-09-04T00:52:09.397+0000] {standard_task_runner.py:55} INFO - Started process 275 to run task
[2025-09-04T00:52:09.399+0000] {standard_task_runner.py:82} INFO - Running: ['***', 'tasks', 'run', 'continuous_streaming_consumer', 'continuous_producer_consumer', 'scheduled__2025-09-04T00:48:00+00:00', '--job-id', '2', '--raw', '--subdir', 'DAGS_FOLDER/dag_continuous_consumer.py', '--cfg-path', '/tmp/tmpnhky7ed9']
[2025-09-04T00:52:09.400+0000] {standard_task_runner.py:83} INFO - Job 2: Subtask continuous_producer_consumer
[2025-09-04T00:52:09.414+0000] {logging_mixin.py:137} WARNING - /usr/local/lib/python3.9/site-packages/***/settings.py:249 DeprecationWarning: The sql_alchemy_conn option in [core] has been moved to the sql_alchemy_conn option in [database] - the old setting has been used, but please update your config.
[2025-09-04T00:52:09.429+0000] {logging_mixin.py:137} WARNING - /usr/local/lib/python3.9/site-packages/***/utils/sqlalchemy.py:124 DeprecationWarning: The sql_alchemy_conn option in [core] has been moved to the sql_alchemy_conn option in [database] - the old setting has been used, but please update your config.
[2025-09-04T00:52:09.450+0000] {task_command.py:388} INFO - Running <TaskInstance: continuous_streaming_consumer.continuous_producer_consumer scheduled__2025-09-04T00:48:00+00:00 [running]> on host a9c36e7e0f71
[2025-09-04T00:52:09.498+0000] {taskinstance.py:1507} INFO - Exporting the following env vars:
AIRFLOW_CTX_DAG_OWNER=Klaus_Rezende
AIRFLOW_CTX_DAG_ID=continuous_streaming_consumer
AIRFLOW_CTX_TASK_ID=continuous_producer_consumer
AIRFLOW_CTX_EXECUTION_DATE=2025-09-04T00:48:00+00:00
AIRFLOW_CTX_TRY_NUMBER=1
AIRFLOW_CTX_DAG_RUN_ID=scheduled__2025-09-04T00:48:00+00:00
[2025-09-04T00:52:09.503+0000] {conn.py:380} INFO - <BrokerConnection node_id=bootstrap-0 host=kafka:29092 <connecting> [IPv4 ('172.16.240.5', 29092)]>: connecting to kafka:29092 [('172.16.240.5', 29092) IPv4]
[2025-09-04T00:52:09.503+0000] {conn.py:1205} INFO - Probing node bootstrap-0 broker version
[2025-09-04T00:52:09.503+0000] {conn.py:410} INFO - <BrokerConnection node_id=bootstrap-0 host=kafka:29092 <connecting> [IPv4 ('172.16.240.5', 29092)]>: Connection complete.
[2025-09-04T00:52:09.522+0000] {conn.py:380} INFO - <BrokerConnection node_id=bootstrap-0 host=kafka:29092 <connecting> [IPv4 ('172.16.240.5', 29092)]>: connecting to kafka:29092 [('172.16.240.5', 29092) IPv4]
[2025-09-04T00:52:09.522+0000] {conn.py:1205} INFO - Probing node bootstrap-0 broker version
[2025-09-04T00:52:09.522+0000] {conn.py:410} INFO - <BrokerConnection node_id=bootstrap-0 host=kafka:29092 <connecting> [IPv4 ('172.16.240.5', 29092)]>: Connection complete.
[2025-09-04T00:52:09.606+0000] {conn.py:1267} INFO - Broker version identified as 2.5.0
[2025-09-04T00:52:09.606+0000] {conn.py:1268} INFO - Set configuration api_version=(2, 5, 0) to skip auto check_version requests on startup
[2025-09-04T00:52:09.624+0000] {conn.py:1267} INFO - Broker version identified as 2.5.0
[2025-09-04T00:52:09.624+0000] {conn.py:1268} INFO - Set configuration api_version=(2, 5, 0) to skip auto check_version requests on startup
[2025-09-04T00:52:09.625+0000] {consumer.py:118} WARNING - group_id is None: disabling auto-commit.
[2025-09-04T00:52:09.625+0000] {subscription_state.py:171} INFO - Updating subscribed topics to: ('streaming_data',)
[2025-09-04T00:52:09.626+0000] {subscription_state.py:257} INFO - Updated partition assignment: [('streaming_data', 0), ('streaming_data', 1), ('streaming_data', 2)]
[2025-09-04T00:52:09.627+0000] {conn.py:380} INFO - <BrokerConnection node_id=1 host=kafka:29092 <connecting> [IPv4 ('172.16.240.5', 29092)]>: connecting to kafka:29092 [('172.16.240.5', 29092) IPv4]
[2025-09-04T00:52:09.627+0000] {conn.py:410} INFO - <BrokerConnection node_id=1 host=kafka:29092 <connecting> [IPv4 ('172.16.240.5', 29092)]>: Connection complete.
[2025-09-04T00:52:09.627+0000] {conn.py:919} INFO - <BrokerConnection node_id=bootstrap-0 host=kafka:29092 <connected> [IPv4 ('172.16.240.5', 29092)]>: Closing connection. 
[2025-09-04T00:52:09.776+0000] {conn.py:380} INFO - <BrokerConnection node_id=1 host=kafka:29092 <connecting> [IPv4 ('172.16.240.5', 29092)]>: connecting to kafka:29092 [('172.16.240.5', 29092) IPv4]
[2025-09-04T00:52:09.776+0000] {conn.py:410} INFO - <BrokerConnection node_id=1 host=kafka:29092 <connecting> [IPv4 ('172.16.240.5', 29092)]>: Connection complete.
[2025-09-04T00:52:09.777+0000] {conn.py:919} INFO - <BrokerConnection node_id=bootstrap-0 host=kafka:29092 <connected> [IPv4 ('172.16.240.5', 29092)]>: Closing connection. 
[2025-09-04T00:52:09.805+0000] {logging_mixin.py:137} INFO - Produced post 1: sunt aut facere repellat provi...
[2025-09-04T00:52:09.819+0000] {logging_mixin.py:137} INFO - Consumed from partition 0, key 1: sunt aut facere repellat provi...
[2025-09-04T00:52:19.819+0000] {logging_mixin.py:137} INFO - Produced post 2: qui est esse...
[2025-09-04T00:52:19.825+0000] {logging_mixin.py:137} INFO - Consumed from partition 0, key 1: qui est esse...
[2025-09-04T00:52:29.832+0000] {logging_mixin.py:137} INFO - Produced post 3: ea molestias quasi exercitatio...
[2025-09-04T00:52:29.836+0000] {logging_mixin.py:137} INFO - Consumed from partition 0, key 1: ea molestias quasi exercitatio...
[2025-09-04T00:52:39.845+0000] {logging_mixin.py:137} INFO - Produced post 4: eum et est occaecati...
[2025-09-04T00:52:39.849+0000] {logging_mixin.py:137} INFO - Consumed from partition 0, key 1: eum et est occaecati...
[2025-09-04T00:52:49.857+0000] {logging_mixin.py:137} INFO - Produced post 5: nesciunt quas odio...
[2025-09-04T00:52:49.861+0000] {logging_mixin.py:137} INFO - Consumed from partition 0, key 1: nesciunt quas odio...
[2025-09-04T00:52:59.867+0000] {logging_mixin.py:137} INFO - Produced post 6: dolorem eum magni eos aperiam ...
[2025-09-04T00:52:59.872+0000] {logging_mixin.py:137} INFO - Consumed from partition 0, key 1: dolorem eum magni eos aperiam ...
[2025-09-04T00:53:09.876+0000] {logging_mixin.py:137} INFO - Produced post 7: magnam facilis autem...
[2025-09-04T00:53:09.880+0000] {logging_mixin.py:137} INFO - Consumed from partition 0, key 1: magnam facilis autem...
[2025-09-04T00:53:19.889+0000] {logging_mixin.py:137} INFO - Produced post 8: dolorem dolore est ipsam...
[2025-09-04T00:53:19.891+0000] {logging_mixin.py:137} INFO - Consumed from partition 0, key 1: dolorem dolore est ipsam...
[2025-09-04T00:53:29.901+0000] {logging_mixin.py:137} INFO - Produced post 9: nesciunt iure omnis dolorem te...
[2025-09-04T00:53:29.903+0000] {logging_mixin.py:137} INFO - Consumed from partition 0, key 1: nesciunt iure omnis dolorem te...
[2025-09-04T00:53:39.913+0000] {logging_mixin.py:137} INFO - Produced post 10: optio molestias id quia eum...
[2025-09-04T00:53:39.916+0000] {logging_mixin.py:137} INFO - Consumed from partition 0, key 1: optio molestias id quia eum...
[2025-09-04T00:53:49.917+0000] {logging_mixin.py:137} INFO - Produced post 11: et ea vero quia laudantium aut...
[2025-09-04T00:53:49.921+0000] {logging_mixin.py:137} INFO - Consumed from partition 2, key 2: et ea vero quia laudantium aut...
[2025-09-04T00:53:59.929+0000] {logging_mixin.py:137} INFO - Produced post 12: in quibusdam tempore odit est ...
[2025-09-04T00:53:59.933+0000] {logging_mixin.py:137} INFO - Consumed from partition 2, key 2: in quibusdam tempore odit est ...
[2025-09-04T00:54:02.593+0000] {logging_mixin.py:137} INFO - Consumed from partition 0, key 1: sunt aut facere repellat provi...
[2025-09-04T00:54:09.942+0000] {logging_mixin.py:137} INFO - Produced post 13: dolorum ut in voluptas molliti...
[2025-09-04T00:54:09.946+0000] {logging_mixin.py:137} INFO - Consumed from partition 2, key 2: dolorum ut in voluptas molliti...
[2025-09-04T00:54:12.605+0000] {logging_mixin.py:137} INFO - Consumed from partition 0, key 1: qui est esse...
[2025-09-04T00:54:19.954+0000] {logging_mixin.py:137} INFO - Produced post 14: voluptatem eligendi optio...
[2025-09-04T00:54:19.959+0000] {logging_mixin.py:137} INFO - Consumed from partition 2, key 2: voluptatem eligendi optio...
[2025-09-04T00:54:22.618+0000] {logging_mixin.py:137} INFO - Consumed from partition 0, key 1: ea molestias quasi exercitatio...
[2025-09-04T00:54:29.967+0000] {logging_mixin.py:137} INFO - Produced post 15: eveniet quod temporibus...
[2025-09-04T00:54:29.972+0000] {logging_mixin.py:137} INFO - Consumed from partition 2, key 2: eveniet quod temporibus...
[2025-09-04T00:54:32.629+0000] {logging_mixin.py:137} INFO - Consumed from partition 0, key 1: eum et est occaecati...
[2025-09-04T00:54:39.979+0000] {logging_mixin.py:137} INFO - Produced post 16: sint suscipit perspiciatis vel...
[2025-09-04T00:54:39.981+0000] {logging_mixin.py:137} INFO - Consumed from partition 2, key 2: sint suscipit perspiciatis vel...
[2025-09-04T00:54:42.642+0000] {logging_mixin.py:137} INFO - Consumed from partition 0, key 1: nesciunt quas odio...
[2025-09-04T00:54:49.992+0000] {logging_mixin.py:137} INFO - Produced post 17: fugit voluptas sed molestias v...
[2025-09-04T00:54:49.997+0000] {logging_mixin.py:137} INFO - Consumed from partition 2, key 2: fugit voluptas sed molestias v...
[2025-09-04T00:54:52.657+0000] {logging_mixin.py:137} INFO - Consumed from partition 0, key 1: dolorem eum magni eos aperiam ...
[2025-09-04T00:55:00.004+0000] {logging_mixin.py:137} INFO - Produced post 18: voluptate et itaque vero tempo...
[2025-09-04T00:55:00.009+0000] {logging_mixin.py:137} INFO - Consumed from partition 2, key 2: voluptate et itaque vero tempo...
[2025-09-04T00:55:02.659+0000] {logging_mixin.py:137} INFO - Consumed from partition 0, key 1: magnam facilis autem...
[2025-09-04T00:55:09.576+0000] {logging_mixin.py:137} INFO - Continuous task completed - will restart automatically
[2025-09-04T00:55:09.577+0000] {python.py:177} INFO - Done. Returned value was: None
[2025-09-04T00:55:09.589+0000] {taskinstance.py:1318} INFO - Marking task as SUCCESS. dag_id=continuous_streaming_consumer, task_id=continuous_producer_consumer, execution_date=20250904T004800, start_date=20250904T005209, end_date=20250904T005509
[2025-09-04T00:55:09.624+0000] {local_task_job.py:208} INFO - Task exited with return code 0
[2025-09-04T00:55:09.638+0000] {taskinstance.py:2578} INFO - 1 downstream tasks scheduled from follow-on schedule check
