[2025-09-04T01:06:01.747+0000] {taskinstance.py:1083} INFO - Dependencies all met for <TaskInstance: continuous_streaming_consumer.continuous_producer_consumer scheduled__2025-09-04T01:03:00+00:00 [queued]>
[2025-09-04T01:06:01.753+0000] {taskinstance.py:1083} INFO - Dependencies all met for <TaskInstance: continuous_streaming_consumer.continuous_producer_consumer scheduled__2025-09-04T01:03:00+00:00 [queued]>
[2025-09-04T01:06:01.754+0000] {taskinstance.py:1279} INFO - 
--------------------------------------------------------------------------------
[2025-09-04T01:06:01.754+0000] {taskinstance.py:1280} INFO - Starting attempt 1 of 1000
[2025-09-04T01:06:01.754+0000] {taskinstance.py:1281} INFO - 
--------------------------------------------------------------------------------
[2025-09-04T01:06:01.762+0000] {taskinstance.py:1300} INFO - Executing <Task(PythonOperator): continuous_producer_consumer> on 2025-09-04 01:03:00+00:00
[2025-09-04T01:06:01.765+0000] {standard_task_runner.py:55} INFO - Started process 580 to run task
[2025-09-04T01:06:01.767+0000] {standard_task_runner.py:82} INFO - Running: ['***', 'tasks', 'run', 'continuous_streaming_consumer', 'continuous_producer_consumer', 'scheduled__2025-09-04T01:03:00+00:00', '--job-id', '7', '--raw', '--subdir', 'DAGS_FOLDER/dag_continuous_consumer.py', '--cfg-path', '/tmp/tmpwhijxxfo']
[2025-09-04T01:06:01.768+0000] {standard_task_runner.py:83} INFO - Job 7: Subtask continuous_producer_consumer
[2025-09-04T01:06:01.779+0000] {logging_mixin.py:137} WARNING - /usr/local/lib/python3.9/site-packages/***/settings.py:249 DeprecationWarning: The sql_alchemy_conn option in [core] has been moved to the sql_alchemy_conn option in [database] - the old setting has been used, but please update your config.
[2025-09-04T01:06:01.794+0000] {logging_mixin.py:137} WARNING - /usr/local/lib/python3.9/site-packages/***/utils/sqlalchemy.py:124 DeprecationWarning: The sql_alchemy_conn option in [core] has been moved to the sql_alchemy_conn option in [database] - the old setting has been used, but please update your config.
[2025-09-04T01:06:01.815+0000] {task_command.py:388} INFO - Running <TaskInstance: continuous_streaming_consumer.continuous_producer_consumer scheduled__2025-09-04T01:03:00+00:00 [running]> on host a9c36e7e0f71
[2025-09-04T01:06:01.862+0000] {taskinstance.py:1507} INFO - Exporting the following env vars:
AIRFLOW_CTX_DAG_OWNER=Klaus_Rezende
AIRFLOW_CTX_DAG_ID=continuous_streaming_consumer
AIRFLOW_CTX_TASK_ID=continuous_producer_consumer
AIRFLOW_CTX_EXECUTION_DATE=2025-09-04T01:03:00+00:00
AIRFLOW_CTX_TRY_NUMBER=1
AIRFLOW_CTX_DAG_RUN_ID=scheduled__2025-09-04T01:03:00+00:00
[2025-09-04T01:06:01.866+0000] {conn.py:380} INFO - <BrokerConnection node_id=bootstrap-0 host=kafka:29092 <connecting> [IPv4 ('172.16.240.5', 29092)]>: connecting to kafka:29092 [('172.16.240.5', 29092) IPv4]
[2025-09-04T01:06:01.867+0000] {conn.py:1205} INFO - Probing node bootstrap-0 broker version
[2025-09-04T01:06:01.867+0000] {conn.py:410} INFO - <BrokerConnection node_id=bootstrap-0 host=kafka:29092 <connecting> [IPv4 ('172.16.240.5', 29092)]>: Connection complete.
[2025-09-04T01:06:01.870+0000] {conn.py:380} INFO - <BrokerConnection node_id=bootstrap-0 host=kafka:29092 <connecting> [IPv4 ('172.16.240.5', 29092)]>: connecting to kafka:29092 [('172.16.240.5', 29092) IPv4]
[2025-09-04T01:06:01.871+0000] {conn.py:1205} INFO - Probing node bootstrap-0 broker version
[2025-09-04T01:06:01.871+0000] {conn.py:410} INFO - <BrokerConnection node_id=bootstrap-0 host=kafka:29092 <connecting> [IPv4 ('172.16.240.5', 29092)]>: Connection complete.
[2025-09-04T01:06:01.969+0000] {conn.py:1267} INFO - Broker version identified as 2.5.0
[2025-09-04T01:06:01.969+0000] {conn.py:1268} INFO - Set configuration api_version=(2, 5, 0) to skip auto check_version requests on startup
[2025-09-04T01:06:01.974+0000] {conn.py:1267} INFO - Broker version identified as 2.5.0
[2025-09-04T01:06:01.974+0000] {conn.py:1268} INFO - Set configuration api_version=(2, 5, 0) to skip auto check_version requests on startup
[2025-09-04T01:06:01.974+0000] {consumer.py:118} WARNING - group_id is None: disabling auto-commit.
[2025-09-04T01:06:01.975+0000] {subscription_state.py:171} INFO - Updating subscribed topics to: ('streaming_data',)
[2025-09-04T01:06:01.975+0000] {subscription_state.py:257} INFO - Updated partition assignment: [('streaming_data', 0), ('streaming_data', 1), ('streaming_data', 2)]
[2025-09-04T01:06:01.976+0000] {conn.py:380} INFO - <BrokerConnection node_id=1 host=kafka:29092 <connecting> [IPv4 ('172.16.240.5', 29092)]>: connecting to kafka:29092 [('172.16.240.5', 29092) IPv4]
[2025-09-04T01:06:01.976+0000] {conn.py:410} INFO - <BrokerConnection node_id=1 host=kafka:29092 <connecting> [IPv4 ('172.16.240.5', 29092)]>: Connection complete.
[2025-09-04T01:06:01.977+0000] {conn.py:919} INFO - <BrokerConnection node_id=bootstrap-0 host=kafka:29092 <connected> [IPv4 ('172.16.240.5', 29092)]>: Closing connection. 
[2025-09-04T01:06:02.443+0000] {conn.py:380} INFO - <BrokerConnection node_id=1 host=kafka:29092 <connecting> [IPv4 ('172.16.240.5', 29092)]>: connecting to kafka:29092 [('172.16.240.5', 29092) IPv4]
[2025-09-04T01:06:02.444+0000] {conn.py:410} INFO - <BrokerConnection node_id=1 host=kafka:29092 <connecting> [IPv4 ('172.16.240.5', 29092)]>: Connection complete.
[2025-09-04T01:06:02.444+0000] {conn.py:919} INFO - <BrokerConnection node_id=bootstrap-0 host=kafka:29092 <connected> [IPv4 ('172.16.240.5', 29092)]>: Closing connection. 
[2025-09-04T01:06:02.447+0000] {logging_mixin.py:137} INFO - Produced post 1: sunt aut facere repellat provi...
[2025-09-04T01:06:02.449+0000] {logging_mixin.py:137} INFO - Consumed from partition 0, key 1: sunt aut facere repellat provi...
[2025-09-04T01:06:12.456+0000] {logging_mixin.py:137} INFO - Produced post 2: qui est esse...
[2025-09-04T01:06:12.458+0000] {logging_mixin.py:137} INFO - Consumed from partition 0, key 1: qui est esse...
[2025-09-04T01:06:22.466+0000] {logging_mixin.py:137} INFO - Produced post 3: ea molestias quasi exercitatio...
[2025-09-04T01:06:22.468+0000] {logging_mixin.py:137} INFO - Consumed from partition 0, key 1: ea molestias quasi exercitatio...
[2025-09-04T01:06:32.476+0000] {logging_mixin.py:137} INFO - Produced post 4: eum et est occaecati...
[2025-09-04T01:06:32.479+0000] {logging_mixin.py:137} INFO - Consumed from partition 0, key 1: eum et est occaecati...
[2025-09-04T01:06:42.489+0000] {logging_mixin.py:137} INFO - Produced post 5: nesciunt quas odio...
[2025-09-04T01:06:42.491+0000] {logging_mixin.py:137} INFO - Consumed from partition 0, key 1: nesciunt quas odio...
[2025-09-04T01:06:52.501+0000] {logging_mixin.py:137} INFO - Produced post 6: dolorem eum magni eos aperiam ...
[2025-09-04T01:06:52.503+0000] {logging_mixin.py:137} INFO - Consumed from partition 0, key 1: dolorem eum magni eos aperiam ...
[2025-09-04T01:07:02.506+0000] {logging_mixin.py:137} INFO - Produced post 7: magnam facilis autem...
[2025-09-04T01:07:02.508+0000] {logging_mixin.py:137} INFO - Consumed from partition 0, key 1: magnam facilis autem...
[2025-09-04T01:07:12.515+0000] {logging_mixin.py:137} INFO - Produced post 8: dolorem dolore est ipsam...
[2025-09-04T01:07:12.517+0000] {logging_mixin.py:137} INFO - Consumed from partition 0, key 1: dolorem dolore est ipsam...
[2025-09-04T01:07:22.528+0000] {logging_mixin.py:137} INFO - Produced post 9: nesciunt iure omnis dolorem te...
[2025-09-04T01:07:22.530+0000] {logging_mixin.py:137} INFO - Consumed from partition 0, key 1: nesciunt iure omnis dolorem te...
[2025-09-04T01:07:32.540+0000] {logging_mixin.py:137} INFO - Produced post 10: optio molestias id quia eum...
[2025-09-04T01:07:32.542+0000] {logging_mixin.py:137} INFO - Consumed from partition 0, key 1: optio molestias id quia eum...
[2025-09-04T01:07:42.552+0000] {logging_mixin.py:137} INFO - Produced post 11: et ea vero quia laudantium aut...
[2025-09-04T01:07:42.554+0000] {logging_mixin.py:137} INFO - Consumed from partition 2, key 2: et ea vero quia laudantium aut...
[2025-09-04T01:07:52.564+0000] {logging_mixin.py:137} INFO - Produced post 12: in quibusdam tempore odit est ...
[2025-09-04T01:07:52.566+0000] {logging_mixin.py:137} INFO - Consumed from partition 2, key 2: in quibusdam tempore odit est ...
[2025-09-04T01:08:02.576+0000] {logging_mixin.py:137} INFO - Produced post 13: dolorum ut in voluptas molliti...
[2025-09-04T01:08:02.578+0000] {logging_mixin.py:137} INFO - Consumed from partition 2, key 2: dolorum ut in voluptas molliti...
[2025-09-04T01:08:12.588+0000] {logging_mixin.py:137} INFO - Produced post 14: voluptatem eligendi optio...
[2025-09-04T01:08:12.591+0000] {logging_mixin.py:137} INFO - Consumed from partition 2, key 2: voluptatem eligendi optio...
[2025-09-04T01:08:22.596+0000] {logging_mixin.py:137} INFO - Produced post 15: eveniet quod temporibus...
[2025-09-04T01:08:22.598+0000] {logging_mixin.py:137} INFO - Consumed from partition 2, key 2: eveniet quod temporibus...
[2025-09-04T01:08:32.609+0000] {logging_mixin.py:137} INFO - Produced post 16: sint suscipit perspiciatis vel...
[2025-09-04T01:08:32.611+0000] {logging_mixin.py:137} INFO - Consumed from partition 2, key 2: sint suscipit perspiciatis vel...
[2025-09-04T01:08:42.613+0000] {logging_mixin.py:137} INFO - Produced post 17: fugit voluptas sed molestias v...
[2025-09-04T01:08:42.615+0000] {logging_mixin.py:137} INFO - Consumed from partition 2, key 2: fugit voluptas sed molestias v...
[2025-09-04T01:08:52.616+0000] {logging_mixin.py:137} INFO - Produced post 18: voluptate et itaque vero tempo...
[2025-09-04T01:08:52.618+0000] {logging_mixin.py:137} INFO - Consumed from partition 2, key 2: voluptate et itaque vero tempo...
[2025-09-04T01:09:01.904+0000] {logging_mixin.py:137} INFO - Continuous task completed - will restart automatically
[2025-09-04T01:09:01.905+0000] {python.py:177} INFO - Done. Returned value was: None
[2025-09-04T01:09:01.912+0000] {taskinstance.py:1318} INFO - Marking task as SUCCESS. dag_id=continuous_streaming_consumer, task_id=continuous_producer_consumer, execution_date=20250904T010300, start_date=20250904T010601, end_date=20250904T010901
[2025-09-04T01:09:01.929+0000] {local_task_job.py:208} INFO - Task exited with return code 0
[2025-09-04T01:09:01.941+0000] {taskinstance.py:2578} INFO - 1 downstream tasks scheduled from follow-on schedule check
