[2025-09-03T20:08:00.372+0000] {taskinstance.py:1083} INFO - Dependencies all met for <TaskInstance: continuous_streaming_consumer.continuous_producer_consumer scheduled__2025-09-03T20:00:00+00:00 [queued]>
[2025-09-03T20:08:00.378+0000] {taskinstance.py:1083} INFO - Dependencies all met for <TaskInstance: continuous_streaming_consumer.continuous_producer_consumer scheduled__2025-09-03T20:00:00+00:00 [queued]>
[2025-09-03T20:08:00.378+0000] {taskinstance.py:1279} INFO - 
--------------------------------------------------------------------------------
[2025-09-03T20:08:00.378+0000] {taskinstance.py:1280} INFO - Starting attempt 1 of 1000
[2025-09-03T20:08:00.378+0000] {taskinstance.py:1281} INFO - 
--------------------------------------------------------------------------------
[2025-09-03T20:08:00.386+0000] {taskinstance.py:1300} INFO - Executing <Task(PythonOperator): continuous_producer_consumer> on 2025-09-03 20:00:00+00:00
[2025-09-03T20:08:00.388+0000] {standard_task_runner.py:55} INFO - Started process 290 to run task
[2025-09-03T20:08:00.390+0000] {standard_task_runner.py:82} INFO - Running: ['***', 'tasks', 'run', 'continuous_streaming_consumer', 'continuous_producer_consumer', 'scheduled__2025-09-03T20:00:00+00:00', '--job-id', '3', '--raw', '--subdir', 'DAGS_FOLDER/dag_continuous_consumer.py', '--cfg-path', '/tmp/tmptdr2dzff']
[2025-09-03T20:08:00.392+0000] {standard_task_runner.py:83} INFO - Job 3: Subtask continuous_producer_consumer
[2025-09-03T20:08:00.407+0000] {logging_mixin.py:137} WARNING - /usr/local/lib/python3.9/site-packages/***/settings.py:249 DeprecationWarning: The sql_alchemy_conn option in [core] has been moved to the sql_alchemy_conn option in [database] - the old setting has been used, but please update your config.
[2025-09-03T20:08:00.423+0000] {logging_mixin.py:137} WARNING - /usr/local/lib/python3.9/site-packages/***/utils/sqlalchemy.py:124 DeprecationWarning: The sql_alchemy_conn option in [core] has been moved to the sql_alchemy_conn option in [database] - the old setting has been used, but please update your config.
[2025-09-03T20:08:00.444+0000] {task_command.py:388} INFO - Running <TaskInstance: continuous_streaming_consumer.continuous_producer_consumer scheduled__2025-09-03T20:00:00+00:00 [running]> on host f1dcc7602e52
[2025-09-03T20:08:00.487+0000] {taskinstance.py:1507} INFO - Exporting the following env vars:
AIRFLOW_CTX_DAG_OWNER=Klaus_Rezende
AIRFLOW_CTX_DAG_ID=continuous_streaming_consumer
AIRFLOW_CTX_TASK_ID=continuous_producer_consumer
AIRFLOW_CTX_EXECUTION_DATE=2025-09-03T20:00:00+00:00
AIRFLOW_CTX_TRY_NUMBER=1
AIRFLOW_CTX_DAG_RUN_ID=scheduled__2025-09-03T20:00:00+00:00
[2025-09-03T20:08:00.514+0000] {conn.py:380} INFO - <BrokerConnection node_id=bootstrap-0 host=kafka:29092 <connecting> [IPv4 ('172.16.240.5', 29092)]>: connecting to kafka:29092 [('172.16.240.5', 29092) IPv4]
[2025-09-03T20:08:00.514+0000] {conn.py:1205} INFO - Probing node bootstrap-0 broker version
[2025-09-03T20:08:00.515+0000] {conn.py:410} INFO - <BrokerConnection node_id=bootstrap-0 host=kafka:29092 <connecting> [IPv4 ('172.16.240.5', 29092)]>: Connection complete.
[2025-09-03T20:08:00.519+0000] {conn.py:380} INFO - <BrokerConnection node_id=bootstrap-0 host=kafka:29092 <connecting> [IPv4 ('172.16.240.5', 29092)]>: connecting to kafka:29092 [('172.16.240.5', 29092) IPv4]
[2025-09-03T20:08:00.519+0000] {conn.py:1205} INFO - Probing node bootstrap-0 broker version
[2025-09-03T20:08:00.519+0000] {conn.py:410} INFO - <BrokerConnection node_id=bootstrap-0 host=kafka:29092 <connecting> [IPv4 ('172.16.240.5', 29092)]>: Connection complete.
[2025-09-03T20:08:00.616+0000] {conn.py:1267} INFO - Broker version identified as 2.5.0
[2025-09-03T20:08:00.617+0000] {conn.py:1268} INFO - Set configuration api_version=(2, 5, 0) to skip auto check_version requests on startup
[2025-09-03T20:08:00.620+0000] {conn.py:1267} INFO - Broker version identified as 2.5.0
[2025-09-03T20:08:00.621+0000] {conn.py:1268} INFO - Set configuration api_version=(2, 5, 0) to skip auto check_version requests on startup
[2025-09-03T20:08:00.621+0000] {consumer.py:118} WARNING - group_id is None: disabling auto-commit.
[2025-09-03T20:08:00.621+0000] {subscription_state.py:171} INFO - Updating subscribed topics to: ('streaming_data',)
[2025-09-03T20:08:00.622+0000] {subscription_state.py:257} INFO - Updated partition assignment: [('streaming_data', 0)]
[2025-09-03T20:08:00.623+0000] {conn.py:380} INFO - <BrokerConnection node_id=1 host=kafka:29092 <connecting> [IPv4 ('172.16.240.5', 29092)]>: connecting to kafka:29092 [('172.16.240.5', 29092) IPv4]
[2025-09-03T20:08:00.623+0000] {conn.py:410} INFO - <BrokerConnection node_id=1 host=kafka:29092 <connecting> [IPv4 ('172.16.240.5', 29092)]>: Connection complete.
[2025-09-03T20:08:00.623+0000] {conn.py:919} INFO - <BrokerConnection node_id=bootstrap-0 host=kafka:29092 <connected> [IPv4 ('172.16.240.5', 29092)]>: Closing connection. 
[2025-09-03T20:08:00.705+0000] {logging_mixin.py:137} INFO - Produced: sunt aut facere repellat provi...
[2025-09-03T20:08:00.705+0000] {conn.py:380} INFO - <BrokerConnection node_id=1 host=kafka:29092 <connecting> [IPv4 ('172.16.240.5', 29092)]>: connecting to kafka:29092 [('172.16.240.5', 29092) IPv4]
[2025-09-03T20:08:00.706+0000] {conn.py:410} INFO - <BrokerConnection node_id=1 host=kafka:29092 <connecting> [IPv4 ('172.16.240.5', 29092)]>: Connection complete.
[2025-09-03T20:08:00.706+0000] {conn.py:919} INFO - <BrokerConnection node_id=bootstrap-0 host=kafka:29092 <connected> [IPv4 ('172.16.240.5', 29092)]>: Closing connection. 
[2025-09-03T20:08:00.798+0000] {logging_mixin.py:137} INFO - Consumed: nesciunt quas odio...
[2025-09-03T20:08:01.534+0000] {logging_mixin.py:137} INFO - Consumed: eum et est occaecati...
[2025-09-03T20:08:02.537+0000] {logging_mixin.py:137} INFO - Consumed: nesciunt quas odio...
[2025-09-03T20:08:03.539+0000] {logging_mixin.py:137} INFO - Consumed: dolorem eum magni eos aperiam ...
[2025-09-03T20:08:04.540+0000] {logging_mixin.py:137} INFO - Consumed: magnam facilis autem...
[2025-09-03T20:08:05.541+0000] {logging_mixin.py:137} INFO - Consumed: dolorem dolore est ipsam...
[2025-09-03T20:08:06.543+0000] {logging_mixin.py:137} INFO - Consumed: nesciunt iure omnis dolorem te...
[2025-09-03T20:08:07.541+0000] {logging_mixin.py:137} INFO - Consumed: optio molestias id quia eum...
[2025-09-03T20:08:08.545+0000] {logging_mixin.py:137} INFO - Consumed: et ea vero quia laudantium aut...
[2025-09-03T20:08:09.546+0000] {logging_mixin.py:137} INFO - Consumed: in quibusdam tempore odit est ...
[2025-09-03T20:08:10.545+0000] {logging_mixin.py:137} INFO - Consumed: dolorum ut in voluptas molliti...
[2025-09-03T20:08:10.795+0000] {logging_mixin.py:137} INFO - Produced: sunt aut facere repellat provi...
[2025-09-03T20:08:10.801+0000] {logging_mixin.py:137} INFO - Consumed: sunt aut facere repellat provi...
[2025-09-03T20:08:11.546+0000] {logging_mixin.py:137} INFO - Consumed: voluptatem eligendi optio...
[2025-09-03T20:08:12.550+0000] {logging_mixin.py:137} INFO - Consumed: eveniet quod temporibus...
[2025-09-03T20:08:12.893+0000] {logging_mixin.py:137} INFO - Consumed: sunt aut facere repellat provi...
[2025-09-03T20:07:22.949+0000] {logging_mixin.py:137} INFO - Consumed: sint suscipit perspiciatis vel...
[2025-09-03T20:07:23.951+0000] {logging_mixin.py:137} INFO - Consumed: fugit voluptas sed molestias v...
[2025-09-03T20:07:24.296+0000] {logging_mixin.py:137} INFO - Consumed: qui est esse...
[2025-09-03T20:07:24.949+0000] {logging_mixin.py:137} INFO - Consumed: voluptate et itaque vero tempo...
[2025-09-03T20:07:25.951+0000] {logging_mixin.py:137} INFO - Consumed: adipisci placeat illum aut rei...
[2025-09-03T20:07:26.299+0000] {logging_mixin.py:137} INFO - Consumed: ea molestias quasi exercitatio...
[2025-09-03T20:07:26.954+0000] {logging_mixin.py:137} INFO - Consumed: doloribus ad provident suscipi...
[2025-09-03T20:07:28.304+0000] {logging_mixin.py:137} INFO - Consumed: eum et est occaecati...
[2025-09-03T20:07:30.290+0000] {logging_mixin.py:137} INFO - Produced: sunt aut facere repellat provi...
[2025-09-03T20:07:30.296+0000] {logging_mixin.py:137} INFO - Consumed: sunt aut facere repellat provi...
[2025-09-03T20:07:30.304+0000] {logging_mixin.py:137} INFO - Consumed: nesciunt quas odio...
[2025-09-03T20:07:33.033+0000] {logging_mixin.py:137} INFO - Consumed: sunt aut facere repellat provi...
[2025-09-03T20:07:34.032+0000] {logging_mixin.py:137} INFO - Consumed: qui est esse...
[2025-09-03T20:07:35.033+0000] {logging_mixin.py:137} INFO - Consumed: ea molestias quasi exercitatio...
[2025-09-03T20:07:36.035+0000] {logging_mixin.py:137} INFO - Consumed: eum et est occaecati...
[2025-09-03T20:07:37.036+0000] {logging_mixin.py:137} INFO - Consumed: nesciunt quas odio...
[2025-09-03T20:07:40.385+0000] {logging_mixin.py:137} INFO - Produced: sunt aut facere repellat provi...
[2025-09-03T20:07:47.915+0000] {conn.py:919} INFO - <BrokerConnection node_id=1 host=kafka:29092 <connected> [IPv4 ('172.16.240.5', 29092)]>: Closing connection. KafkaConnectionError: Socket EVENT_READ without in-flight-requests
[2025-09-03T20:07:47.916+0000] {client_async.py:331} WARNING - Node 1 connection failed -- refreshing metadata
[2025-09-03T20:07:50.470+0000] {logging_mixin.py:137} INFO - Produced: sunt aut facere repellat provi...
[2025-09-03T20:08:43.089+0000] {record_accumulator.py:73} WARNING - Produced messages to topic-partition ('streaming_data', 0) with base offset -1 log start offset None and error None.
[2025-09-03T20:08:43.090+0000] {record_accumulator.py:332} WARNING - Expired 1 batches in accumulator
[2025-09-03T20:09:27.983+0000] {taskinstance.py:1083} INFO - Dependencies all met for <TaskInstance: continuous_streaming_consumer.continuous_producer_consumer scheduled__2025-09-03T20:00:00+00:00 [queued]>
[2025-09-03T20:09:27.989+0000] {taskinstance.py:1083} INFO - Dependencies all met for <TaskInstance: continuous_streaming_consumer.continuous_producer_consumer scheduled__2025-09-03T20:00:00+00:00 [queued]>
[2025-09-03T20:09:27.990+0000] {taskinstance.py:1279} INFO - 
--------------------------------------------------------------------------------
[2025-09-03T20:09:27.990+0000] {taskinstance.py:1280} INFO - Starting attempt 1 of 1000
[2025-09-03T20:09:27.990+0000] {taskinstance.py:1281} INFO - 
--------------------------------------------------------------------------------
[2025-09-03T20:09:27.997+0000] {taskinstance.py:1300} INFO - Executing <Task(PythonOperator): continuous_producer_consumer> on 2025-09-03 20:00:00+00:00
[2025-09-03T20:09:27.999+0000] {standard_task_runner.py:55} INFO - Started process 215 to run task
[2025-09-03T20:09:28.001+0000] {standard_task_runner.py:82} INFO - Running: ['***', 'tasks', 'run', 'continuous_streaming_consumer', 'continuous_producer_consumer', 'scheduled__2025-09-03T20:00:00+00:00', '--job-id', '2', '--raw', '--subdir', 'DAGS_FOLDER/dag_continuous_consumer.py', '--cfg-path', '/tmp/tmp3kww07js']
[2025-09-03T20:09:28.002+0000] {standard_task_runner.py:83} INFO - Job 2: Subtask continuous_producer_consumer
[2025-09-03T20:09:28.013+0000] {logging_mixin.py:137} WARNING - /usr/local/lib/python3.9/site-packages/***/settings.py:249 DeprecationWarning: The sql_alchemy_conn option in [core] has been moved to the sql_alchemy_conn option in [database] - the old setting has been used, but please update your config.
[2025-09-03T20:09:28.027+0000] {logging_mixin.py:137} WARNING - /usr/local/lib/python3.9/site-packages/***/utils/sqlalchemy.py:124 DeprecationWarning: The sql_alchemy_conn option in [core] has been moved to the sql_alchemy_conn option in [database] - the old setting has been used, but please update your config.
[2025-09-03T20:09:28.045+0000] {task_command.py:388} INFO - Running <TaskInstance: continuous_streaming_consumer.continuous_producer_consumer scheduled__2025-09-03T20:00:00+00:00 [running]> on host 15e5c1330dfb
[2025-09-03T20:09:28.088+0000] {taskinstance.py:1507} INFO - Exporting the following env vars:
AIRFLOW_CTX_DAG_OWNER=Klaus_Rezende
AIRFLOW_CTX_DAG_ID=continuous_streaming_consumer
AIRFLOW_CTX_TASK_ID=continuous_producer_consumer
AIRFLOW_CTX_EXECUTION_DATE=2025-09-03T20:00:00+00:00
AIRFLOW_CTX_TRY_NUMBER=1
AIRFLOW_CTX_DAG_RUN_ID=scheduled__2025-09-03T20:00:00+00:00
[2025-09-03T20:09:28.117+0000] {conn.py:380} INFO - <BrokerConnection node_id=bootstrap-0 host=kafka:29092 <connecting> [IPv4 ('172.16.240.5', 29092)]>: connecting to kafka:29092 [('172.16.240.5', 29092) IPv4]
[2025-09-03T20:09:28.117+0000] {conn.py:1205} INFO - Probing node bootstrap-0 broker version
[2025-09-03T20:09:28.118+0000] {conn.py:410} INFO - <BrokerConnection node_id=bootstrap-0 host=kafka:29092 <connecting> [IPv4 ('172.16.240.5', 29092)]>: Connection complete.
[2025-09-03T20:09:28.128+0000] {conn.py:380} INFO - <BrokerConnection node_id=bootstrap-0 host=kafka:29092 <connecting> [IPv4 ('172.16.240.5', 29092)]>: connecting to kafka:29092 [('172.16.240.5', 29092) IPv4]
[2025-09-03T20:09:28.129+0000] {conn.py:1205} INFO - Probing node bootstrap-0 broker version
[2025-09-03T20:09:28.129+0000] {conn.py:410} INFO - <BrokerConnection node_id=bootstrap-0 host=kafka:29092 <connecting> [IPv4 ('172.16.240.5', 29092)]>: Connection complete.
[2025-09-03T20:09:28.220+0000] {conn.py:1267} INFO - Broker version identified as 2.5.0
[2025-09-03T20:09:28.220+0000] {conn.py:1268} INFO - Set configuration api_version=(2, 5, 0) to skip auto check_version requests on startup
[2025-09-03T20:09:28.230+0000] {conn.py:1267} INFO - Broker version identified as 2.5.0
[2025-09-03T20:09:28.230+0000] {conn.py:1268} INFO - Set configuration api_version=(2, 5, 0) to skip auto check_version requests on startup
[2025-09-03T20:09:28.231+0000] {consumer.py:118} WARNING - group_id is None: disabling auto-commit.
[2025-09-03T20:09:28.231+0000] {subscription_state.py:171} INFO - Updating subscribed topics to: ('streaming_data',)
[2025-09-03T20:09:28.360+0000] {subscription_state.py:257} INFO - Updated partition assignment: [('streaming_data', 0)]
[2025-09-03T20:09:28.362+0000] {conn.py:380} INFO - <BrokerConnection node_id=1 host=kafka:29092 <connecting> [IPv4 ('172.16.240.5', 29092)]>: connecting to kafka:29092 [('172.16.240.5', 29092) IPv4]
[2025-09-03T20:09:28.362+0000] {conn.py:410} INFO - <BrokerConnection node_id=1 host=kafka:29092 <connecting> [IPv4 ('172.16.240.5', 29092)]>: Connection complete.
[2025-09-03T20:09:28.362+0000] {conn.py:919} INFO - <BrokerConnection node_id=bootstrap-0 host=kafka:29092 <connected> [IPv4 ('172.16.240.5', 29092)]>: Closing connection. 
[2025-09-03T20:09:28.376+0000] {conn.py:380} INFO - <BrokerConnection node_id=1 host=kafka:29092 <connecting> [IPv4 ('172.16.240.5', 29092)]>: connecting to kafka:29092 [('172.16.240.5', 29092) IPv4]
[2025-09-03T20:09:28.376+0000] {conn.py:410} INFO - <BrokerConnection node_id=1 host=kafka:29092 <connecting> [IPv4 ('172.16.240.5', 29092)]>: Connection complete.
[2025-09-03T20:09:28.376+0000] {conn.py:919} INFO - <BrokerConnection node_id=bootstrap-0 host=kafka:29092 <connected> [IPv4 ('172.16.240.5', 29092)]>: Closing connection. 
[2025-09-03T20:09:28.378+0000] {logging_mixin.py:137} INFO - Produced: sunt aut facere repellat provi...
[2025-09-03T20:09:38.485+0000] {logging_mixin.py:137} INFO - Produced: sunt aut facere repellat provi...
[2025-09-03T20:09:38.493+0000] {logging_mixin.py:137} INFO - Consumed: sunt aut facere repellat provi...
[2025-09-03T20:09:48.586+0000] {logging_mixin.py:137} INFO - Produced: sunt aut facere repellat provi...
[2025-09-03T20:09:48.594+0000] {logging_mixin.py:137} INFO - Consumed: sunt aut facere repellat provi...
[2025-09-03T20:09:58.689+0000] {logging_mixin.py:137} INFO - Produced: sunt aut facere repellat provi...
[2025-09-03T20:10:08.785+0000] {logging_mixin.py:137} INFO - Produced: sunt aut facere repellat provi...
[2025-09-03T20:11:09.494+0000] {logging_mixin.py:137} INFO - Produced: sunt aut facere repellat provi...
[2025-09-03T20:11:19.593+0000] {logging_mixin.py:137} INFO - Produced: sunt aut facere repellat provi...
[2025-09-03T20:10:39.063+0000] {logging_mixin.py:137} INFO - Produced: sunt aut facere repellat provi...
[2025-09-03T20:10:49.166+0000] {logging_mixin.py:137} INFO - Produced: sunt aut facere repellat provi...
[2025-09-03T20:10:59.268+0000] {logging_mixin.py:137} INFO - Produced: sunt aut facere repellat provi...
[2025-09-03T20:11:09.364+0000] {logging_mixin.py:137} INFO - Produced: sunt aut facere repellat provi...
[2025-09-03T20:11:19.465+0000] {logging_mixin.py:137} INFO - Produced: sunt aut facere repellat provi...
[2025-09-03T20:11:29.558+0000] {logging_mixin.py:137} INFO - Produced: sunt aut facere repellat provi...
[2025-09-03T20:11:39.674+0000] {logging_mixin.py:137} INFO - Produced: sunt aut facere repellat provi...
[2025-09-03T20:12:40.367+0000] {logging_mixin.py:137} INFO - Produced: sunt aut facere repellat provi...
[2025-09-03T20:12:50.465+0000] {logging_mixin.py:137} INFO - Produced: sunt aut facere repellat provi...
[2025-09-03T20:13:00.570+0000] {logging_mixin.py:137} INFO - Produced: sunt aut facere repellat provi...
[2025-09-03T20:12:20.066+0000] {logging_mixin.py:137} INFO - Produced: sunt aut facere repellat provi...
[2025-09-03T20:12:30.148+0000] {logging_mixin.py:137} INFO - Produced: sunt aut facere repellat provi...
[2025-09-03T20:12:40.251+0000] {logging_mixin.py:137} INFO - Produced: sunt aut facere repellat provi...
[2025-09-03T20:12:50.350+0000] {logging_mixin.py:137} INFO - Produced: sunt aut facere repellat provi...
[2025-09-03T20:13:00.448+0000] {logging_mixin.py:137} INFO - Produced: sunt aut facere repellat provi...
[2025-09-03T20:13:10.539+0000] {logging_mixin.py:137} INFO - Produced: sunt aut facere repellat provi...
[2025-09-03T20:14:11.241+0000] {logging_mixin.py:137} INFO - Produced: sunt aut facere repellat provi...
[2025-09-03T20:13:30.733+0000] {logging_mixin.py:137} INFO - Produced: sunt aut facere repellat provi...
[2025-09-03T20:13:40.823+0000] {logging_mixin.py:137} INFO - Produced: sunt aut facere repellat provi...
[2025-09-03T20:13:50.929+0000] {logging_mixin.py:137} INFO - Produced: sunt aut facere repellat provi...
[2025-09-03T20:14:01.036+0000] {logging_mixin.py:137} INFO - Produced: sunt aut facere repellat provi...
[2025-09-03T20:15:01.731+0000] {logging_mixin.py:137} INFO - Produced: sunt aut facere repellat provi...
[2025-09-03T20:15:11.832+0000] {logging_mixin.py:137} INFO - Produced: sunt aut facere repellat provi...
[2025-09-03T20:14:28.202+0000] {logging_mixin.py:137} INFO - Continuous task completed - will restart automatically
[2025-09-03T20:14:28.202+0000] {python.py:177} INFO - Done. Returned value was: None
[2025-09-03T20:14:28.210+0000] {taskinstance.py:1318} INFO - Marking task as SUCCESS. dag_id=continuous_streaming_consumer, task_id=continuous_producer_consumer, execution_date=20250903T200000, start_date=20250903T200927, end_date=20250903T201428
[2025-09-03T20:15:16.663+0000] {local_task_job.py:208} INFO - Task exited with return code 0
[2025-09-03T20:15:16.673+0000] {taskinstance.py:2578} INFO - 0 downstream tasks scheduled from follow-on schedule check
