[2025-09-03T21:54:01.334+0000] {taskinstance.py:1083} INFO - Dependencies all met for <TaskInstance: continuous_streaming_consumer.continuous_producer_consumer scheduled__2025-09-03T21:51:00+00:00 [queued]>
[2025-09-03T21:54:01.340+0000] {taskinstance.py:1083} INFO - Dependencies all met for <TaskInstance: continuous_streaming_consumer.continuous_producer_consumer scheduled__2025-09-03T21:51:00+00:00 [queued]>
[2025-09-03T21:54:01.340+0000] {taskinstance.py:1279} INFO - 
--------------------------------------------------------------------------------
[2025-09-03T21:54:01.340+0000] {taskinstance.py:1280} INFO - Starting attempt 1 of 1000
[2025-09-03T21:54:01.340+0000] {taskinstance.py:1281} INFO - 
--------------------------------------------------------------------------------
[2025-09-03T21:54:01.347+0000] {taskinstance.py:1300} INFO - Executing <Task(PythonOperator): continuous_producer_consumer> on 2025-09-03 21:51:00+00:00
[2025-09-03T21:54:01.349+0000] {standard_task_runner.py:55} INFO - Started process 514 to run task
[2025-09-03T21:54:01.351+0000] {standard_task_runner.py:82} INFO - Running: ['***', 'tasks', 'run', 'continuous_streaming_consumer', 'continuous_producer_consumer', 'scheduled__2025-09-03T21:51:00+00:00', '--job-id', '5', '--raw', '--subdir', 'DAGS_FOLDER/dag_continuous_consumer.py', '--cfg-path', '/tmp/tmpqyo5o6g4']
[2025-09-03T21:54:01.352+0000] {standard_task_runner.py:83} INFO - Job 5: Subtask continuous_producer_consumer
[2025-09-03T21:54:01.363+0000] {logging_mixin.py:137} WARNING - /usr/local/lib/python3.9/site-packages/***/settings.py:249 DeprecationWarning: The sql_alchemy_conn option in [core] has been moved to the sql_alchemy_conn option in [database] - the old setting has been used, but please update your config.
[2025-09-03T21:54:01.378+0000] {logging_mixin.py:137} WARNING - /usr/local/lib/python3.9/site-packages/***/utils/sqlalchemy.py:124 DeprecationWarning: The sql_alchemy_conn option in [core] has been moved to the sql_alchemy_conn option in [database] - the old setting has been used, but please update your config.
[2025-09-03T21:54:01.399+0000] {task_command.py:388} INFO - Running <TaskInstance: continuous_streaming_consumer.continuous_producer_consumer scheduled__2025-09-03T21:51:00+00:00 [running]> on host 16d99b450999
[2025-09-03T21:54:01.446+0000] {taskinstance.py:1507} INFO - Exporting the following env vars:
AIRFLOW_CTX_DAG_OWNER=Klaus_Rezende
AIRFLOW_CTX_DAG_ID=continuous_streaming_consumer
AIRFLOW_CTX_TASK_ID=continuous_producer_consumer
AIRFLOW_CTX_EXECUTION_DATE=2025-09-03T21:51:00+00:00
AIRFLOW_CTX_TRY_NUMBER=1
AIRFLOW_CTX_DAG_RUN_ID=scheduled__2025-09-03T21:51:00+00:00
[2025-09-03T21:54:01.450+0000] {conn.py:380} INFO - <BrokerConnection node_id=bootstrap-0 host=kafka:29092 <connecting> [IPv4 ('172.16.240.7', 29092)]>: connecting to kafka:29092 [('172.16.240.7', 29092) IPv4]
[2025-09-03T21:54:01.451+0000] {conn.py:1205} INFO - Probing node bootstrap-0 broker version
[2025-09-03T21:54:01.451+0000] {conn.py:410} INFO - <BrokerConnection node_id=bootstrap-0 host=kafka:29092 <connecting> [IPv4 ('172.16.240.7', 29092)]>: Connection complete.
[2025-09-03T21:54:01.455+0000] {conn.py:380} INFO - <BrokerConnection node_id=bootstrap-0 host=kafka:29092 <connecting> [IPv4 ('172.16.240.7', 29092)]>: connecting to kafka:29092 [('172.16.240.7', 29092) IPv4]
[2025-09-03T21:54:01.455+0000] {conn.py:1205} INFO - Probing node bootstrap-0 broker version
[2025-09-03T21:54:01.455+0000] {conn.py:410} INFO - <BrokerConnection node_id=bootstrap-0 host=kafka:29092 <connecting> [IPv4 ('172.16.240.7', 29092)]>: Connection complete.
[2025-09-03T21:54:01.553+0000] {conn.py:1267} INFO - Broker version identified as 2.5.0
[2025-09-03T21:54:01.553+0000] {conn.py:1268} INFO - Set configuration api_version=(2, 5, 0) to skip auto check_version requests on startup
[2025-09-03T21:54:01.558+0000] {conn.py:1267} INFO - Broker version identified as 2.5.0
[2025-09-03T21:54:01.558+0000] {conn.py:1268} INFO - Set configuration api_version=(2, 5, 0) to skip auto check_version requests on startup
[2025-09-03T21:54:01.558+0000] {consumer.py:118} WARNING - group_id is None: disabling auto-commit.
[2025-09-03T21:54:01.559+0000] {subscription_state.py:171} INFO - Updating subscribed topics to: ('streaming_data',)
[2025-09-03T21:54:01.560+0000] {subscription_state.py:257} INFO - Updated partition assignment: [('streaming_data', 0), ('streaming_data', 1), ('streaming_data', 2)]
[2025-09-03T21:54:01.560+0000] {conn.py:380} INFO - <BrokerConnection node_id=1 host=kafka:29092 <connecting> [IPv4 ('172.16.240.7', 29092)]>: connecting to kafka:29092 [('172.16.240.7', 29092) IPv4]
[2025-09-03T21:54:01.560+0000] {conn.py:410} INFO - <BrokerConnection node_id=1 host=kafka:29092 <connecting> [IPv4 ('172.16.240.7', 29092)]>: Connection complete.
[2025-09-03T21:54:01.561+0000] {conn.py:919} INFO - <BrokerConnection node_id=bootstrap-0 host=kafka:29092 <connected> [IPv4 ('172.16.240.7', 29092)]>: Closing connection. 
[2025-09-03T21:54:01.646+0000] {conn.py:380} INFO - <BrokerConnection node_id=1 host=kafka:29092 <connecting> [IPv4 ('172.16.240.7', 29092)]>: connecting to kafka:29092 [('172.16.240.7', 29092) IPv4]
[2025-09-03T21:54:01.647+0000] {conn.py:410} INFO - <BrokerConnection node_id=1 host=kafka:29092 <connecting> [IPv4 ('172.16.240.7', 29092)]>: Connection complete.
[2025-09-03T21:54:01.647+0000] {conn.py:919} INFO - <BrokerConnection node_id=bootstrap-0 host=kafka:29092 <connected> [IPv4 ('172.16.240.7', 29092)]>: Closing connection. 
[2025-09-03T21:54:01.649+0000] {logging_mixin.py:137} INFO - Produced post 1: sunt aut facere repellat provi...
[2025-09-03T21:54:11.657+0000] {logging_mixin.py:137} INFO - Produced post 2: qui est esse...
[2025-09-03T21:54:11.662+0000] {logging_mixin.py:137} INFO - Consumed from partition 0, key 1: qui est esse...
[2025-09-03T21:54:21.681+0000] {logging_mixin.py:137} INFO - Produced post 3: ea molestias quasi exercitatio...
[2025-09-03T21:54:21.683+0000] {logging_mixin.py:137} INFO - Consumed from partition 0, key 1: ea molestias quasi exercitatio...
[2025-09-03T21:54:31.688+0000] {logging_mixin.py:137} INFO - Produced post 4: eum et est occaecati...
[2025-09-03T21:54:31.690+0000] {logging_mixin.py:137} INFO - Consumed from partition 0, key 1: eum et est occaecati...
[2025-09-03T21:54:41.697+0000] {logging_mixin.py:137} INFO - Produced post 5: nesciunt quas odio...
[2025-09-03T21:54:41.701+0000] {logging_mixin.py:137} INFO - Consumed from partition 0, key 1: nesciunt quas odio...
[2025-09-03T21:54:51.712+0000] {logging_mixin.py:137} INFO - Produced post 6: dolorem eum magni eos aperiam ...
[2025-09-03T21:54:51.714+0000] {logging_mixin.py:137} INFO - Consumed from partition 0, key 1: dolorem eum magni eos aperiam ...
[2025-09-03T21:55:01.721+0000] {logging_mixin.py:137} INFO - Produced post 7: magnam facilis autem...
[2025-09-03T21:55:01.723+0000] {logging_mixin.py:137} INFO - Consumed from partition 0, key 1: magnam facilis autem...
[2025-09-03T21:55:11.728+0000] {logging_mixin.py:137} INFO - Produced post 8: dolorem dolore est ipsam...
[2025-09-03T21:55:11.730+0000] {logging_mixin.py:137} INFO - Consumed from partition 0, key 1: dolorem dolore est ipsam...
[2025-09-03T21:55:21.732+0000] {logging_mixin.py:137} INFO - Produced post 9: nesciunt iure omnis dolorem te...
[2025-09-03T21:55:21.735+0000] {logging_mixin.py:137} INFO - Consumed from partition 0, key 1: nesciunt iure omnis dolorem te...
[2025-09-03T21:55:31.747+0000] {logging_mixin.py:137} INFO - Produced post 10: optio molestias id quia eum...
[2025-09-03T21:55:31.752+0000] {logging_mixin.py:137} INFO - Consumed from partition 0, key 1: optio molestias id quia eum...
[2025-09-03T21:55:41.770+0000] {logging_mixin.py:137} INFO - Produced post 11: et ea vero quia laudantium aut...
[2025-09-03T21:55:41.772+0000] {logging_mixin.py:137} INFO - Consumed from partition 2, key 2: et ea vero quia laudantium aut...
[2025-09-03T21:55:51.745+0000] {logging_mixin.py:137} INFO - Produced post 12: in quibusdam tempore odit est ...
[2025-09-03T21:55:51.750+0000] {logging_mixin.py:137} INFO - Consumed from partition 2, key 2: in quibusdam tempore odit est ...
[2025-09-03T21:56:01.750+0000] {logging_mixin.py:137} INFO - Produced post 13: dolorum ut in voluptas molliti...
[2025-09-03T21:56:01.754+0000] {logging_mixin.py:137} INFO - Consumed from partition 2, key 2: dolorum ut in voluptas molliti...
[2025-09-03T21:56:11.761+0000] {logging_mixin.py:137} INFO - Produced post 14: voluptatem eligendi optio...
[2025-09-03T21:56:11.766+0000] {logging_mixin.py:137} INFO - Consumed from partition 2, key 2: voluptatem eligendi optio...
[2025-09-03T21:56:14.618+0000] {logging_mixin.py:137} INFO - Consumed from partition 0, key 1: sunt aut facere repellat provi...
[2025-09-03T21:56:21.775+0000] {logging_mixin.py:137} INFO - Produced post 15: eveniet quod temporibus...
[2025-09-03T21:56:21.779+0000] {logging_mixin.py:137} INFO - Consumed from partition 2, key 2: eveniet quod temporibus...
[2025-09-03T21:56:24.633+0000] {logging_mixin.py:137} INFO - Consumed from partition 0, key 1: qui est esse...
[2025-09-03T21:56:31.779+0000] {logging_mixin.py:137} INFO - Produced post 16: sint suscipit perspiciatis vel...
[2025-09-03T21:56:41.786+0000] {logging_mixin.py:137} INFO - Produced post 17: fugit voluptas sed molestias v...
[2025-09-03T21:56:51.798+0000] {logging_mixin.py:137} INFO - Produced post 18: voluptate et itaque vero tempo...
[2025-09-03T21:57:01.479+0000] {logging_mixin.py:137} INFO - Continuous task completed - will restart automatically
[2025-09-03T21:57:01.479+0000] {python.py:177} INFO - Done. Returned value was: None
[2025-09-03T21:57:01.486+0000] {taskinstance.py:1318} INFO - Marking task as SUCCESS. dag_id=continuous_streaming_consumer, task_id=continuous_producer_consumer, execution_date=20250903T215100, start_date=20250903T215401, end_date=20250903T215701
[2025-09-03T21:57:01.511+0000] {local_task_job.py:208} INFO - Task exited with return code 0
[2025-09-03T21:57:01.523+0000] {taskinstance.py:2578} INFO - 1 downstream tasks scheduled from follow-on schedule check
