[2025-09-03T14:25:09.252+0000] {taskinstance.py:1083} INFO - Dependencies all met for <TaskInstance: institution_detail_pipeline.bronze_empregados scheduled__2025-09-02T09:00:00+00:00 [queued]>
[2025-09-03T14:25:09.260+0000] {taskinstance.py:1083} INFO - Dependencies all met for <TaskInstance: institution_detail_pipeline.bronze_empregados scheduled__2025-09-02T09:00:00+00:00 [queued]>
[2025-09-03T14:25:09.260+0000] {taskinstance.py:1279} INFO - 
--------------------------------------------------------------------------------
[2025-09-03T14:25:09.260+0000] {taskinstance.py:1280} INFO - Starting attempt 1 of 1
[2025-09-03T14:25:09.260+0000] {taskinstance.py:1281} INFO - 
--------------------------------------------------------------------------------
[2025-09-03T14:25:09.268+0000] {taskinstance.py:1300} INFO - Executing <Task(BashOperator): bronze_empregados> on 2025-09-02 09:00:00+00:00
[2025-09-03T14:25:09.272+0000] {standard_task_runner.py:55} INFO - Started process 213 to run task
[2025-09-03T14:25:09.275+0000] {standard_task_runner.py:82} INFO - Running: ['***', 'tasks', 'run', 'institution_detail_pipeline', 'bronze_empregados', 'scheduled__2025-09-02T09:00:00+00:00', '--job-id', '15', '--raw', '--subdir', 'DAGS_FOLDER/dag_institution.py', '--cfg-path', '/tmp/tmp3t4nonym']
[2025-09-03T14:25:09.277+0000] {standard_task_runner.py:83} INFO - Job 15: Subtask bronze_empregados
[2025-09-03T14:25:09.292+0000] {logging_mixin.py:137} WARNING - /usr/local/lib/python3.9/site-packages/***/settings.py:249 DeprecationWarning: The sql_alchemy_conn option in [core] has been moved to the sql_alchemy_conn option in [database] - the old setting has been used, but please update your config.
[2025-09-03T14:25:09.310+0000] {logging_mixin.py:137} WARNING - /usr/local/lib/python3.9/site-packages/***/utils/sqlalchemy.py:124 DeprecationWarning: The sql_alchemy_conn option in [core] has been moved to the sql_alchemy_conn option in [database] - the old setting has been used, but please update your config.
[2025-09-03T14:25:09.342+0000] {task_command.py:388} INFO - Running <TaskInstance: institution_detail_pipeline.bronze_empregados scheduled__2025-09-02T09:00:00+00:00 [running]> on host 56e79e5a4e8c
[2025-09-03T14:25:09.412+0000] {taskinstance.py:1507} INFO - Exporting the following env vars:
AIRFLOW_CTX_DAG_OWNER=Klaus_Rezende
AIRFLOW_CTX_DAG_ID=institution_detail_pipeline
AIRFLOW_CTX_TASK_ID=bronze_empregados
AIRFLOW_CTX_EXECUTION_DATE=2025-09-02T09:00:00+00:00
AIRFLOW_CTX_TRY_NUMBER=1
AIRFLOW_CTX_DAG_RUN_ID=scheduled__2025-09-02T09:00:00+00:00
[2025-09-03T14:25:09.413+0000] {subprocess.py:63} INFO - Tmp dir root location: 
 /tmp
[2025-09-03T14:25:09.414+0000] {subprocess.py:75} INFO - Running command: ['/usr/bin/bash', '-c', 'python3 /opt/***/scripts/bronze/tb_bz_empregados.py']
[2025-09-03T14:25:09.421+0000] {subprocess.py:86} INFO - Output:
[2025-09-03T14:24:21.147+0000] {subprocess.py:93} INFO - 25/09/03 14:24:21 WARN NativeCodeLoader: Unable to load native-hadoop library for your platform... using builtin-java classes where applicable
[2025-09-03T14:24:21.400+0000] {subprocess.py:93} INFO - Setting default log level to "WARN".
[2025-09-03T14:24:21.401+0000] {subprocess.py:93} INFO - To adjust logging level use sc.setLogLevel(newLevel). For SparkR, use setLogLevel(newLevel).
[2025-09-03T14:24:22.254+0000] {subprocess.py:93} INFO - 25/09/03 14:24:22 WARN Utils: Service 'SparkUI' could not bind on port 4040. Attempting port 4041.
