[2025-09-04T01:03:01.416+0000] {taskinstance.py:1083} INFO - Dependencies all met for <TaskInstance: continuous_streaming_consumer.continuous_producer_consumer scheduled__2025-09-04T01:00:00+00:00 [queued]>
[2025-09-04T01:03:01.422+0000] {taskinstance.py:1083} INFO - Dependencies all met for <TaskInstance: continuous_streaming_consumer.continuous_producer_consumer scheduled__2025-09-04T01:00:00+00:00 [queued]>
[2025-09-04T01:03:01.422+0000] {taskinstance.py:1279} INFO - 
--------------------------------------------------------------------------------
[2025-09-04T01:03:01.422+0000] {taskinstance.py:1280} INFO - Starting attempt 1 of 1000
[2025-09-04T01:03:01.422+0000] {taskinstance.py:1281} INFO - 
--------------------------------------------------------------------------------
[2025-09-04T01:03:01.429+0000] {taskinstance.py:1300} INFO - Executing <Task(PythonOperator): continuous_producer_consumer> on 2025-09-04 01:00:00+00:00
[2025-09-04T01:03:01.431+0000] {standard_task_runner.py:55} INFO - Started process 515 to run task
[2025-09-04T01:03:01.433+0000] {standard_task_runner.py:82} INFO - Running: ['***', 'tasks', 'run', 'continuous_streaming_consumer', 'continuous_producer_consumer', 'scheduled__2025-09-04T01:00:00+00:00', '--job-id', '6', '--raw', '--subdir', 'DAGS_FOLDER/dag_continuous_consumer.py', '--cfg-path', '/tmp/tmpv6l476g4']
[2025-09-04T01:03:01.434+0000] {standard_task_runner.py:83} INFO - Job 6: Subtask continuous_producer_consumer
[2025-09-04T01:03:01.445+0000] {logging_mixin.py:137} WARNING - /usr/local/lib/python3.9/site-packages/***/settings.py:249 DeprecationWarning: The sql_alchemy_conn option in [core] has been moved to the sql_alchemy_conn option in [database] - the old setting has been used, but please update your config.
[2025-09-04T01:03:01.459+0000] {logging_mixin.py:137} WARNING - /usr/local/lib/python3.9/site-packages/***/utils/sqlalchemy.py:124 DeprecationWarning: The sql_alchemy_conn option in [core] has been moved to the sql_alchemy_conn option in [database] - the old setting has been used, but please update your config.
[2025-09-04T01:03:01.481+0000] {task_command.py:388} INFO - Running <TaskInstance: continuous_streaming_consumer.continuous_producer_consumer scheduled__2025-09-04T01:00:00+00:00 [running]> on host a9c36e7e0f71
[2025-09-04T01:03:01.524+0000] {taskinstance.py:1507} INFO - Exporting the following env vars:
AIRFLOW_CTX_DAG_OWNER=Klaus_Rezende
AIRFLOW_CTX_DAG_ID=continuous_streaming_consumer
AIRFLOW_CTX_TASK_ID=continuous_producer_consumer
AIRFLOW_CTX_EXECUTION_DATE=2025-09-04T01:00:00+00:00
AIRFLOW_CTX_TRY_NUMBER=1
AIRFLOW_CTX_DAG_RUN_ID=scheduled__2025-09-04T01:00:00+00:00
[2025-09-04T01:03:01.529+0000] {conn.py:380} INFO - <BrokerConnection node_id=bootstrap-0 host=kafka:29092 <connecting> [IPv4 ('172.16.240.5', 29092)]>: connecting to kafka:29092 [('172.16.240.5', 29092) IPv4]
[2025-09-04T01:03:01.529+0000] {conn.py:1205} INFO - Probing node bootstrap-0 broker version
[2025-09-04T01:03:01.529+0000] {conn.py:410} INFO - <BrokerConnection node_id=bootstrap-0 host=kafka:29092 <connecting> [IPv4 ('172.16.240.5', 29092)]>: Connection complete.
[2025-09-04T01:03:01.532+0000] {conn.py:380} INFO - <BrokerConnection node_id=bootstrap-0 host=kafka:29092 <connecting> [IPv4 ('172.16.240.5', 29092)]>: connecting to kafka:29092 [('172.16.240.5', 29092) IPv4]
[2025-09-04T01:03:01.532+0000] {conn.py:1205} INFO - Probing node bootstrap-0 broker version
[2025-09-04T01:03:01.532+0000] {conn.py:410} INFO - <BrokerConnection node_id=bootstrap-0 host=kafka:29092 <connecting> [IPv4 ('172.16.240.5', 29092)]>: Connection complete.
[2025-09-04T01:03:01.631+0000] {conn.py:1267} INFO - Broker version identified as 2.5.0
[2025-09-04T01:03:01.631+0000] {conn.py:1268} INFO - Set configuration api_version=(2, 5, 0) to skip auto check_version requests on startup
[2025-09-04T01:03:01.636+0000] {conn.py:1267} INFO - Broker version identified as 2.5.0
[2025-09-04T01:03:01.636+0000] {conn.py:1268} INFO - Set configuration api_version=(2, 5, 0) to skip auto check_version requests on startup
[2025-09-04T01:03:01.636+0000] {consumer.py:118} WARNING - group_id is None: disabling auto-commit.
[2025-09-04T01:03:01.637+0000] {subscription_state.py:171} INFO - Updating subscribed topics to: ('streaming_data',)
[2025-09-04T01:03:01.637+0000] {subscription_state.py:257} INFO - Updated partition assignment: [('streaming_data', 0), ('streaming_data', 1), ('streaming_data', 2)]
[2025-09-04T01:03:01.638+0000] {conn.py:380} INFO - <BrokerConnection node_id=1 host=kafka:29092 <connecting> [IPv4 ('172.16.240.5', 29092)]>: connecting to kafka:29092 [('172.16.240.5', 29092) IPv4]
[2025-09-04T01:03:01.638+0000] {conn.py:410} INFO - <BrokerConnection node_id=1 host=kafka:29092 <connecting> [IPv4 ('172.16.240.5', 29092)]>: Connection complete.
[2025-09-04T01:03:01.639+0000] {conn.py:919} INFO - <BrokerConnection node_id=bootstrap-0 host=kafka:29092 <connected> [IPv4 ('172.16.240.5', 29092)]>: Closing connection. 
[2025-09-04T01:03:01.726+0000] {conn.py:380} INFO - <BrokerConnection node_id=1 host=kafka:29092 <connecting> [IPv4 ('172.16.240.5', 29092)]>: connecting to kafka:29092 [('172.16.240.5', 29092) IPv4]
[2025-09-04T01:03:01.726+0000] {conn.py:410} INFO - <BrokerConnection node_id=1 host=kafka:29092 <connecting> [IPv4 ('172.16.240.5', 29092)]>: Connection complete.
[2025-09-04T01:03:01.726+0000] {conn.py:919} INFO - <BrokerConnection node_id=bootstrap-0 host=kafka:29092 <connected> [IPv4 ('172.16.240.5', 29092)]>: Closing connection. 
[2025-09-04T01:03:01.728+0000] {logging_mixin.py:137} INFO - Produced post 1: sunt aut facere repellat provi...
[2025-09-04T01:03:11.740+0000] {logging_mixin.py:137} INFO - Produced post 2: qui est esse...
[2025-09-04T01:03:11.745+0000] {logging_mixin.py:137} INFO - Consumed from partition 0, key 1: qui est esse...
[2025-09-04T01:03:21.753+0000] {logging_mixin.py:137} INFO - Produced post 3: ea molestias quasi exercitatio...
[2025-09-04T01:03:21.755+0000] {logging_mixin.py:137} INFO - Consumed from partition 0, key 1: ea molestias quasi exercitatio...
[2025-09-04T01:03:31.766+0000] {logging_mixin.py:137} INFO - Produced post 4: eum et est occaecati...
[2025-09-04T01:03:31.768+0000] {logging_mixin.py:137} INFO - Consumed from partition 0, key 1: eum et est occaecati...
[2025-09-04T01:03:41.776+0000] {logging_mixin.py:137} INFO - Produced post 5: nesciunt quas odio...
[2025-09-04T01:03:41.778+0000] {logging_mixin.py:137} INFO - Consumed from partition 0, key 1: nesciunt quas odio...
[2025-09-04T01:03:51.788+0000] {logging_mixin.py:137} INFO - Produced post 6: dolorem eum magni eos aperiam ...
[2025-09-04T01:03:51.790+0000] {logging_mixin.py:137} INFO - Consumed from partition 0, key 1: dolorem eum magni eos aperiam ...
[2025-09-04T01:04:01.801+0000] {logging_mixin.py:137} INFO - Produced post 7: magnam facilis autem...
[2025-09-04T01:04:01.803+0000] {logging_mixin.py:137} INFO - Consumed from partition 0, key 1: magnam facilis autem...
[2025-09-04T01:04:11.814+0000] {logging_mixin.py:137} INFO - Produced post 8: dolorem dolore est ipsam...
[2025-09-04T01:04:11.817+0000] {logging_mixin.py:137} INFO - Consumed from partition 0, key 1: dolorem dolore est ipsam...
[2025-09-04T01:04:21.816+0000] {logging_mixin.py:137} INFO - Produced post 9: nesciunt iure omnis dolorem te...
[2025-09-04T01:04:21.821+0000] {logging_mixin.py:137} INFO - Consumed from partition 0, key 1: nesciunt iure omnis dolorem te...
[2025-09-04T01:04:31.821+0000] {logging_mixin.py:137} INFO - Produced post 10: optio molestias id quia eum...
[2025-09-04T01:04:31.823+0000] {logging_mixin.py:137} INFO - Consumed from partition 0, key 1: optio molestias id quia eum...
[2025-09-04T01:04:41.825+0000] {logging_mixin.py:137} INFO - Produced post 11: et ea vero quia laudantium aut...
[2025-09-04T01:04:41.827+0000] {logging_mixin.py:137} INFO - Consumed from partition 2, key 2: et ea vero quia laudantium aut...
[2025-09-04T01:04:51.838+0000] {logging_mixin.py:137} INFO - Produced post 12: in quibusdam tempore odit est ...
[2025-09-04T01:04:51.840+0000] {logging_mixin.py:137} INFO - Consumed from partition 2, key 2: in quibusdam tempore odit est ...
[2025-09-04T01:05:01.850+0000] {logging_mixin.py:137} INFO - Produced post 13: dolorum ut in voluptas molliti...
[2025-09-04T01:05:01.853+0000] {logging_mixin.py:137} INFO - Consumed from partition 2, key 2: dolorum ut in voluptas molliti...
[2025-09-04T01:05:11.862+0000] {logging_mixin.py:137} INFO - Produced post 14: voluptatem eligendi optio...
[2025-09-04T01:05:11.866+0000] {logging_mixin.py:137} INFO - Consumed from partition 2, key 2: voluptatem eligendi optio...
[2025-09-04T01:05:21.874+0000] {logging_mixin.py:137} INFO - Produced post 15: eveniet quod temporibus...
[2025-09-04T01:05:21.878+0000] {logging_mixin.py:137} INFO - Consumed from partition 2, key 2: eveniet quod temporibus...
[2025-09-04T01:05:31.887+0000] {logging_mixin.py:137} INFO - Produced post 16: sint suscipit perspiciatis vel...
[2025-09-04T01:05:31.889+0000] {logging_mixin.py:137} INFO - Consumed from partition 2, key 2: sint suscipit perspiciatis vel...
[2025-09-04T01:05:41.896+0000] {logging_mixin.py:137} INFO - Produced post 17: fugit voluptas sed molestias v...
[2025-09-04T01:05:41.900+0000] {logging_mixin.py:137} INFO - Consumed from partition 2, key 2: fugit voluptas sed molestias v...
[2025-09-04T01:05:51.908+0000] {logging_mixin.py:137} INFO - Produced post 18: voluptate et itaque vero tempo...
[2025-09-04T01:05:51.913+0000] {logging_mixin.py:137} INFO - Consumed from partition 2, key 2: voluptate et itaque vero tempo...
[2025-09-04T01:06:01.624+0000] {logging_mixin.py:137} INFO - Continuous task completed - will restart automatically
[2025-09-04T01:06:01.625+0000] {python.py:177} INFO - Done. Returned value was: None
[2025-09-04T01:06:01.633+0000] {taskinstance.py:1318} INFO - Marking task as SUCCESS. dag_id=continuous_streaming_consumer, task_id=continuous_producer_consumer, execution_date=20250904T010000, start_date=20250904T010301, end_date=20250904T010601
[2025-09-04T01:06:01.648+0000] {local_task_job.py:208} INFO - Task exited with return code 0
[2025-09-04T01:06:01.661+0000] {taskinstance.py:2578} INFO - 1 downstream tasks scheduled from follow-on schedule check
