[2025-09-04T00:50:11.254+0000] {processor.py:153} INFO - Started process (PID=232) to work on /opt/airflow/dags/dag_continuous_consumer.py
[2025-09-04T00:50:11.256+0000] {processor.py:743} INFO - Processing file /opt/airflow/dags/dag_continuous_consumer.py for tasks to queue
[2025-09-04T00:50:11.257+0000] {logging_mixin.py:137} INFO - [2025-09-04T00:50:11.257+0000] {dagbag.py:538} INFO - Filling up the DagBag from /opt/airflow/dags/dag_continuous_consumer.py
[2025-09-04T00:50:11.627+0000] {processor.py:753} INFO - DAG(s) dict_keys(['continuous_streaming_consumer']) retrieved from /opt/airflow/dags/dag_continuous_consumer.py
[2025-09-04T00:50:11.757+0000] {logging_mixin.py:137} INFO - [2025-09-04T00:50:11.757+0000] {manager.py:504} INFO - Created Permission View: can delete on DAG:continuous_streaming_consumer
[2025-09-04T00:50:11.767+0000] {logging_mixin.py:137} INFO - [2025-09-04T00:50:11.767+0000] {manager.py:504} INFO - Created Permission View: can edit on DAG:continuous_streaming_consumer
[2025-09-04T00:50:11.775+0000] {logging_mixin.py:137} INFO - [2025-09-04T00:50:11.775+0000] {manager.py:504} INFO - Created Permission View: can read on DAG:continuous_streaming_consumer
[2025-09-04T00:50:11.776+0000] {logging_mixin.py:137} INFO - [2025-09-04T00:50:11.775+0000] {dag.py:2690} INFO - Sync 1 DAGs
[2025-09-04T00:50:11.785+0000] {logging_mixin.py:137} INFO - [2025-09-04T00:50:11.784+0000] {dag.py:2711} INFO - Creating ORM DAG for continuous_streaming_consumer
[2025-09-04T00:50:11.794+0000] {logging_mixin.py:137} INFO - [2025-09-04T00:50:11.794+0000] {dag.py:3437} INFO - Setting next_dagrun for continuous_streaming_consumer to 2025-09-04T00:45:00+00:00, run_after=2025-09-04T00:48:00+00:00
[2025-09-04T00:50:11.807+0000] {processor.py:175} INFO - Processing /opt/airflow/dags/dag_continuous_consumer.py took 0.558 seconds
[2025-09-04T00:50:41.830+0000] {processor.py:153} INFO - Started process (PID=249) to work on /opt/airflow/dags/dag_continuous_consumer.py
[2025-09-04T00:50:41.831+0000] {processor.py:743} INFO - Processing file /opt/airflow/dags/dag_continuous_consumer.py for tasks to queue
[2025-09-04T00:50:41.832+0000] {logging_mixin.py:137} INFO - [2025-09-04T00:50:41.831+0000] {dagbag.py:538} INFO - Filling up the DagBag from /opt/airflow/dags/dag_continuous_consumer.py
[2025-09-04T00:50:41.871+0000] {processor.py:753} INFO - DAG(s) dict_keys(['continuous_streaming_consumer']) retrieved from /opt/airflow/dags/dag_continuous_consumer.py
[2025-09-04T00:50:41.897+0000] {logging_mixin.py:137} INFO - [2025-09-04T00:50:41.897+0000] {dag.py:2690} INFO - Sync 1 DAGs
[2025-09-04T00:50:41.917+0000] {logging_mixin.py:137} INFO - [2025-09-04T00:50:41.917+0000] {dag.py:3437} INFO - Setting next_dagrun for continuous_streaming_consumer to 2025-09-04T00:45:00+00:00, run_after=2025-09-04T00:48:00+00:00
[2025-09-04T00:50:41.935+0000] {processor.py:175} INFO - Processing /opt/airflow/dags/dag_continuous_consumer.py took 0.107 seconds
[2025-09-04T00:51:11.992+0000] {processor.py:153} INFO - Started process (PID=259) to work on /opt/airflow/dags/dag_continuous_consumer.py
[2025-09-04T00:51:11.992+0000] {processor.py:743} INFO - Processing file /opt/airflow/dags/dag_continuous_consumer.py for tasks to queue
[2025-09-04T00:51:11.993+0000] {logging_mixin.py:137} INFO - [2025-09-04T00:51:11.993+0000] {dagbag.py:538} INFO - Filling up the DagBag from /opt/airflow/dags/dag_continuous_consumer.py
[2025-09-04T00:51:12.026+0000] {processor.py:753} INFO - DAG(s) dict_keys(['continuous_streaming_consumer']) retrieved from /opt/airflow/dags/dag_continuous_consumer.py
[2025-09-04T00:51:12.041+0000] {logging_mixin.py:137} INFO - [2025-09-04T00:51:12.041+0000] {dag.py:2690} INFO - Sync 1 DAGs
[2025-09-04T00:51:12.056+0000] {logging_mixin.py:137} INFO - [2025-09-04T00:51:12.056+0000] {dag.py:3437} INFO - Setting next_dagrun for continuous_streaming_consumer to 2025-09-04T00:48:00+00:00, run_after=2025-09-04T00:51:00+00:00
[2025-09-04T00:51:12.068+0000] {processor.py:175} INFO - Processing /opt/airflow/dags/dag_continuous_consumer.py took 0.078 seconds
[2025-09-04T00:51:42.101+0000] {processor.py:153} INFO - Started process (PID=267) to work on /opt/airflow/dags/dag_continuous_consumer.py
[2025-09-04T00:51:42.102+0000] {processor.py:743} INFO - Processing file /opt/airflow/dags/dag_continuous_consumer.py for tasks to queue
[2025-09-04T00:51:42.102+0000] {logging_mixin.py:137} INFO - [2025-09-04T00:51:42.102+0000] {dagbag.py:538} INFO - Filling up the DagBag from /opt/airflow/dags/dag_continuous_consumer.py
[2025-09-04T00:51:42.141+0000] {processor.py:753} INFO - DAG(s) dict_keys(['continuous_streaming_consumer']) retrieved from /opt/airflow/dags/dag_continuous_consumer.py
[2025-09-04T00:51:42.155+0000] {logging_mixin.py:137} INFO - [2025-09-04T00:51:42.155+0000] {dag.py:2690} INFO - Sync 1 DAGs
[2025-09-04T00:51:42.169+0000] {logging_mixin.py:137} INFO - [2025-09-04T00:51:42.169+0000] {dag.py:3437} INFO - Setting next_dagrun for continuous_streaming_consumer to 2025-09-04T00:48:00+00:00, run_after=2025-09-04T00:51:00+00:00
[2025-09-04T00:51:42.182+0000] {processor.py:175} INFO - Processing /opt/airflow/dags/dag_continuous_consumer.py took 0.082 seconds
[2025-09-04T00:52:12.269+0000] {processor.py:153} INFO - Started process (PID=282) to work on /opt/airflow/dags/dag_continuous_consumer.py
[2025-09-04T00:52:12.269+0000] {processor.py:743} INFO - Processing file /opt/airflow/dags/dag_continuous_consumer.py for tasks to queue
[2025-09-04T00:52:12.270+0000] {logging_mixin.py:137} INFO - [2025-09-04T00:52:12.270+0000] {dagbag.py:538} INFO - Filling up the DagBag from /opt/airflow/dags/dag_continuous_consumer.py
[2025-09-04T00:52:12.314+0000] {processor.py:753} INFO - DAG(s) dict_keys(['continuous_streaming_consumer']) retrieved from /opt/airflow/dags/dag_continuous_consumer.py
[2025-09-04T00:52:12.331+0000] {logging_mixin.py:137} INFO - [2025-09-04T00:52:12.331+0000] {dag.py:2690} INFO - Sync 1 DAGs
[2025-09-04T00:52:12.352+0000] {logging_mixin.py:137} INFO - [2025-09-04T00:52:12.352+0000] {dag.py:3437} INFO - Setting next_dagrun for continuous_streaming_consumer to 2025-09-04T00:51:00+00:00, run_after=2025-09-04T00:54:00+00:00
[2025-09-04T00:52:12.366+0000] {processor.py:175} INFO - Processing /opt/airflow/dags/dag_continuous_consumer.py took 0.100 seconds
[2025-09-04T00:52:42.428+0000] {processor.py:153} INFO - Started process (PID=292) to work on /opt/airflow/dags/dag_continuous_consumer.py
[2025-09-04T00:52:42.428+0000] {processor.py:743} INFO - Processing file /opt/airflow/dags/dag_continuous_consumer.py for tasks to queue
[2025-09-04T00:52:42.429+0000] {logging_mixin.py:137} INFO - [2025-09-04T00:52:42.429+0000] {dagbag.py:538} INFO - Filling up the DagBag from /opt/airflow/dags/dag_continuous_consumer.py
[2025-09-04T00:52:42.464+0000] {processor.py:753} INFO - DAG(s) dict_keys(['continuous_streaming_consumer']) retrieved from /opt/airflow/dags/dag_continuous_consumer.py
[2025-09-04T00:52:42.477+0000] {logging_mixin.py:137} INFO - [2025-09-04T00:52:42.477+0000] {dag.py:2690} INFO - Sync 1 DAGs
[2025-09-04T00:52:42.491+0000] {logging_mixin.py:137} INFO - [2025-09-04T00:52:42.491+0000] {dag.py:3437} INFO - Setting next_dagrun for continuous_streaming_consumer to 2025-09-04T00:51:00+00:00, run_after=2025-09-04T00:54:00+00:00
[2025-09-04T00:52:42.504+0000] {processor.py:175} INFO - Processing /opt/airflow/dags/dag_continuous_consumer.py took 0.078 seconds
[2025-09-04T00:53:12.578+0000] {processor.py:153} INFO - Started process (PID=302) to work on /opt/airflow/dags/dag_continuous_consumer.py
[2025-09-04T00:53:12.580+0000] {processor.py:743} INFO - Processing file /opt/airflow/dags/dag_continuous_consumer.py for tasks to queue
[2025-09-04T00:53:12.580+0000] {logging_mixin.py:137} INFO - [2025-09-04T00:53:12.580+0000] {dagbag.py:538} INFO - Filling up the DagBag from /opt/airflow/dags/dag_continuous_consumer.py
[2025-09-04T00:53:12.615+0000] {processor.py:753} INFO - DAG(s) dict_keys(['continuous_streaming_consumer']) retrieved from /opt/airflow/dags/dag_continuous_consumer.py
[2025-09-04T00:53:12.628+0000] {logging_mixin.py:137} INFO - [2025-09-04T00:53:12.628+0000] {dag.py:2690} INFO - Sync 1 DAGs
[2025-09-04T00:53:12.643+0000] {logging_mixin.py:137} INFO - [2025-09-04T00:53:12.642+0000] {dag.py:3437} INFO - Setting next_dagrun for continuous_streaming_consumer to 2025-09-04T00:51:00+00:00, run_after=2025-09-04T00:54:00+00:00
[2025-09-04T00:53:12.655+0000] {processor.py:175} INFO - Processing /opt/airflow/dags/dag_continuous_consumer.py took 0.078 seconds
[2025-09-04T00:53:42.728+0000] {processor.py:153} INFO - Started process (PID=312) to work on /opt/airflow/dags/dag_continuous_consumer.py
[2025-09-04T00:53:42.728+0000] {processor.py:743} INFO - Processing file /opt/airflow/dags/dag_continuous_consumer.py for tasks to queue
[2025-09-04T00:53:42.728+0000] {logging_mixin.py:137} INFO - [2025-09-04T00:53:42.728+0000] {dagbag.py:538} INFO - Filling up the DagBag from /opt/airflow/dags/dag_continuous_consumer.py
[2025-09-04T00:53:42.763+0000] {processor.py:753} INFO - DAG(s) dict_keys(['continuous_streaming_consumer']) retrieved from /opt/airflow/dags/dag_continuous_consumer.py
[2025-09-04T00:53:42.777+0000] {logging_mixin.py:137} INFO - [2025-09-04T00:53:42.777+0000] {dag.py:2690} INFO - Sync 1 DAGs
[2025-09-04T00:53:42.791+0000] {logging_mixin.py:137} INFO - [2025-09-04T00:53:42.791+0000] {dag.py:3437} INFO - Setting next_dagrun for continuous_streaming_consumer to 2025-09-04T00:51:00+00:00, run_after=2025-09-04T00:54:00+00:00
[2025-09-04T00:53:42.804+0000] {processor.py:175} INFO - Processing /opt/airflow/dags/dag_continuous_consumer.py took 0.078 seconds
[2025-09-04T00:54:12.880+0000] {processor.py:153} INFO - Started process (PID=327) to work on /opt/airflow/dags/dag_continuous_consumer.py
[2025-09-04T00:54:12.880+0000] {processor.py:743} INFO - Processing file /opt/airflow/dags/dag_continuous_consumer.py for tasks to queue
[2025-09-04T00:54:12.881+0000] {logging_mixin.py:137} INFO - [2025-09-04T00:54:12.881+0000] {dagbag.py:538} INFO - Filling up the DagBag from /opt/airflow/dags/dag_continuous_consumer.py
[2025-09-04T00:54:12.916+0000] {processor.py:753} INFO - DAG(s) dict_keys(['continuous_streaming_consumer']) retrieved from /opt/airflow/dags/dag_continuous_consumer.py
[2025-09-04T00:54:12.929+0000] {logging_mixin.py:137} INFO - [2025-09-04T00:54:12.929+0000] {dag.py:2690} INFO - Sync 1 DAGs
[2025-09-04T00:54:12.943+0000] {logging_mixin.py:137} INFO - [2025-09-04T00:54:12.943+0000] {dag.py:3437} INFO - Setting next_dagrun for continuous_streaming_consumer to 2025-09-04T00:54:00+00:00, run_after=2025-09-04T00:57:00+00:00
[2025-09-04T00:54:12.953+0000] {processor.py:175} INFO - Processing /opt/airflow/dags/dag_continuous_consumer.py took 0.075 seconds
[2025-09-04T00:54:43.032+0000] {processor.py:153} INFO - Started process (PID=337) to work on /opt/airflow/dags/dag_continuous_consumer.py
[2025-09-04T00:54:43.032+0000] {processor.py:743} INFO - Processing file /opt/airflow/dags/dag_continuous_consumer.py for tasks to queue
[2025-09-04T00:54:43.033+0000] {logging_mixin.py:137} INFO - [2025-09-04T00:54:43.032+0000] {dagbag.py:538} INFO - Filling up the DagBag from /opt/airflow/dags/dag_continuous_consumer.py
[2025-09-04T00:54:43.068+0000] {processor.py:753} INFO - DAG(s) dict_keys(['continuous_streaming_consumer']) retrieved from /opt/airflow/dags/dag_continuous_consumer.py
[2025-09-04T00:54:43.080+0000] {logging_mixin.py:137} INFO - [2025-09-04T00:54:43.080+0000] {dag.py:2690} INFO - Sync 1 DAGs
[2025-09-04T00:54:43.094+0000] {logging_mixin.py:137} INFO - [2025-09-04T00:54:43.094+0000] {dag.py:3437} INFO - Setting next_dagrun for continuous_streaming_consumer to 2025-09-04T00:54:00+00:00, run_after=2025-09-04T00:57:00+00:00
[2025-09-04T00:54:43.105+0000] {processor.py:175} INFO - Processing /opt/airflow/dags/dag_continuous_consumer.py took 0.075 seconds
[2025-09-04T00:55:10.532+0000] {processor.py:153} INFO - Started process (PID=344) to work on /opt/airflow/dags/dag_continuous_consumer.py
[2025-09-04T00:55:10.532+0000] {processor.py:743} INFO - Processing file /opt/airflow/dags/dag_continuous_consumer.py for tasks to queue
[2025-09-04T00:55:10.533+0000] {logging_mixin.py:137} INFO - [2025-09-04T00:55:10.533+0000] {dagbag.py:538} INFO - Filling up the DagBag from /opt/airflow/dags/dag_continuous_consumer.py
[2025-09-04T00:55:10.565+0000] {processor.py:753} INFO - DAG(s) dict_keys(['continuous_streaming_consumer']) retrieved from /opt/airflow/dags/dag_continuous_consumer.py
[2025-09-04T00:55:10.575+0000] {logging_mixin.py:137} INFO - [2025-09-04T00:55:10.575+0000] {dag.py:1318} INFO - Executing dag callback function: <function log_callback_success at 0x7f7c8a40cb80>
[2025-09-04T00:55:10.581+0000] {logging_mixin.py:137} WARNING - /usr/local/lib/python3.9/site-packages/airflow/utils/sqlalchemy.py:124 DeprecationWarning: The sql_alchemy_conn option in [core] has been moved to the sql_alchemy_conn option in [database] - the old setting has been used, but please update your config.
[2025-09-04T00:55:10.587+0000] {logging_mixin.py:137} INFO - DAG continuous_streaming_consumer succeeded at 25-09-03 21:55:10
[2025-09-04T00:55:10.594+0000] {logging_mixin.py:137} INFO - [2025-09-04T00:55:10.594+0000] {dag.py:2690} INFO - Sync 1 DAGs
[2025-09-04T00:55:10.605+0000] {logging_mixin.py:137} INFO - [2025-09-04T00:55:10.605+0000] {dag.py:3437} INFO - Setting next_dagrun for continuous_streaming_consumer to 2025-09-04T00:54:00+00:00, run_after=2025-09-04T00:57:00+00:00
[2025-09-04T00:55:10.616+0000] {processor.py:175} INFO - Processing /opt/airflow/dags/dag_continuous_consumer.py took 0.086 seconds
[2025-09-04T00:55:40.646+0000] {processor.py:153} INFO - Started process (PID=354) to work on /opt/airflow/dags/dag_continuous_consumer.py
[2025-09-04T00:55:40.649+0000] {processor.py:743} INFO - Processing file /opt/airflow/dags/dag_continuous_consumer.py for tasks to queue
[2025-09-04T00:55:40.649+0000] {logging_mixin.py:137} INFO - [2025-09-04T00:55:40.649+0000] {dagbag.py:538} INFO - Filling up the DagBag from /opt/airflow/dags/dag_continuous_consumer.py
[2025-09-04T00:55:40.684+0000] {processor.py:753} INFO - DAG(s) dict_keys(['continuous_streaming_consumer']) retrieved from /opt/airflow/dags/dag_continuous_consumer.py
[2025-09-04T00:55:40.698+0000] {logging_mixin.py:137} INFO - [2025-09-04T00:55:40.698+0000] {dag.py:2690} INFO - Sync 1 DAGs
[2025-09-04T00:55:40.715+0000] {logging_mixin.py:137} INFO - [2025-09-04T00:55:40.715+0000] {dag.py:3437} INFO - Setting next_dagrun for continuous_streaming_consumer to 2025-09-04T00:54:00+00:00, run_after=2025-09-04T00:57:00+00:00
[2025-09-04T00:55:40.727+0000] {processor.py:175} INFO - Processing /opt/airflow/dags/dag_continuous_consumer.py took 0.083 seconds
[2025-09-04T00:56:10.765+0000] {processor.py:153} INFO - Started process (PID=364) to work on /opt/airflow/dags/dag_continuous_consumer.py
[2025-09-04T00:56:10.766+0000] {processor.py:743} INFO - Processing file /opt/airflow/dags/dag_continuous_consumer.py for tasks to queue
[2025-09-04T00:56:10.766+0000] {logging_mixin.py:137} INFO - [2025-09-04T00:56:10.766+0000] {dagbag.py:538} INFO - Filling up the DagBag from /opt/airflow/dags/dag_continuous_consumer.py
[2025-09-04T00:56:10.798+0000] {processor.py:753} INFO - DAG(s) dict_keys(['continuous_streaming_consumer']) retrieved from /opt/airflow/dags/dag_continuous_consumer.py
[2025-09-04T00:56:10.813+0000] {logging_mixin.py:137} INFO - [2025-09-04T00:56:10.813+0000] {dag.py:2690} INFO - Sync 1 DAGs
[2025-09-04T00:56:10.828+0000] {logging_mixin.py:137} INFO - [2025-09-04T00:56:10.828+0000] {dag.py:3437} INFO - Setting next_dagrun for continuous_streaming_consumer to 2025-09-04T00:54:00+00:00, run_after=2025-09-04T00:57:00+00:00
[2025-09-04T00:56:10.838+0000] {processor.py:175} INFO - Processing /opt/airflow/dags/dag_continuous_consumer.py took 0.074 seconds
[2025-09-04T00:56:40.887+0000] {processor.py:153} INFO - Started process (PID=374) to work on /opt/airflow/dags/dag_continuous_consumer.py
[2025-09-04T00:56:40.890+0000] {processor.py:743} INFO - Processing file /opt/airflow/dags/dag_continuous_consumer.py for tasks to queue
[2025-09-04T00:56:40.890+0000] {logging_mixin.py:137} INFO - [2025-09-04T00:56:40.890+0000] {dagbag.py:538} INFO - Filling up the DagBag from /opt/airflow/dags/dag_continuous_consumer.py
[2025-09-04T00:56:40.922+0000] {processor.py:753} INFO - DAG(s) dict_keys(['continuous_streaming_consumer']) retrieved from /opt/airflow/dags/dag_continuous_consumer.py
[2025-09-04T00:56:40.936+0000] {logging_mixin.py:137} INFO - [2025-09-04T00:56:40.936+0000] {dag.py:2690} INFO - Sync 1 DAGs
[2025-09-04T00:56:40.952+0000] {logging_mixin.py:137} INFO - [2025-09-04T00:56:40.952+0000] {dag.py:3437} INFO - Setting next_dagrun for continuous_streaming_consumer to 2025-09-04T00:54:00+00:00, run_after=2025-09-04T00:57:00+00:00
[2025-09-04T00:56:40.962+0000] {processor.py:175} INFO - Processing /opt/airflow/dags/dag_continuous_consumer.py took 0.077 seconds
[2025-09-04T00:57:02.783+0000] {processor.py:153} INFO - Started process (PID=389) to work on /opt/airflow/dags/dag_continuous_consumer.py
[2025-09-04T00:57:02.783+0000] {processor.py:743} INFO - Processing file /opt/airflow/dags/dag_continuous_consumer.py for tasks to queue
[2025-09-04T00:57:02.784+0000] {logging_mixin.py:137} INFO - [2025-09-04T00:57:02.783+0000] {dagbag.py:538} INFO - Filling up the DagBag from /opt/airflow/dags/dag_continuous_consumer.py
[2025-09-04T00:57:02.817+0000] {processor.py:753} INFO - DAG(s) dict_keys(['continuous_streaming_consumer']) retrieved from /opt/airflow/dags/dag_continuous_consumer.py
[2025-09-04T00:57:02.827+0000] {logging_mixin.py:137} INFO - [2025-09-04T00:57:02.827+0000] {dag.py:1318} INFO - Executing dag callback function: <function log_callback_success at 0x7f7c8a40ef70>
[2025-09-04T00:57:02.832+0000] {logging_mixin.py:137} WARNING - /usr/local/lib/python3.9/site-packages/airflow/utils/sqlalchemy.py:124 DeprecationWarning: The sql_alchemy_conn option in [core] has been moved to the sql_alchemy_conn option in [database] - the old setting has been used, but please update your config.
[2025-09-04T00:57:02.842+0000] {logging_mixin.py:137} INFO - DAG continuous_streaming_consumer succeeded at 25-09-03 21:57:02
[2025-09-04T00:57:02.848+0000] {logging_mixin.py:137} INFO - [2025-09-04T00:57:02.848+0000] {dag.py:2690} INFO - Sync 1 DAGs
[2025-09-04T00:57:02.860+0000] {logging_mixin.py:137} INFO - [2025-09-04T00:57:02.860+0000] {dag.py:3437} INFO - Setting next_dagrun for continuous_streaming_consumer to 2025-09-04T00:57:00+00:00, run_after=2025-09-04T01:00:00+00:00
[2025-09-04T00:57:02.871+0000] {processor.py:175} INFO - Processing /opt/airflow/dags/dag_continuous_consumer.py took 0.090 seconds
[2025-09-04T00:57:32.893+0000] {processor.py:153} INFO - Started process (PID=399) to work on /opt/airflow/dags/dag_continuous_consumer.py
[2025-09-04T00:57:32.893+0000] {processor.py:743} INFO - Processing file /opt/airflow/dags/dag_continuous_consumer.py for tasks to queue
[2025-09-04T00:57:32.894+0000] {logging_mixin.py:137} INFO - [2025-09-04T00:57:32.894+0000] {dagbag.py:538} INFO - Filling up the DagBag from /opt/airflow/dags/dag_continuous_consumer.py
[2025-09-04T00:57:32.925+0000] {processor.py:753} INFO - DAG(s) dict_keys(['continuous_streaming_consumer']) retrieved from /opt/airflow/dags/dag_continuous_consumer.py
[2025-09-04T00:57:32.938+0000] {logging_mixin.py:137} INFO - [2025-09-04T00:57:32.938+0000] {dag.py:2690} INFO - Sync 1 DAGs
[2025-09-04T00:57:32.951+0000] {logging_mixin.py:137} INFO - [2025-09-04T00:57:32.951+0000] {dag.py:3437} INFO - Setting next_dagrun for continuous_streaming_consumer to 2025-09-04T00:57:00+00:00, run_after=2025-09-04T01:00:00+00:00
[2025-09-04T00:57:32.961+0000] {processor.py:175} INFO - Processing /opt/airflow/dags/dag_continuous_consumer.py took 0.070 seconds
[2025-09-04T00:58:03.064+0000] {processor.py:153} INFO - Started process (PID=409) to work on /opt/airflow/dags/dag_continuous_consumer.py
[2025-09-04T00:58:03.065+0000] {processor.py:743} INFO - Processing file /opt/airflow/dags/dag_continuous_consumer.py for tasks to queue
[2025-09-04T00:58:03.065+0000] {logging_mixin.py:137} INFO - [2025-09-04T00:58:03.065+0000] {dagbag.py:538} INFO - Filling up the DagBag from /opt/airflow/dags/dag_continuous_consumer.py
[2025-09-04T00:58:03.098+0000] {processor.py:753} INFO - DAG(s) dict_keys(['continuous_streaming_consumer']) retrieved from /opt/airflow/dags/dag_continuous_consumer.py
[2025-09-04T00:58:03.112+0000] {logging_mixin.py:137} INFO - [2025-09-04T00:58:03.112+0000] {dag.py:2690} INFO - Sync 1 DAGs
[2025-09-04T00:58:03.126+0000] {logging_mixin.py:137} INFO - [2025-09-04T00:58:03.126+0000] {dag.py:3437} INFO - Setting next_dagrun for continuous_streaming_consumer to 2025-09-04T00:57:00+00:00, run_after=2025-09-04T01:00:00+00:00
[2025-09-04T00:58:03.137+0000] {processor.py:175} INFO - Processing /opt/airflow/dags/dag_continuous_consumer.py took 0.074 seconds
[2025-09-04T00:58:33.176+0000] {processor.py:153} INFO - Started process (PID=419) to work on /opt/airflow/dags/dag_continuous_consumer.py
[2025-09-04T00:58:33.177+0000] {processor.py:743} INFO - Processing file /opt/airflow/dags/dag_continuous_consumer.py for tasks to queue
[2025-09-04T00:58:33.177+0000] {logging_mixin.py:137} INFO - [2025-09-04T00:58:33.177+0000] {dagbag.py:538} INFO - Filling up the DagBag from /opt/airflow/dags/dag_continuous_consumer.py
[2025-09-04T00:58:33.210+0000] {processor.py:753} INFO - DAG(s) dict_keys(['continuous_streaming_consumer']) retrieved from /opt/airflow/dags/dag_continuous_consumer.py
[2025-09-04T00:58:33.224+0000] {logging_mixin.py:137} INFO - [2025-09-04T00:58:33.224+0000] {dag.py:2690} INFO - Sync 1 DAGs
[2025-09-04T00:58:33.240+0000] {logging_mixin.py:137} INFO - [2025-09-04T00:58:33.240+0000] {dag.py:3437} INFO - Setting next_dagrun for continuous_streaming_consumer to 2025-09-04T00:57:00+00:00, run_after=2025-09-04T01:00:00+00:00
[2025-09-04T00:58:33.252+0000] {processor.py:175} INFO - Processing /opt/airflow/dags/dag_continuous_consumer.py took 0.077 seconds
[2025-09-04T00:59:03.310+0000] {processor.py:153} INFO - Started process (PID=429) to work on /opt/airflow/dags/dag_continuous_consumer.py
[2025-09-04T00:59:03.311+0000] {processor.py:743} INFO - Processing file /opt/airflow/dags/dag_continuous_consumer.py for tasks to queue
[2025-09-04T00:59:03.311+0000] {logging_mixin.py:137} INFO - [2025-09-04T00:59:03.311+0000] {dagbag.py:538} INFO - Filling up the DagBag from /opt/airflow/dags/dag_continuous_consumer.py
[2025-09-04T00:59:03.345+0000] {processor.py:753} INFO - DAG(s) dict_keys(['continuous_streaming_consumer']) retrieved from /opt/airflow/dags/dag_continuous_consumer.py
[2025-09-04T00:59:03.359+0000] {logging_mixin.py:137} INFO - [2025-09-04T00:59:03.359+0000] {dag.py:2690} INFO - Sync 1 DAGs
[2025-09-04T00:59:03.376+0000] {logging_mixin.py:137} INFO - [2025-09-04T00:59:03.376+0000] {dag.py:3437} INFO - Setting next_dagrun for continuous_streaming_consumer to 2025-09-04T00:57:00+00:00, run_after=2025-09-04T01:00:00+00:00
[2025-09-04T00:59:03.386+0000] {processor.py:175} INFO - Processing /opt/airflow/dags/dag_continuous_consumer.py took 0.077 seconds
[2025-09-04T00:59:33.438+0000] {processor.py:153} INFO - Started process (PID=439) to work on /opt/airflow/dags/dag_continuous_consumer.py
[2025-09-04T00:59:33.439+0000] {processor.py:743} INFO - Processing file /opt/airflow/dags/dag_continuous_consumer.py for tasks to queue
[2025-09-04T00:59:33.439+0000] {logging_mixin.py:137} INFO - [2025-09-04T00:59:33.439+0000] {dagbag.py:538} INFO - Filling up the DagBag from /opt/airflow/dags/dag_continuous_consumer.py
[2025-09-04T00:59:33.470+0000] {processor.py:753} INFO - DAG(s) dict_keys(['continuous_streaming_consumer']) retrieved from /opt/airflow/dags/dag_continuous_consumer.py
[2025-09-04T00:59:33.483+0000] {logging_mixin.py:137} INFO - [2025-09-04T00:59:33.483+0000] {dag.py:2690} INFO - Sync 1 DAGs
[2025-09-04T00:59:33.498+0000] {logging_mixin.py:137} INFO - [2025-09-04T00:59:33.497+0000] {dag.py:3437} INFO - Setting next_dagrun for continuous_streaming_consumer to 2025-09-04T00:57:00+00:00, run_after=2025-09-04T01:00:00+00:00
[2025-09-04T00:59:33.508+0000] {processor.py:175} INFO - Processing /opt/airflow/dags/dag_continuous_consumer.py took 0.071 seconds
[2025-09-04T01:00:02.650+0000] {processor.py:153} INFO - Started process (PID=454) to work on /opt/airflow/dags/dag_continuous_consumer.py
[2025-09-04T01:00:02.650+0000] {processor.py:743} INFO - Processing file /opt/airflow/dags/dag_continuous_consumer.py for tasks to queue
[2025-09-04T01:00:02.651+0000] {logging_mixin.py:137} INFO - [2025-09-04T01:00:02.651+0000] {dagbag.py:538} INFO - Filling up the DagBag from /opt/airflow/dags/dag_continuous_consumer.py
[2025-09-04T01:00:02.684+0000] {processor.py:753} INFO - DAG(s) dict_keys(['continuous_streaming_consumer']) retrieved from /opt/airflow/dags/dag_continuous_consumer.py
[2025-09-04T01:00:02.696+0000] {logging_mixin.py:137} INFO - [2025-09-04T01:00:02.695+0000] {dag.py:1318} INFO - Executing dag callback function: <function log_callback_success at 0x7f7c8a41c1f0>
[2025-09-04T01:00:02.701+0000] {logging_mixin.py:137} WARNING - /usr/local/lib/python3.9/site-packages/airflow/utils/sqlalchemy.py:124 DeprecationWarning: The sql_alchemy_conn option in [core] has been moved to the sql_alchemy_conn option in [database] - the old setting has been used, but please update your config.
[2025-09-04T01:00:02.710+0000] {logging_mixin.py:137} INFO - DAG continuous_streaming_consumer succeeded at 25-09-03 22:00:02
[2025-09-04T01:00:02.717+0000] {logging_mixin.py:137} INFO - [2025-09-04T01:00:02.717+0000] {dag.py:2690} INFO - Sync 1 DAGs
[2025-09-04T01:00:02.729+0000] {logging_mixin.py:137} INFO - [2025-09-04T01:00:02.729+0000] {dag.py:3437} INFO - Setting next_dagrun for continuous_streaming_consumer to 2025-09-04T01:00:00+00:00, run_after=2025-09-04T01:03:00+00:00
[2025-09-04T01:00:02.741+0000] {processor.py:175} INFO - Processing /opt/airflow/dags/dag_continuous_consumer.py took 0.093 seconds
[2025-09-04T01:00:32.770+0000] {processor.py:153} INFO - Started process (PID=464) to work on /opt/airflow/dags/dag_continuous_consumer.py
[2025-09-04T01:00:32.773+0000] {processor.py:743} INFO - Processing file /opt/airflow/dags/dag_continuous_consumer.py for tasks to queue
[2025-09-04T01:00:32.774+0000] {logging_mixin.py:137} INFO - [2025-09-04T01:00:32.774+0000] {dagbag.py:538} INFO - Filling up the DagBag from /opt/airflow/dags/dag_continuous_consumer.py
[2025-09-04T01:00:32.822+0000] {processor.py:753} INFO - DAG(s) dict_keys(['continuous_streaming_consumer']) retrieved from /opt/airflow/dags/dag_continuous_consumer.py
[2025-09-04T01:00:32.840+0000] {logging_mixin.py:137} INFO - [2025-09-04T01:00:32.840+0000] {dag.py:2690} INFO - Sync 1 DAGs
[2025-09-04T01:00:32.860+0000] {logging_mixin.py:137} INFO - [2025-09-04T01:00:32.859+0000] {dag.py:3437} INFO - Setting next_dagrun for continuous_streaming_consumer to 2025-09-04T01:00:00+00:00, run_after=2025-09-04T01:03:00+00:00
[2025-09-04T01:00:32.872+0000] {processor.py:175} INFO - Processing /opt/airflow/dags/dag_continuous_consumer.py took 0.105 seconds
[2025-09-04T01:01:02.914+0000] {processor.py:153} INFO - Started process (PID=474) to work on /opt/airflow/dags/dag_continuous_consumer.py
[2025-09-04T01:01:02.918+0000] {processor.py:743} INFO - Processing file /opt/airflow/dags/dag_continuous_consumer.py for tasks to queue
[2025-09-04T01:01:02.919+0000] {logging_mixin.py:137} INFO - [2025-09-04T01:01:02.919+0000] {dagbag.py:538} INFO - Filling up the DagBag from /opt/airflow/dags/dag_continuous_consumer.py
[2025-09-04T01:01:02.993+0000] {processor.py:753} INFO - DAG(s) dict_keys(['continuous_streaming_consumer']) retrieved from /opt/airflow/dags/dag_continuous_consumer.py
[2025-09-04T01:01:03.017+0000] {logging_mixin.py:137} INFO - [2025-09-04T01:01:03.017+0000] {dag.py:2690} INFO - Sync 1 DAGs
[2025-09-04T01:01:03.040+0000] {logging_mixin.py:137} INFO - [2025-09-04T01:01:03.040+0000] {dag.py:3437} INFO - Setting next_dagrun for continuous_streaming_consumer to 2025-09-04T01:00:00+00:00, run_after=2025-09-04T01:03:00+00:00
[2025-09-04T01:01:03.054+0000] {processor.py:175} INFO - Processing /opt/airflow/dags/dag_continuous_consumer.py took 0.146 seconds
[2025-09-04T01:01:33.068+0000] {processor.py:153} INFO - Started process (PID=484) to work on /opt/airflow/dags/dag_continuous_consumer.py
[2025-09-04T01:01:33.071+0000] {processor.py:743} INFO - Processing file /opt/airflow/dags/dag_continuous_consumer.py for tasks to queue
[2025-09-04T01:01:33.071+0000] {logging_mixin.py:137} INFO - [2025-09-04T01:01:33.071+0000] {dagbag.py:538} INFO - Filling up the DagBag from /opt/airflow/dags/dag_continuous_consumer.py
[2025-09-04T01:01:33.106+0000] {processor.py:753} INFO - DAG(s) dict_keys(['continuous_streaming_consumer']) retrieved from /opt/airflow/dags/dag_continuous_consumer.py
[2025-09-04T01:01:33.122+0000] {logging_mixin.py:137} INFO - [2025-09-04T01:01:33.122+0000] {dag.py:2690} INFO - Sync 1 DAGs
[2025-09-04T01:01:33.147+0000] {logging_mixin.py:137} INFO - [2025-09-04T01:01:33.147+0000] {dag.py:3437} INFO - Setting next_dagrun for continuous_streaming_consumer to 2025-09-04T01:00:00+00:00, run_after=2025-09-04T01:03:00+00:00
[2025-09-04T01:01:33.163+0000] {processor.py:175} INFO - Processing /opt/airflow/dags/dag_continuous_consumer.py took 0.097 seconds
[2025-09-04T01:02:03.179+0000] {processor.py:153} INFO - Started process (PID=494) to work on /opt/airflow/dags/dag_continuous_consumer.py
[2025-09-04T01:02:03.179+0000] {processor.py:743} INFO - Processing file /opt/airflow/dags/dag_continuous_consumer.py for tasks to queue
[2025-09-04T01:02:03.180+0000] {logging_mixin.py:137} INFO - [2025-09-04T01:02:03.180+0000] {dagbag.py:538} INFO - Filling up the DagBag from /opt/airflow/dags/dag_continuous_consumer.py
[2025-09-04T01:02:03.211+0000] {processor.py:753} INFO - DAG(s) dict_keys(['continuous_streaming_consumer']) retrieved from /opt/airflow/dags/dag_continuous_consumer.py
[2025-09-04T01:02:03.231+0000] {logging_mixin.py:137} INFO - [2025-09-04T01:02:03.231+0000] {dag.py:2690} INFO - Sync 1 DAGs
[2025-09-04T01:02:03.260+0000] {logging_mixin.py:137} INFO - [2025-09-04T01:02:03.260+0000] {dag.py:3437} INFO - Setting next_dagrun for continuous_streaming_consumer to 2025-09-04T01:00:00+00:00, run_after=2025-09-04T01:03:00+00:00
[2025-09-04T01:02:03.275+0000] {processor.py:175} INFO - Processing /opt/airflow/dags/dag_continuous_consumer.py took 0.099 seconds
[2025-09-04T01:02:33.309+0000] {processor.py:153} INFO - Started process (PID=504) to work on /opt/airflow/dags/dag_continuous_consumer.py
[2025-09-04T01:02:33.310+0000] {processor.py:743} INFO - Processing file /opt/airflow/dags/dag_continuous_consumer.py for tasks to queue
[2025-09-04T01:02:33.310+0000] {logging_mixin.py:137} INFO - [2025-09-04T01:02:33.310+0000] {dagbag.py:538} INFO - Filling up the DagBag from /opt/airflow/dags/dag_continuous_consumer.py
[2025-09-04T01:02:33.342+0000] {processor.py:753} INFO - DAG(s) dict_keys(['continuous_streaming_consumer']) retrieved from /opt/airflow/dags/dag_continuous_consumer.py
[2025-09-04T01:02:33.356+0000] {logging_mixin.py:137} INFO - [2025-09-04T01:02:33.356+0000] {dag.py:2690} INFO - Sync 1 DAGs
[2025-09-04T01:02:33.383+0000] {logging_mixin.py:137} INFO - [2025-09-04T01:02:33.382+0000] {dag.py:3437} INFO - Setting next_dagrun for continuous_streaming_consumer to 2025-09-04T01:00:00+00:00, run_after=2025-09-04T01:03:00+00:00
[2025-09-04T01:02:33.395+0000] {processor.py:175} INFO - Processing /opt/airflow/dags/dag_continuous_consumer.py took 0.088 seconds
[2025-09-04T01:03:02.885+0000] {processor.py:153} INFO - Started process (PID=519) to work on /opt/airflow/dags/dag_continuous_consumer.py
[2025-09-04T01:03:02.886+0000] {processor.py:743} INFO - Processing file /opt/airflow/dags/dag_continuous_consumer.py for tasks to queue
[2025-09-04T01:03:02.886+0000] {logging_mixin.py:137} INFO - [2025-09-04T01:03:02.886+0000] {dagbag.py:538} INFO - Filling up the DagBag from /opt/airflow/dags/dag_continuous_consumer.py
[2025-09-04T01:03:02.919+0000] {processor.py:753} INFO - DAG(s) dict_keys(['continuous_streaming_consumer']) retrieved from /opt/airflow/dags/dag_continuous_consumer.py
[2025-09-04T01:03:02.932+0000] {logging_mixin.py:137} INFO - [2025-09-04T01:03:02.931+0000] {dag.py:1318} INFO - Executing dag callback function: <function log_callback_success at 0x7f7c8a3a21f0>
[2025-09-04T01:03:02.937+0000] {logging_mixin.py:137} WARNING - /usr/local/lib/python3.9/site-packages/airflow/utils/sqlalchemy.py:124 DeprecationWarning: The sql_alchemy_conn option in [core] has been moved to the sql_alchemy_conn option in [database] - the old setting has been used, but please update your config.
[2025-09-04T01:03:02.948+0000] {logging_mixin.py:137} INFO - DAG continuous_streaming_consumer succeeded at 25-09-03 22:03:02
[2025-09-04T01:03:02.955+0000] {logging_mixin.py:137} INFO - [2025-09-04T01:03:02.955+0000] {dag.py:2690} INFO - Sync 1 DAGs
[2025-09-04T01:03:02.967+0000] {logging_mixin.py:137} INFO - [2025-09-04T01:03:02.967+0000] {dag.py:3437} INFO - Setting next_dagrun for continuous_streaming_consumer to 2025-09-04T01:03:00+00:00, run_after=2025-09-04T01:06:00+00:00
[2025-09-04T01:03:02.979+0000] {processor.py:175} INFO - Processing /opt/airflow/dags/dag_continuous_consumer.py took 0.095 seconds
[2025-09-04T01:03:32.992+0000] {processor.py:153} INFO - Started process (PID=529) to work on /opt/airflow/dags/dag_continuous_consumer.py
[2025-09-04T01:03:32.995+0000] {processor.py:743} INFO - Processing file /opt/airflow/dags/dag_continuous_consumer.py for tasks to queue
[2025-09-04T01:03:32.995+0000] {logging_mixin.py:137} INFO - [2025-09-04T01:03:32.995+0000] {dagbag.py:538} INFO - Filling up the DagBag from /opt/airflow/dags/dag_continuous_consumer.py
[2025-09-04T01:03:33.027+0000] {processor.py:753} INFO - DAG(s) dict_keys(['continuous_streaming_consumer']) retrieved from /opt/airflow/dags/dag_continuous_consumer.py
[2025-09-04T01:03:33.041+0000] {logging_mixin.py:137} INFO - [2025-09-04T01:03:33.040+0000] {dag.py:2690} INFO - Sync 1 DAGs
[2025-09-04T01:03:33.055+0000] {logging_mixin.py:137} INFO - [2025-09-04T01:03:33.055+0000] {dag.py:3437} INFO - Setting next_dagrun for continuous_streaming_consumer to 2025-09-04T01:03:00+00:00, run_after=2025-09-04T01:06:00+00:00
[2025-09-04T01:03:33.064+0000] {processor.py:175} INFO - Processing /opt/airflow/dags/dag_continuous_consumer.py took 0.074 seconds
[2025-09-04T01:04:03.166+0000] {processor.py:153} INFO - Started process (PID=539) to work on /opt/airflow/dags/dag_continuous_consumer.py
[2025-09-04T01:04:03.167+0000] {processor.py:743} INFO - Processing file /opt/airflow/dags/dag_continuous_consumer.py for tasks to queue
[2025-09-04T01:04:03.168+0000] {logging_mixin.py:137} INFO - [2025-09-04T01:04:03.168+0000] {dagbag.py:538} INFO - Filling up the DagBag from /opt/airflow/dags/dag_continuous_consumer.py
[2025-09-04T01:04:03.200+0000] {processor.py:753} INFO - DAG(s) dict_keys(['continuous_streaming_consumer']) retrieved from /opt/airflow/dags/dag_continuous_consumer.py
[2025-09-04T01:04:03.212+0000] {logging_mixin.py:137} INFO - [2025-09-04T01:04:03.212+0000] {dag.py:2690} INFO - Sync 1 DAGs
[2025-09-04T01:04:03.227+0000] {logging_mixin.py:137} INFO - [2025-09-04T01:04:03.227+0000] {dag.py:3437} INFO - Setting next_dagrun for continuous_streaming_consumer to 2025-09-04T01:03:00+00:00, run_after=2025-09-04T01:06:00+00:00
[2025-09-04T01:04:03.237+0000] {processor.py:175} INFO - Processing /opt/airflow/dags/dag_continuous_consumer.py took 0.072 seconds
[2025-09-04T01:04:33.276+0000] {processor.py:153} INFO - Started process (PID=549) to work on /opt/airflow/dags/dag_continuous_consumer.py
[2025-09-04T01:04:33.277+0000] {processor.py:743} INFO - Processing file /opt/airflow/dags/dag_continuous_consumer.py for tasks to queue
[2025-09-04T01:04:33.277+0000] {logging_mixin.py:137} INFO - [2025-09-04T01:04:33.277+0000] {dagbag.py:538} INFO - Filling up the DagBag from /opt/airflow/dags/dag_continuous_consumer.py
[2025-09-04T01:04:33.309+0000] {processor.py:753} INFO - DAG(s) dict_keys(['continuous_streaming_consumer']) retrieved from /opt/airflow/dags/dag_continuous_consumer.py
[2025-09-04T01:04:33.321+0000] {logging_mixin.py:137} INFO - [2025-09-04T01:04:33.321+0000] {dag.py:2690} INFO - Sync 1 DAGs
[2025-09-04T01:04:33.336+0000] {logging_mixin.py:137} INFO - [2025-09-04T01:04:33.336+0000] {dag.py:3437} INFO - Setting next_dagrun for continuous_streaming_consumer to 2025-09-04T01:03:00+00:00, run_after=2025-09-04T01:06:00+00:00
[2025-09-04T01:04:33.346+0000] {processor.py:175} INFO - Processing /opt/airflow/dags/dag_continuous_consumer.py took 0.072 seconds
[2025-09-04T01:05:03.408+0000] {processor.py:153} INFO - Started process (PID=559) to work on /opt/airflow/dags/dag_continuous_consumer.py
[2025-09-04T01:05:03.411+0000] {processor.py:743} INFO - Processing file /opt/airflow/dags/dag_continuous_consumer.py for tasks to queue
[2025-09-04T01:05:03.411+0000] {logging_mixin.py:137} INFO - [2025-09-04T01:05:03.411+0000] {dagbag.py:538} INFO - Filling up the DagBag from /opt/airflow/dags/dag_continuous_consumer.py
[2025-09-04T01:05:03.443+0000] {processor.py:753} INFO - DAG(s) dict_keys(['continuous_streaming_consumer']) retrieved from /opt/airflow/dags/dag_continuous_consumer.py
[2025-09-04T01:05:03.456+0000] {logging_mixin.py:137} INFO - [2025-09-04T01:05:03.456+0000] {dag.py:2690} INFO - Sync 1 DAGs
[2025-09-04T01:05:03.471+0000] {logging_mixin.py:137} INFO - [2025-09-04T01:05:03.470+0000] {dag.py:3437} INFO - Setting next_dagrun for continuous_streaming_consumer to 2025-09-04T01:03:00+00:00, run_after=2025-09-04T01:06:00+00:00
[2025-09-04T01:05:03.480+0000] {processor.py:175} INFO - Processing /opt/airflow/dags/dag_continuous_consumer.py took 0.074 seconds
[2025-09-04T01:05:33.577+0000] {processor.py:153} INFO - Started process (PID=569) to work on /opt/airflow/dags/dag_continuous_consumer.py
[2025-09-04T01:05:33.579+0000] {processor.py:743} INFO - Processing file /opt/airflow/dags/dag_continuous_consumer.py for tasks to queue
[2025-09-04T01:05:33.580+0000] {logging_mixin.py:137} INFO - [2025-09-04T01:05:33.580+0000] {dagbag.py:538} INFO - Filling up the DagBag from /opt/airflow/dags/dag_continuous_consumer.py
[2025-09-04T01:05:33.614+0000] {processor.py:753} INFO - DAG(s) dict_keys(['continuous_streaming_consumer']) retrieved from /opt/airflow/dags/dag_continuous_consumer.py
[2025-09-04T01:05:33.627+0000] {logging_mixin.py:137} INFO - [2025-09-04T01:05:33.627+0000] {dag.py:2690} INFO - Sync 1 DAGs
[2025-09-04T01:05:33.642+0000] {logging_mixin.py:137} INFO - [2025-09-04T01:05:33.641+0000] {dag.py:3437} INFO - Setting next_dagrun for continuous_streaming_consumer to 2025-09-04T01:03:00+00:00, run_after=2025-09-04T01:06:00+00:00
[2025-09-04T01:05:33.652+0000] {processor.py:175} INFO - Processing /opt/airflow/dags/dag_continuous_consumer.py took 0.076 seconds
[2025-09-04T01:06:02.621+0000] {processor.py:153} INFO - Started process (PID=584) to work on /opt/airflow/dags/dag_continuous_consumer.py
[2025-09-04T01:06:02.622+0000] {processor.py:743} INFO - Processing file /opt/airflow/dags/dag_continuous_consumer.py for tasks to queue
[2025-09-04T01:06:02.622+0000] {logging_mixin.py:137} INFO - [2025-09-04T01:06:02.622+0000] {dagbag.py:538} INFO - Filling up the DagBag from /opt/airflow/dags/dag_continuous_consumer.py
[2025-09-04T01:06:02.657+0000] {processor.py:753} INFO - DAG(s) dict_keys(['continuous_streaming_consumer']) retrieved from /opt/airflow/dags/dag_continuous_consumer.py
[2025-09-04T01:06:02.669+0000] {logging_mixin.py:137} INFO - [2025-09-04T01:06:02.668+0000] {dag.py:1318} INFO - Executing dag callback function: <function log_callback_success at 0x7f7c8a3a7280>
[2025-09-04T01:06:02.674+0000] {logging_mixin.py:137} WARNING - /usr/local/lib/python3.9/site-packages/airflow/utils/sqlalchemy.py:124 DeprecationWarning: The sql_alchemy_conn option in [core] has been moved to the sql_alchemy_conn option in [database] - the old setting has been used, but please update your config.
[2025-09-04T01:06:02.684+0000] {logging_mixin.py:137} INFO - DAG continuous_streaming_consumer succeeded at 25-09-03 22:06:02
[2025-09-04T01:06:02.691+0000] {logging_mixin.py:137} INFO - [2025-09-04T01:06:02.691+0000] {dag.py:2690} INFO - Sync 1 DAGs
[2025-09-04T01:06:02.702+0000] {logging_mixin.py:137} INFO - [2025-09-04T01:06:02.702+0000] {dag.py:3437} INFO - Setting next_dagrun for continuous_streaming_consumer to 2025-09-04T01:06:00+00:00, run_after=2025-09-04T01:09:00+00:00
[2025-09-04T01:06:02.714+0000] {processor.py:175} INFO - Processing /opt/airflow/dags/dag_continuous_consumer.py took 0.094 seconds
[2025-09-04T01:06:32.812+0000] {processor.py:153} INFO - Started process (PID=594) to work on /opt/airflow/dags/dag_continuous_consumer.py
[2025-09-04T01:06:32.813+0000] {processor.py:743} INFO - Processing file /opt/airflow/dags/dag_continuous_consumer.py for tasks to queue
[2025-09-04T01:06:32.814+0000] {logging_mixin.py:137} INFO - [2025-09-04T01:06:32.813+0000] {dagbag.py:538} INFO - Filling up the DagBag from /opt/airflow/dags/dag_continuous_consumer.py
[2025-09-04T01:06:32.845+0000] {processor.py:753} INFO - DAG(s) dict_keys(['continuous_streaming_consumer']) retrieved from /opt/airflow/dags/dag_continuous_consumer.py
[2025-09-04T01:06:32.858+0000] {logging_mixin.py:137} INFO - [2025-09-04T01:06:32.858+0000] {dag.py:2690} INFO - Sync 1 DAGs
[2025-09-04T01:06:32.871+0000] {logging_mixin.py:137} INFO - [2025-09-04T01:06:32.871+0000] {dag.py:3437} INFO - Setting next_dagrun for continuous_streaming_consumer to 2025-09-04T01:06:00+00:00, run_after=2025-09-04T01:09:00+00:00
[2025-09-04T01:06:32.881+0000] {processor.py:175} INFO - Processing /opt/airflow/dags/dag_continuous_consumer.py took 0.071 seconds
[2025-09-04T01:07:02.983+0000] {processor.py:153} INFO - Started process (PID=604) to work on /opt/airflow/dags/dag_continuous_consumer.py
[2025-09-04T01:07:02.985+0000] {processor.py:743} INFO - Processing file /opt/airflow/dags/dag_continuous_consumer.py for tasks to queue
[2025-09-04T01:07:02.986+0000] {logging_mixin.py:137} INFO - [2025-09-04T01:07:02.986+0000] {dagbag.py:538} INFO - Filling up the DagBag from /opt/airflow/dags/dag_continuous_consumer.py
[2025-09-04T01:07:03.017+0000] {processor.py:753} INFO - DAG(s) dict_keys(['continuous_streaming_consumer']) retrieved from /opt/airflow/dags/dag_continuous_consumer.py
[2025-09-04T01:07:03.029+0000] {logging_mixin.py:137} INFO - [2025-09-04T01:07:03.029+0000] {dag.py:2690} INFO - Sync 1 DAGs
[2025-09-04T01:07:03.044+0000] {logging_mixin.py:137} INFO - [2025-09-04T01:07:03.044+0000] {dag.py:3437} INFO - Setting next_dagrun for continuous_streaming_consumer to 2025-09-04T01:06:00+00:00, run_after=2025-09-04T01:09:00+00:00
[2025-09-04T01:07:03.053+0000] {processor.py:175} INFO - Processing /opt/airflow/dags/dag_continuous_consumer.py took 0.072 seconds
[2025-09-04T01:07:33.093+0000] {processor.py:153} INFO - Started process (PID=614) to work on /opt/airflow/dags/dag_continuous_consumer.py
[2025-09-04T01:07:33.093+0000] {processor.py:743} INFO - Processing file /opt/airflow/dags/dag_continuous_consumer.py for tasks to queue
[2025-09-04T01:07:33.094+0000] {logging_mixin.py:137} INFO - [2025-09-04T01:07:33.093+0000] {dagbag.py:538} INFO - Filling up the DagBag from /opt/airflow/dags/dag_continuous_consumer.py
[2025-09-04T01:07:33.125+0000] {processor.py:753} INFO - DAG(s) dict_keys(['continuous_streaming_consumer']) retrieved from /opt/airflow/dags/dag_continuous_consumer.py
[2025-09-04T01:07:33.138+0000] {logging_mixin.py:137} INFO - [2025-09-04T01:07:33.138+0000] {dag.py:2690} INFO - Sync 1 DAGs
[2025-09-04T01:07:33.152+0000] {logging_mixin.py:137} INFO - [2025-09-04T01:07:33.152+0000] {dag.py:3437} INFO - Setting next_dagrun for continuous_streaming_consumer to 2025-09-04T01:06:00+00:00, run_after=2025-09-04T01:09:00+00:00
[2025-09-04T01:07:33.162+0000] {processor.py:175} INFO - Processing /opt/airflow/dags/dag_continuous_consumer.py took 0.071 seconds
[2025-09-04T01:08:03.263+0000] {processor.py:153} INFO - Started process (PID=624) to work on /opt/airflow/dags/dag_continuous_consumer.py
[2025-09-04T01:08:03.264+0000] {processor.py:743} INFO - Processing file /opt/airflow/dags/dag_continuous_consumer.py for tasks to queue
[2025-09-04T01:08:03.264+0000] {logging_mixin.py:137} INFO - [2025-09-04T01:08:03.264+0000] {dagbag.py:538} INFO - Filling up the DagBag from /opt/airflow/dags/dag_continuous_consumer.py
[2025-09-04T01:08:03.295+0000] {processor.py:753} INFO - DAG(s) dict_keys(['continuous_streaming_consumer']) retrieved from /opt/airflow/dags/dag_continuous_consumer.py
[2025-09-04T01:08:03.308+0000] {logging_mixin.py:137} INFO - [2025-09-04T01:08:03.308+0000] {dag.py:2690} INFO - Sync 1 DAGs
[2025-09-04T01:08:03.322+0000] {logging_mixin.py:137} INFO - [2025-09-04T01:08:03.322+0000] {dag.py:3437} INFO - Setting next_dagrun for continuous_streaming_consumer to 2025-09-04T01:06:00+00:00, run_after=2025-09-04T01:09:00+00:00
[2025-09-04T01:08:03.332+0000] {processor.py:175} INFO - Processing /opt/airflow/dags/dag_continuous_consumer.py took 0.070 seconds
[2025-09-04T01:08:33.377+0000] {processor.py:153} INFO - Started process (PID=634) to work on /opt/airflow/dags/dag_continuous_consumer.py
[2025-09-04T01:08:33.378+0000] {processor.py:743} INFO - Processing file /opt/airflow/dags/dag_continuous_consumer.py for tasks to queue
[2025-09-04T01:08:33.378+0000] {logging_mixin.py:137} INFO - [2025-09-04T01:08:33.378+0000] {dagbag.py:538} INFO - Filling up the DagBag from /opt/airflow/dags/dag_continuous_consumer.py
[2025-09-04T01:08:33.409+0000] {processor.py:753} INFO - DAG(s) dict_keys(['continuous_streaming_consumer']) retrieved from /opt/airflow/dags/dag_continuous_consumer.py
[2025-09-04T01:08:33.423+0000] {logging_mixin.py:137} INFO - [2025-09-04T01:08:33.423+0000] {dag.py:2690} INFO - Sync 1 DAGs
[2025-09-04T01:08:33.438+0000] {logging_mixin.py:137} INFO - [2025-09-04T01:08:33.438+0000] {dag.py:3437} INFO - Setting next_dagrun for continuous_streaming_consumer to 2025-09-04T01:06:00+00:00, run_after=2025-09-04T01:09:00+00:00
[2025-09-04T01:08:33.448+0000] {processor.py:175} INFO - Processing /opt/airflow/dags/dag_continuous_consumer.py took 0.072 seconds
[2025-09-04T01:09:02.515+0000] {processor.py:153} INFO - Started process (PID=649) to work on /opt/airflow/dags/dag_continuous_consumer.py
[2025-09-04T01:09:02.515+0000] {processor.py:743} INFO - Processing file /opt/airflow/dags/dag_continuous_consumer.py for tasks to queue
[2025-09-04T01:09:02.515+0000] {logging_mixin.py:137} INFO - [2025-09-04T01:09:02.515+0000] {dagbag.py:538} INFO - Filling up the DagBag from /opt/airflow/dags/dag_continuous_consumer.py
[2025-09-04T01:09:02.548+0000] {processor.py:753} INFO - DAG(s) dict_keys(['continuous_streaming_consumer']) retrieved from /opt/airflow/dags/dag_continuous_consumer.py
[2025-09-04T01:09:02.558+0000] {logging_mixin.py:137} INFO - [2025-09-04T01:09:02.557+0000] {dag.py:1318} INFO - Executing dag callback function: <function log_callback_success at 0x7f7c8a3a8310>
[2025-09-04T01:09:02.563+0000] {logging_mixin.py:137} WARNING - /usr/local/lib/python3.9/site-packages/airflow/utils/sqlalchemy.py:124 DeprecationWarning: The sql_alchemy_conn option in [core] has been moved to the sql_alchemy_conn option in [database] - the old setting has been used, but please update your config.
[2025-09-04T01:09:02.573+0000] {logging_mixin.py:137} INFO - DAG continuous_streaming_consumer succeeded at 25-09-03 22:09:02
[2025-09-04T01:09:02.579+0000] {logging_mixin.py:137} INFO - [2025-09-04T01:09:02.579+0000] {dag.py:2690} INFO - Sync 1 DAGs
[2025-09-04T01:09:02.590+0000] {logging_mixin.py:137} INFO - [2025-09-04T01:09:02.590+0000] {dag.py:3437} INFO - Setting next_dagrun for continuous_streaming_consumer to 2025-09-04T01:09:00+00:00, run_after=2025-09-04T01:12:00+00:00
[2025-09-04T01:09:02.600+0000] {processor.py:175} INFO - Processing /opt/airflow/dags/dag_continuous_consumer.py took 0.088 seconds
[2025-09-04T01:09:32.629+0000] {processor.py:153} INFO - Started process (PID=659) to work on /opt/airflow/dags/dag_continuous_consumer.py
[2025-09-04T01:09:32.632+0000] {processor.py:743} INFO - Processing file /opt/airflow/dags/dag_continuous_consumer.py for tasks to queue
[2025-09-04T01:09:32.632+0000] {logging_mixin.py:137} INFO - [2025-09-04T01:09:32.632+0000] {dagbag.py:538} INFO - Filling up the DagBag from /opt/airflow/dags/dag_continuous_consumer.py
[2025-09-04T01:09:32.674+0000] {processor.py:753} INFO - DAG(s) dict_keys(['continuous_streaming_consumer']) retrieved from /opt/airflow/dags/dag_continuous_consumer.py
[2025-09-04T01:09:32.689+0000] {logging_mixin.py:137} INFO - [2025-09-04T01:09:32.689+0000] {dag.py:2690} INFO - Sync 1 DAGs
[2025-09-04T01:09:32.706+0000] {logging_mixin.py:137} INFO - [2025-09-04T01:09:32.705+0000] {dag.py:3437} INFO - Setting next_dagrun for continuous_streaming_consumer to 2025-09-04T01:09:00+00:00, run_after=2025-09-04T01:12:00+00:00
[2025-09-04T01:09:32.717+0000] {processor.py:175} INFO - Processing /opt/airflow/dags/dag_continuous_consumer.py took 0.091 seconds
[2025-09-04T01:10:02.761+0000] {processor.py:153} INFO - Started process (PID=669) to work on /opt/airflow/dags/dag_continuous_consumer.py
[2025-09-04T01:10:02.762+0000] {processor.py:743} INFO - Processing file /opt/airflow/dags/dag_continuous_consumer.py for tasks to queue
[2025-09-04T01:10:02.762+0000] {logging_mixin.py:137} INFO - [2025-09-04T01:10:02.762+0000] {dagbag.py:538} INFO - Filling up the DagBag from /opt/airflow/dags/dag_continuous_consumer.py
[2025-09-04T01:10:02.793+0000] {processor.py:753} INFO - DAG(s) dict_keys(['continuous_streaming_consumer']) retrieved from /opt/airflow/dags/dag_continuous_consumer.py
[2025-09-04T01:10:02.806+0000] {logging_mixin.py:137} INFO - [2025-09-04T01:10:02.806+0000] {dag.py:2690} INFO - Sync 1 DAGs
[2025-09-04T01:10:02.822+0000] {logging_mixin.py:137} INFO - [2025-09-04T01:10:02.822+0000] {dag.py:3437} INFO - Setting next_dagrun for continuous_streaming_consumer to 2025-09-04T01:09:00+00:00, run_after=2025-09-04T01:12:00+00:00
[2025-09-04T01:10:02.834+0000] {processor.py:175} INFO - Processing /opt/airflow/dags/dag_continuous_consumer.py took 0.075 seconds
[2025-09-04T01:10:32.932+0000] {processor.py:153} INFO - Started process (PID=679) to work on /opt/airflow/dags/dag_continuous_consumer.py
[2025-09-04T01:10:32.932+0000] {processor.py:743} INFO - Processing file /opt/airflow/dags/dag_continuous_consumer.py for tasks to queue
[2025-09-04T01:10:32.932+0000] {logging_mixin.py:137} INFO - [2025-09-04T01:10:32.932+0000] {dagbag.py:538} INFO - Filling up the DagBag from /opt/airflow/dags/dag_continuous_consumer.py
[2025-09-04T01:10:32.964+0000] {processor.py:753} INFO - DAG(s) dict_keys(['continuous_streaming_consumer']) retrieved from /opt/airflow/dags/dag_continuous_consumer.py
[2025-09-04T01:10:32.976+0000] {logging_mixin.py:137} INFO - [2025-09-04T01:10:32.976+0000] {dag.py:2690} INFO - Sync 1 DAGs
[2025-09-04T01:10:32.991+0000] {logging_mixin.py:137} INFO - [2025-09-04T01:10:32.991+0000] {dag.py:3437} INFO - Setting next_dagrun for continuous_streaming_consumer to 2025-09-04T01:09:00+00:00, run_after=2025-09-04T01:12:00+00:00
[2025-09-04T01:10:33.003+0000] {processor.py:175} INFO - Processing /opt/airflow/dags/dag_continuous_consumer.py took 0.073 seconds
[2025-09-04T01:11:03.040+0000] {processor.py:153} INFO - Started process (PID=689) to work on /opt/airflow/dags/dag_continuous_consumer.py
[2025-09-04T01:11:03.041+0000] {processor.py:743} INFO - Processing file /opt/airflow/dags/dag_continuous_consumer.py for tasks to queue
[2025-09-04T01:11:03.041+0000] {logging_mixin.py:137} INFO - [2025-09-04T01:11:03.041+0000] {dagbag.py:538} INFO - Filling up the DagBag from /opt/airflow/dags/dag_continuous_consumer.py
[2025-09-04T01:11:03.073+0000] {processor.py:753} INFO - DAG(s) dict_keys(['continuous_streaming_consumer']) retrieved from /opt/airflow/dags/dag_continuous_consumer.py
[2025-09-04T01:11:03.085+0000] {logging_mixin.py:137} INFO - [2025-09-04T01:11:03.085+0000] {dag.py:2690} INFO - Sync 1 DAGs
[2025-09-04T01:11:03.100+0000] {logging_mixin.py:137} INFO - [2025-09-04T01:11:03.100+0000] {dag.py:3437} INFO - Setting next_dagrun for continuous_streaming_consumer to 2025-09-04T01:09:00+00:00, run_after=2025-09-04T01:12:00+00:00
[2025-09-04T01:11:03.110+0000] {processor.py:175} INFO - Processing /opt/airflow/dags/dag_continuous_consumer.py took 0.072 seconds
[2025-09-04T01:11:33.207+0000] {processor.py:153} INFO - Started process (PID=699) to work on /opt/airflow/dags/dag_continuous_consumer.py
[2025-09-04T01:11:33.208+0000] {processor.py:743} INFO - Processing file /opt/airflow/dags/dag_continuous_consumer.py for tasks to queue
[2025-09-04T01:11:33.208+0000] {logging_mixin.py:137} INFO - [2025-09-04T01:11:33.208+0000] {dagbag.py:538} INFO - Filling up the DagBag from /opt/airflow/dags/dag_continuous_consumer.py
[2025-09-04T01:11:33.240+0000] {processor.py:753} INFO - DAG(s) dict_keys(['continuous_streaming_consumer']) retrieved from /opt/airflow/dags/dag_continuous_consumer.py
[2025-09-04T01:11:33.256+0000] {logging_mixin.py:137} INFO - [2025-09-04T01:11:33.256+0000] {dag.py:2690} INFO - Sync 1 DAGs
[2025-09-04T01:11:33.273+0000] {logging_mixin.py:137} INFO - [2025-09-04T01:11:33.273+0000] {dag.py:3437} INFO - Setting next_dagrun for continuous_streaming_consumer to 2025-09-04T01:09:00+00:00, run_after=2025-09-04T01:12:00+00:00
[2025-09-04T01:11:33.285+0000] {processor.py:175} INFO - Processing /opt/airflow/dags/dag_continuous_consumer.py took 0.079 seconds
