[2025-09-04T00:50:11.235+0000] {processor.py:153} INFO - Started process (PID=229) to work on /opt/airflow/dags/streaming_functions.py
[2025-09-04T00:50:11.236+0000] {processor.py:743} INFO - Processing file /opt/airflow/dags/streaming_functions.py for tasks to queue
[2025-09-04T00:50:11.237+0000] {logging_mixin.py:137} INFO - [2025-09-04T00:50:11.237+0000] {dagbag.py:538} INFO - Filling up the DagBag from /opt/airflow/dags/streaming_functions.py
[2025-09-04T00:50:11.605+0000] {processor.py:755} WARNING - No viable dags retrieved from /opt/airflow/dags/streaming_functions.py
[2025-09-04T00:50:11.623+0000] {processor.py:175} INFO - Processing /opt/airflow/dags/streaming_functions.py took 0.392 seconds
[2025-09-04T00:50:41.762+0000] {processor.py:153} INFO - Started process (PID=244) to work on /opt/airflow/dags/streaming_functions.py
[2025-09-04T00:50:41.763+0000] {processor.py:743} INFO - Processing file /opt/airflow/dags/streaming_functions.py for tasks to queue
[2025-09-04T00:50:41.763+0000] {logging_mixin.py:137} INFO - [2025-09-04T00:50:41.763+0000] {dagbag.py:538} INFO - Filling up the DagBag from /opt/airflow/dags/streaming_functions.py
[2025-09-04T00:50:41.794+0000] {processor.py:755} WARNING - No viable dags retrieved from /opt/airflow/dags/streaming_functions.py
[2025-09-04T00:50:41.810+0000] {processor.py:175} INFO - Processing /opt/airflow/dags/streaming_functions.py took 0.052 seconds
[2025-09-04T00:51:11.939+0000] {processor.py:153} INFO - Started process (PID=254) to work on /opt/airflow/dags/streaming_functions.py
[2025-09-04T00:51:11.940+0000] {processor.py:743} INFO - Processing file /opt/airflow/dags/streaming_functions.py for tasks to queue
[2025-09-04T00:51:11.941+0000] {logging_mixin.py:137} INFO - [2025-09-04T00:51:11.941+0000] {dagbag.py:538} INFO - Filling up the DagBag from /opt/airflow/dags/streaming_functions.py
[2025-09-04T00:51:11.967+0000] {processor.py:755} WARNING - No viable dags retrieved from /opt/airflow/dags/streaming_functions.py
[2025-09-04T00:51:11.976+0000] {processor.py:175} INFO - Processing /opt/airflow/dags/streaming_functions.py took 0.040 seconds
[2025-09-04T00:51:42.099+0000] {processor.py:153} INFO - Started process (PID=264) to work on /opt/airflow/dags/streaming_functions.py
[2025-09-04T00:51:42.099+0000] {processor.py:743} INFO - Processing file /opt/airflow/dags/streaming_functions.py for tasks to queue
[2025-09-04T00:51:42.100+0000] {logging_mixin.py:137} INFO - [2025-09-04T00:51:42.100+0000] {dagbag.py:538} INFO - Filling up the DagBag from /opt/airflow/dags/streaming_functions.py
[2025-09-04T00:51:42.125+0000] {processor.py:755} WARNING - No viable dags retrieved from /opt/airflow/dags/streaming_functions.py
[2025-09-04T00:51:42.138+0000] {processor.py:175} INFO - Processing /opt/airflow/dags/streaming_functions.py took 0.041 seconds
[2025-09-04T00:52:12.264+0000] {processor.py:153} INFO - Started process (PID=279) to work on /opt/airflow/dags/streaming_functions.py
[2025-09-04T00:52:12.265+0000] {processor.py:743} INFO - Processing file /opt/airflow/dags/streaming_functions.py for tasks to queue
[2025-09-04T00:52:12.265+0000] {logging_mixin.py:137} INFO - [2025-09-04T00:52:12.265+0000] {dagbag.py:538} INFO - Filling up the DagBag from /opt/airflow/dags/streaming_functions.py
[2025-09-04T00:52:12.295+0000] {processor.py:755} WARNING - No viable dags retrieved from /opt/airflow/dags/streaming_functions.py
[2025-09-04T00:52:12.309+0000] {processor.py:175} INFO - Processing /opt/airflow/dags/streaming_functions.py took 0.047 seconds
[2025-09-04T00:52:42.426+0000] {processor.py:153} INFO - Started process (PID=289) to work on /opt/airflow/dags/streaming_functions.py
[2025-09-04T00:52:42.427+0000] {processor.py:743} INFO - Processing file /opt/airflow/dags/streaming_functions.py for tasks to queue
[2025-09-04T00:52:42.427+0000] {logging_mixin.py:137} INFO - [2025-09-04T00:52:42.427+0000] {dagbag.py:538} INFO - Filling up the DagBag from /opt/airflow/dags/streaming_functions.py
[2025-09-04T00:52:42.451+0000] {processor.py:755} WARNING - No viable dags retrieved from /opt/airflow/dags/streaming_functions.py
[2025-09-04T00:52:42.461+0000] {processor.py:175} INFO - Processing /opt/airflow/dags/streaming_functions.py took 0.037 seconds
[2025-09-04T00:53:12.576+0000] {processor.py:153} INFO - Started process (PID=299) to work on /opt/airflow/dags/streaming_functions.py
[2025-09-04T00:53:12.577+0000] {processor.py:743} INFO - Processing file /opt/airflow/dags/streaming_functions.py for tasks to queue
[2025-09-04T00:53:12.577+0000] {logging_mixin.py:137} INFO - [2025-09-04T00:53:12.577+0000] {dagbag.py:538} INFO - Filling up the DagBag from /opt/airflow/dags/streaming_functions.py
[2025-09-04T00:53:12.602+0000] {processor.py:755} WARNING - No viable dags retrieved from /opt/airflow/dags/streaming_functions.py
[2025-09-04T00:53:12.613+0000] {processor.py:175} INFO - Processing /opt/airflow/dags/streaming_functions.py took 0.038 seconds
[2025-09-04T00:53:42.726+0000] {processor.py:153} INFO - Started process (PID=309) to work on /opt/airflow/dags/streaming_functions.py
[2025-09-04T00:53:42.726+0000] {processor.py:743} INFO - Processing file /opt/airflow/dags/streaming_functions.py for tasks to queue
[2025-09-04T00:53:42.727+0000] {logging_mixin.py:137} INFO - [2025-09-04T00:53:42.727+0000] {dagbag.py:538} INFO - Filling up the DagBag from /opt/airflow/dags/streaming_functions.py
[2025-09-04T00:53:42.750+0000] {processor.py:755} WARNING - No viable dags retrieved from /opt/airflow/dags/streaming_functions.py
[2025-09-04T00:53:42.760+0000] {processor.py:175} INFO - Processing /opt/airflow/dags/streaming_functions.py took 0.037 seconds
[2025-09-04T00:54:12.878+0000] {processor.py:153} INFO - Started process (PID=324) to work on /opt/airflow/dags/streaming_functions.py
[2025-09-04T00:54:12.879+0000] {processor.py:743} INFO - Processing file /opt/airflow/dags/streaming_functions.py for tasks to queue
[2025-09-04T00:54:12.879+0000] {logging_mixin.py:137} INFO - [2025-09-04T00:54:12.879+0000] {dagbag.py:538} INFO - Filling up the DagBag from /opt/airflow/dags/streaming_functions.py
[2025-09-04T00:54:12.903+0000] {processor.py:755} WARNING - No viable dags retrieved from /opt/airflow/dags/streaming_functions.py
[2025-09-04T00:54:12.914+0000] {processor.py:175} INFO - Processing /opt/airflow/dags/streaming_functions.py took 0.038 seconds
[2025-09-04T00:54:43.030+0000] {processor.py:153} INFO - Started process (PID=334) to work on /opt/airflow/dags/streaming_functions.py
[2025-09-04T00:54:43.030+0000] {processor.py:743} INFO - Processing file /opt/airflow/dags/streaming_functions.py for tasks to queue
[2025-09-04T00:54:43.031+0000] {logging_mixin.py:137} INFO - [2025-09-04T00:54:43.031+0000] {dagbag.py:538} INFO - Filling up the DagBag from /opt/airflow/dags/streaming_functions.py
[2025-09-04T00:54:43.054+0000] {processor.py:755} WARNING - No viable dags retrieved from /opt/airflow/dags/streaming_functions.py
[2025-09-04T00:54:43.064+0000] {processor.py:175} INFO - Processing /opt/airflow/dags/streaming_functions.py took 0.037 seconds
[2025-09-04T00:55:13.551+0000] {processor.py:153} INFO - Started process (PID=349) to work on /opt/airflow/dags/streaming_functions.py
[2025-09-04T00:55:13.552+0000] {processor.py:743} INFO - Processing file /opt/airflow/dags/streaming_functions.py for tasks to queue
[2025-09-04T00:55:13.552+0000] {logging_mixin.py:137} INFO - [2025-09-04T00:55:13.552+0000] {dagbag.py:538} INFO - Filling up the DagBag from /opt/airflow/dags/streaming_functions.py
[2025-09-04T00:55:13.573+0000] {processor.py:755} WARNING - No viable dags retrieved from /opt/airflow/dags/streaming_functions.py
[2025-09-04T00:55:13.582+0000] {processor.py:175} INFO - Processing /opt/airflow/dags/streaming_functions.py took 0.032 seconds
[2025-09-04T00:55:43.670+0000] {processor.py:153} INFO - Started process (PID=359) to work on /opt/airflow/dags/streaming_functions.py
[2025-09-04T00:55:43.671+0000] {processor.py:743} INFO - Processing file /opt/airflow/dags/streaming_functions.py for tasks to queue
[2025-09-04T00:55:43.671+0000] {logging_mixin.py:137} INFO - [2025-09-04T00:55:43.671+0000] {dagbag.py:538} INFO - Filling up the DagBag from /opt/airflow/dags/streaming_functions.py
[2025-09-04T00:55:43.693+0000] {processor.py:755} WARNING - No viable dags retrieved from /opt/airflow/dags/streaming_functions.py
[2025-09-04T00:55:43.702+0000] {processor.py:175} INFO - Processing /opt/airflow/dags/streaming_functions.py took 0.034 seconds
[2025-09-04T00:56:13.792+0000] {processor.py:153} INFO - Started process (PID=369) to work on /opt/airflow/dags/streaming_functions.py
[2025-09-04T00:56:13.793+0000] {processor.py:743} INFO - Processing file /opt/airflow/dags/streaming_functions.py for tasks to queue
[2025-09-04T00:56:13.793+0000] {logging_mixin.py:137} INFO - [2025-09-04T00:56:13.793+0000] {dagbag.py:538} INFO - Filling up the DagBag from /opt/airflow/dags/streaming_functions.py
[2025-09-04T00:56:13.817+0000] {processor.py:755} WARNING - No viable dags retrieved from /opt/airflow/dags/streaming_functions.py
[2025-09-04T00:56:13.826+0000] {processor.py:175} INFO - Processing /opt/airflow/dags/streaming_functions.py took 0.036 seconds
[2025-09-04T00:56:43.915+0000] {processor.py:153} INFO - Started process (PID=379) to work on /opt/airflow/dags/streaming_functions.py
[2025-09-04T00:56:43.916+0000] {processor.py:743} INFO - Processing file /opt/airflow/dags/streaming_functions.py for tasks to queue
[2025-09-04T00:56:43.916+0000] {logging_mixin.py:137} INFO - [2025-09-04T00:56:43.916+0000] {dagbag.py:538} INFO - Filling up the DagBag from /opt/airflow/dags/streaming_functions.py
[2025-09-04T00:56:43.940+0000] {processor.py:755} WARNING - No viable dags retrieved from /opt/airflow/dags/streaming_functions.py
[2025-09-04T00:56:43.950+0000] {processor.py:175} INFO - Processing /opt/airflow/dags/streaming_functions.py took 0.036 seconds
[2025-09-04T00:57:14.828+0000] {processor.py:153} INFO - Started process (PID=394) to work on /opt/airflow/dags/streaming_functions.py
[2025-09-04T00:57:14.831+0000] {processor.py:743} INFO - Processing file /opt/airflow/dags/streaming_functions.py for tasks to queue
[2025-09-04T00:57:14.831+0000] {logging_mixin.py:137} INFO - [2025-09-04T00:57:14.831+0000] {dagbag.py:538} INFO - Filling up the DagBag from /opt/airflow/dags/streaming_functions.py
[2025-09-04T00:57:14.852+0000] {processor.py:755} WARNING - No viable dags retrieved from /opt/airflow/dags/streaming_functions.py
[2025-09-04T00:57:14.861+0000] {processor.py:175} INFO - Processing /opt/airflow/dags/streaming_functions.py took 0.035 seconds
[2025-09-04T00:57:44.962+0000] {processor.py:153} INFO - Started process (PID=404) to work on /opt/airflow/dags/streaming_functions.py
[2025-09-04T00:57:44.965+0000] {processor.py:743} INFO - Processing file /opt/airflow/dags/streaming_functions.py for tasks to queue
[2025-09-04T00:57:44.965+0000] {logging_mixin.py:137} INFO - [2025-09-04T00:57:44.965+0000] {dagbag.py:538} INFO - Filling up the DagBag from /opt/airflow/dags/streaming_functions.py
[2025-09-04T00:57:44.986+0000] {processor.py:755} WARNING - No viable dags retrieved from /opt/airflow/dags/streaming_functions.py
[2025-09-04T00:57:44.996+0000] {processor.py:175} INFO - Processing /opt/airflow/dags/streaming_functions.py took 0.035 seconds
[2025-09-04T00:58:15.113+0000] {processor.py:153} INFO - Started process (PID=414) to work on /opt/airflow/dags/streaming_functions.py
[2025-09-04T00:58:15.115+0000] {processor.py:743} INFO - Processing file /opt/airflow/dags/streaming_functions.py for tasks to queue
[2025-09-04T00:58:15.116+0000] {logging_mixin.py:137} INFO - [2025-09-04T00:58:15.116+0000] {dagbag.py:538} INFO - Filling up the DagBag from /opt/airflow/dags/streaming_functions.py
[2025-09-04T00:58:15.137+0000] {processor.py:755} WARNING - No viable dags retrieved from /opt/airflow/dags/streaming_functions.py
[2025-09-04T00:58:15.146+0000] {processor.py:175} INFO - Processing /opt/airflow/dags/streaming_functions.py took 0.035 seconds
[2025-09-04T00:58:45.245+0000] {processor.py:153} INFO - Started process (PID=424) to work on /opt/airflow/dags/streaming_functions.py
[2025-09-04T00:58:45.248+0000] {processor.py:743} INFO - Processing file /opt/airflow/dags/streaming_functions.py for tasks to queue
[2025-09-04T00:58:45.249+0000] {logging_mixin.py:137} INFO - [2025-09-04T00:58:45.248+0000] {dagbag.py:538} INFO - Filling up the DagBag from /opt/airflow/dags/streaming_functions.py
[2025-09-04T00:58:45.269+0000] {processor.py:755} WARNING - No viable dags retrieved from /opt/airflow/dags/streaming_functions.py
[2025-09-04T00:58:45.278+0000] {processor.py:175} INFO - Processing /opt/airflow/dags/streaming_functions.py took 0.034 seconds
[2025-09-04T00:59:15.376+0000] {processor.py:153} INFO - Started process (PID=434) to work on /opt/airflow/dags/streaming_functions.py
[2025-09-04T00:59:15.377+0000] {processor.py:743} INFO - Processing file /opt/airflow/dags/streaming_functions.py for tasks to queue
[2025-09-04T00:59:15.377+0000] {logging_mixin.py:137} INFO - [2025-09-04T00:59:15.377+0000] {dagbag.py:538} INFO - Filling up the DagBag from /opt/airflow/dags/streaming_functions.py
[2025-09-04T00:59:15.398+0000] {processor.py:755} WARNING - No viable dags retrieved from /opt/airflow/dags/streaming_functions.py
[2025-09-04T00:59:15.407+0000] {processor.py:175} INFO - Processing /opt/airflow/dags/streaming_functions.py took 0.033 seconds
[2025-09-04T00:59:45.503+0000] {processor.py:153} INFO - Started process (PID=444) to work on /opt/airflow/dags/streaming_functions.py
[2025-09-04T00:59:45.503+0000] {processor.py:743} INFO - Processing file /opt/airflow/dags/streaming_functions.py for tasks to queue
[2025-09-04T00:59:45.503+0000] {logging_mixin.py:137} INFO - [2025-09-04T00:59:45.503+0000] {dagbag.py:538} INFO - Filling up the DagBag from /opt/airflow/dags/streaming_functions.py
[2025-09-04T00:59:45.524+0000] {processor.py:755} WARNING - No viable dags retrieved from /opt/airflow/dags/streaming_functions.py
[2025-09-04T00:59:45.533+0000] {processor.py:175} INFO - Processing /opt/airflow/dags/streaming_functions.py took 0.032 seconds
[2025-09-04T01:00:15.703+0000] {processor.py:153} INFO - Started process (PID=459) to work on /opt/airflow/dags/streaming_functions.py
[2025-09-04T01:00:15.704+0000] {processor.py:743} INFO - Processing file /opt/airflow/dags/streaming_functions.py for tasks to queue
[2025-09-04T01:00:15.705+0000] {logging_mixin.py:137} INFO - [2025-09-04T01:00:15.704+0000] {dagbag.py:538} INFO - Filling up the DagBag from /opt/airflow/dags/streaming_functions.py
[2025-09-04T01:00:15.731+0000] {processor.py:755} WARNING - No viable dags retrieved from /opt/airflow/dags/streaming_functions.py
[2025-09-04T01:00:15.741+0000] {processor.py:175} INFO - Processing /opt/airflow/dags/streaming_functions.py took 0.041 seconds
[2025-09-04T01:00:45.845+0000] {processor.py:153} INFO - Started process (PID=469) to work on /opt/airflow/dags/streaming_functions.py
[2025-09-04T01:00:45.848+0000] {processor.py:743} INFO - Processing file /opt/airflow/dags/streaming_functions.py for tasks to queue
[2025-09-04T01:00:45.848+0000] {logging_mixin.py:137} INFO - [2025-09-04T01:00:45.848+0000] {dagbag.py:538} INFO - Filling up the DagBag from /opt/airflow/dags/streaming_functions.py
[2025-09-04T01:00:45.871+0000] {processor.py:755} WARNING - No viable dags retrieved from /opt/airflow/dags/streaming_functions.py
[2025-09-04T01:00:45.882+0000] {processor.py:175} INFO - Processing /opt/airflow/dags/streaming_functions.py took 0.039 seconds
[2025-09-04T01:01:15.984+0000] {processor.py:153} INFO - Started process (PID=479) to work on /opt/airflow/dags/streaming_functions.py
[2025-09-04T01:01:15.984+0000] {processor.py:743} INFO - Processing file /opt/airflow/dags/streaming_functions.py for tasks to queue
[2025-09-04T01:01:15.985+0000] {logging_mixin.py:137} INFO - [2025-09-04T01:01:15.985+0000] {dagbag.py:538} INFO - Filling up the DagBag from /opt/airflow/dags/streaming_functions.py
[2025-09-04T01:01:16.006+0000] {processor.py:755} WARNING - No viable dags retrieved from /opt/airflow/dags/streaming_functions.py
[2025-09-04T01:01:16.016+0000] {processor.py:175} INFO - Processing /opt/airflow/dags/streaming_functions.py took 0.034 seconds
[2025-09-04T01:01:46.117+0000] {processor.py:153} INFO - Started process (PID=489) to work on /opt/airflow/dags/streaming_functions.py
[2025-09-04T01:01:46.118+0000] {processor.py:743} INFO - Processing file /opt/airflow/dags/streaming_functions.py for tasks to queue
[2025-09-04T01:01:46.118+0000] {logging_mixin.py:137} INFO - [2025-09-04T01:01:46.118+0000] {dagbag.py:538} INFO - Filling up the DagBag from /opt/airflow/dags/streaming_functions.py
[2025-09-04T01:01:46.142+0000] {processor.py:755} WARNING - No viable dags retrieved from /opt/airflow/dags/streaming_functions.py
[2025-09-04T01:01:46.151+0000] {processor.py:175} INFO - Processing /opt/airflow/dags/streaming_functions.py took 0.037 seconds
[2025-09-04T01:02:16.250+0000] {processor.py:153} INFO - Started process (PID=499) to work on /opt/airflow/dags/streaming_functions.py
[2025-09-04T01:02:16.251+0000] {processor.py:743} INFO - Processing file /opt/airflow/dags/streaming_functions.py for tasks to queue
[2025-09-04T01:02:16.251+0000] {logging_mixin.py:137} INFO - [2025-09-04T01:02:16.251+0000] {dagbag.py:538} INFO - Filling up the DagBag from /opt/airflow/dags/streaming_functions.py
[2025-09-04T01:02:16.272+0000] {processor.py:755} WARNING - No viable dags retrieved from /opt/airflow/dags/streaming_functions.py
[2025-09-04T01:02:16.281+0000] {processor.py:175} INFO - Processing /opt/airflow/dags/streaming_functions.py took 0.032 seconds
[2025-09-04T01:02:46.377+0000] {processor.py:153} INFO - Started process (PID=509) to work on /opt/airflow/dags/streaming_functions.py
[2025-09-04T01:02:46.380+0000] {processor.py:743} INFO - Processing file /opt/airflow/dags/streaming_functions.py for tasks to queue
[2025-09-04T01:02:46.380+0000] {logging_mixin.py:137} INFO - [2025-09-04T01:02:46.380+0000] {dagbag.py:538} INFO - Filling up the DagBag from /opt/airflow/dags/streaming_functions.py
[2025-09-04T01:02:46.401+0000] {processor.py:755} WARNING - No viable dags retrieved from /opt/airflow/dags/streaming_functions.py
[2025-09-04T01:02:46.410+0000] {processor.py:175} INFO - Processing /opt/airflow/dags/streaming_functions.py took 0.034 seconds
[2025-09-04T01:03:16.935+0000] {processor.py:153} INFO - Started process (PID=524) to work on /opt/airflow/dags/streaming_functions.py
[2025-09-04T01:03:16.936+0000] {processor.py:743} INFO - Processing file /opt/airflow/dags/streaming_functions.py for tasks to queue
[2025-09-04T01:03:16.936+0000] {logging_mixin.py:137} INFO - [2025-09-04T01:03:16.936+0000] {dagbag.py:538} INFO - Filling up the DagBag from /opt/airflow/dags/streaming_functions.py
[2025-09-04T01:03:16.957+0000] {processor.py:755} WARNING - No viable dags retrieved from /opt/airflow/dags/streaming_functions.py
[2025-09-04T01:03:16.967+0000] {processor.py:175} INFO - Processing /opt/airflow/dags/streaming_functions.py took 0.033 seconds
[2025-09-04T01:03:47.068+0000] {processor.py:153} INFO - Started process (PID=534) to work on /opt/airflow/dags/streaming_functions.py
[2025-09-04T01:03:47.071+0000] {processor.py:743} INFO - Processing file /opt/airflow/dags/streaming_functions.py for tasks to queue
[2025-09-04T01:03:47.071+0000] {logging_mixin.py:137} INFO - [2025-09-04T01:03:47.071+0000] {dagbag.py:538} INFO - Filling up the DagBag from /opt/airflow/dags/streaming_functions.py
[2025-09-04T01:03:47.091+0000] {processor.py:755} WARNING - No viable dags retrieved from /opt/airflow/dags/streaming_functions.py
[2025-09-04T01:03:47.101+0000] {processor.py:175} INFO - Processing /opt/airflow/dags/streaming_functions.py took 0.035 seconds
[2025-09-04T01:04:17.219+0000] {processor.py:153} INFO - Started process (PID=544) to work on /opt/airflow/dags/streaming_functions.py
[2025-09-04T01:04:17.220+0000] {processor.py:743} INFO - Processing file /opt/airflow/dags/streaming_functions.py for tasks to queue
[2025-09-04T01:04:17.220+0000] {logging_mixin.py:137} INFO - [2025-09-04T01:04:17.220+0000] {dagbag.py:538} INFO - Filling up the DagBag from /opt/airflow/dags/streaming_functions.py
[2025-09-04T01:04:17.241+0000] {processor.py:755} WARNING - No viable dags retrieved from /opt/airflow/dags/streaming_functions.py
[2025-09-04T01:04:17.250+0000] {processor.py:175} INFO - Processing /opt/airflow/dags/streaming_functions.py took 0.032 seconds
[2025-09-04T01:04:47.350+0000] {processor.py:153} INFO - Started process (PID=554) to work on /opt/airflow/dags/streaming_functions.py
[2025-09-04T01:04:47.351+0000] {processor.py:743} INFO - Processing file /opt/airflow/dags/streaming_functions.py for tasks to queue
[2025-09-04T01:04:47.351+0000] {logging_mixin.py:137} INFO - [2025-09-04T01:04:47.351+0000] {dagbag.py:538} INFO - Filling up the DagBag from /opt/airflow/dags/streaming_functions.py
[2025-09-04T01:04:47.372+0000] {processor.py:755} WARNING - No viable dags retrieved from /opt/airflow/dags/streaming_functions.py
[2025-09-04T01:04:47.381+0000] {processor.py:175} INFO - Processing /opt/airflow/dags/streaming_functions.py took 0.033 seconds
[2025-09-04T01:05:17.487+0000] {processor.py:153} INFO - Started process (PID=564) to work on /opt/airflow/dags/streaming_functions.py
[2025-09-04T01:05:17.487+0000] {processor.py:743} INFO - Processing file /opt/airflow/dags/streaming_functions.py for tasks to queue
[2025-09-04T01:05:17.488+0000] {logging_mixin.py:137} INFO - [2025-09-04T01:05:17.487+0000] {dagbag.py:538} INFO - Filling up the DagBag from /opt/airflow/dags/streaming_functions.py
[2025-09-04T01:05:17.508+0000] {processor.py:755} WARNING - No viable dags retrieved from /opt/airflow/dags/streaming_functions.py
[2025-09-04T01:05:17.518+0000] {processor.py:175} INFO - Processing /opt/airflow/dags/streaming_functions.py took 0.033 seconds
[2025-09-04T01:05:47.631+0000] {processor.py:153} INFO - Started process (PID=574) to work on /opt/airflow/dags/streaming_functions.py
[2025-09-04T01:05:47.631+0000] {processor.py:743} INFO - Processing file /opt/airflow/dags/streaming_functions.py for tasks to queue
[2025-09-04T01:05:47.632+0000] {logging_mixin.py:137} INFO - [2025-09-04T01:05:47.632+0000] {dagbag.py:538} INFO - Filling up the DagBag from /opt/airflow/dags/streaming_functions.py
[2025-09-04T01:05:47.652+0000] {processor.py:755} WARNING - No viable dags retrieved from /opt/airflow/dags/streaming_functions.py
[2025-09-04T01:05:47.661+0000] {processor.py:175} INFO - Processing /opt/airflow/dags/streaming_functions.py took 0.032 seconds
[2025-09-04T01:06:17.759+0000] {processor.py:153} INFO - Started process (PID=589) to work on /opt/airflow/dags/streaming_functions.py
[2025-09-04T01:06:17.760+0000] {processor.py:743} INFO - Processing file /opt/airflow/dags/streaming_functions.py for tasks to queue
[2025-09-04T01:06:17.760+0000] {logging_mixin.py:137} INFO - [2025-09-04T01:06:17.760+0000] {dagbag.py:538} INFO - Filling up the DagBag from /opt/airflow/dags/streaming_functions.py
[2025-09-04T01:06:17.781+0000] {processor.py:755} WARNING - No viable dags retrieved from /opt/airflow/dags/streaming_functions.py
[2025-09-04T01:06:17.790+0000] {processor.py:175} INFO - Processing /opt/airflow/dags/streaming_functions.py took 0.032 seconds
[2025-09-04T01:06:47.890+0000] {processor.py:153} INFO - Started process (PID=599) to work on /opt/airflow/dags/streaming_functions.py
[2025-09-04T01:06:47.891+0000] {processor.py:743} INFO - Processing file /opt/airflow/dags/streaming_functions.py for tasks to queue
[2025-09-04T01:06:47.891+0000] {logging_mixin.py:137} INFO - [2025-09-04T01:06:47.891+0000] {dagbag.py:538} INFO - Filling up the DagBag from /opt/airflow/dags/streaming_functions.py
[2025-09-04T01:06:47.912+0000] {processor.py:755} WARNING - No viable dags retrieved from /opt/airflow/dags/streaming_functions.py
[2025-09-04T01:06:47.921+0000] {processor.py:175} INFO - Processing /opt/airflow/dags/streaming_functions.py took 0.033 seconds
[2025-09-04T01:07:18.040+0000] {processor.py:153} INFO - Started process (PID=609) to work on /opt/airflow/dags/streaming_functions.py
[2025-09-04T01:07:18.041+0000] {processor.py:743} INFO - Processing file /opt/airflow/dags/streaming_functions.py for tasks to queue
[2025-09-04T01:07:18.041+0000] {logging_mixin.py:137} INFO - [2025-09-04T01:07:18.041+0000] {dagbag.py:538} INFO - Filling up the DagBag from /opt/airflow/dags/streaming_functions.py
[2025-09-04T01:07:18.061+0000] {processor.py:755} WARNING - No viable dags retrieved from /opt/airflow/dags/streaming_functions.py
[2025-09-04T01:07:18.071+0000] {processor.py:175} INFO - Processing /opt/airflow/dags/streaming_functions.py took 0.032 seconds
[2025-09-04T01:07:48.170+0000] {processor.py:153} INFO - Started process (PID=619) to work on /opt/airflow/dags/streaming_functions.py
[2025-09-04T01:07:48.171+0000] {processor.py:743} INFO - Processing file /opt/airflow/dags/streaming_functions.py for tasks to queue
[2025-09-04T01:07:48.171+0000] {logging_mixin.py:137} INFO - [2025-09-04T01:07:48.171+0000] {dagbag.py:538} INFO - Filling up the DagBag from /opt/airflow/dags/streaming_functions.py
[2025-09-04T01:07:48.192+0000] {processor.py:755} WARNING - No viable dags retrieved from /opt/airflow/dags/streaming_functions.py
[2025-09-04T01:07:48.200+0000] {processor.py:175} INFO - Processing /opt/airflow/dags/streaming_functions.py took 0.032 seconds
[2025-09-04T01:08:18.321+0000] {processor.py:153} INFO - Started process (PID=629) to work on /opt/airflow/dags/streaming_functions.py
[2025-09-04T01:08:18.324+0000] {processor.py:743} INFO - Processing file /opt/airflow/dags/streaming_functions.py for tasks to queue
[2025-09-04T01:08:18.325+0000] {logging_mixin.py:137} INFO - [2025-09-04T01:08:18.325+0000] {dagbag.py:538} INFO - Filling up the DagBag from /opt/airflow/dags/streaming_functions.py
[2025-09-04T01:08:18.345+0000] {processor.py:755} WARNING - No viable dags retrieved from /opt/airflow/dags/streaming_functions.py
[2025-09-04T01:08:18.354+0000] {processor.py:175} INFO - Processing /opt/airflow/dags/streaming_functions.py took 0.034 seconds
[2025-09-04T01:08:48.456+0000] {processor.py:153} INFO - Started process (PID=639) to work on /opt/airflow/dags/streaming_functions.py
[2025-09-04T01:08:48.457+0000] {processor.py:743} INFO - Processing file /opt/airflow/dags/streaming_functions.py for tasks to queue
[2025-09-04T01:08:48.457+0000] {logging_mixin.py:137} INFO - [2025-09-04T01:08:48.457+0000] {dagbag.py:538} INFO - Filling up the DagBag from /opt/airflow/dags/streaming_functions.py
[2025-09-04T01:08:48.477+0000] {processor.py:755} WARNING - No viable dags retrieved from /opt/airflow/dags/streaming_functions.py
[2025-09-04T01:08:48.486+0000] {processor.py:175} INFO - Processing /opt/airflow/dags/streaming_functions.py took 0.032 seconds
[2025-09-04T01:09:18.572+0000] {processor.py:153} INFO - Started process (PID=654) to work on /opt/airflow/dags/streaming_functions.py
[2025-09-04T01:09:18.573+0000] {processor.py:743} INFO - Processing file /opt/airflow/dags/streaming_functions.py for tasks to queue
[2025-09-04T01:09:18.573+0000] {logging_mixin.py:137} INFO - [2025-09-04T01:09:18.573+0000] {dagbag.py:538} INFO - Filling up the DagBag from /opt/airflow/dags/streaming_functions.py
[2025-09-04T01:09:18.594+0000] {processor.py:755} WARNING - No viable dags retrieved from /opt/airflow/dags/streaming_functions.py
[2025-09-04T01:09:18.603+0000] {processor.py:175} INFO - Processing /opt/airflow/dags/streaming_functions.py took 0.032 seconds
[2025-09-04T01:09:48.709+0000] {processor.py:153} INFO - Started process (PID=664) to work on /opt/airflow/dags/streaming_functions.py
[2025-09-04T01:09:48.712+0000] {processor.py:743} INFO - Processing file /opt/airflow/dags/streaming_functions.py for tasks to queue
[2025-09-04T01:09:48.712+0000] {logging_mixin.py:137} INFO - [2025-09-04T01:09:48.712+0000] {dagbag.py:538} INFO - Filling up the DagBag from /opt/airflow/dags/streaming_functions.py
[2025-09-04T01:09:48.733+0000] {processor.py:755} WARNING - No viable dags retrieved from /opt/airflow/dags/streaming_functions.py
[2025-09-04T01:09:48.742+0000] {processor.py:175} INFO - Processing /opt/airflow/dags/streaming_functions.py took 0.035 seconds
[2025-09-04T01:10:18.846+0000] {processor.py:153} INFO - Started process (PID=674) to work on /opt/airflow/dags/streaming_functions.py
[2025-09-04T01:10:18.849+0000] {processor.py:743} INFO - Processing file /opt/airflow/dags/streaming_functions.py for tasks to queue
[2025-09-04T01:10:18.850+0000] {logging_mixin.py:137} INFO - [2025-09-04T01:10:18.849+0000] {dagbag.py:538} INFO - Filling up the DagBag from /opt/airflow/dags/streaming_functions.py
[2025-09-04T01:10:18.870+0000] {processor.py:755} WARNING - No viable dags retrieved from /opt/airflow/dags/streaming_functions.py
[2025-09-04T01:10:18.880+0000] {processor.py:175} INFO - Processing /opt/airflow/dags/streaming_functions.py took 0.035 seconds
[2025-09-04T01:10:48.992+0000] {processor.py:153} INFO - Started process (PID=684) to work on /opt/airflow/dags/streaming_functions.py
[2025-09-04T01:10:48.993+0000] {processor.py:743} INFO - Processing file /opt/airflow/dags/streaming_functions.py for tasks to queue
[2025-09-04T01:10:48.993+0000] {logging_mixin.py:137} INFO - [2025-09-04T01:10:48.993+0000] {dagbag.py:538} INFO - Filling up the DagBag from /opt/airflow/dags/streaming_functions.py
[2025-09-04T01:10:49.014+0000] {processor.py:755} WARNING - No viable dags retrieved from /opt/airflow/dags/streaming_functions.py
[2025-09-04T01:10:49.023+0000] {processor.py:175} INFO - Processing /opt/airflow/dags/streaming_functions.py took 0.033 seconds
[2025-09-04T01:11:19.123+0000] {processor.py:153} INFO - Started process (PID=694) to work on /opt/airflow/dags/streaming_functions.py
[2025-09-04T01:11:19.123+0000] {processor.py:743} INFO - Processing file /opt/airflow/dags/streaming_functions.py for tasks to queue
[2025-09-04T01:11:19.124+0000] {logging_mixin.py:137} INFO - [2025-09-04T01:11:19.124+0000] {dagbag.py:538} INFO - Filling up the DagBag from /opt/airflow/dags/streaming_functions.py
[2025-09-04T01:11:19.145+0000] {processor.py:755} WARNING - No viable dags retrieved from /opt/airflow/dags/streaming_functions.py
[2025-09-04T01:11:19.154+0000] {processor.py:175} INFO - Processing /opt/airflow/dags/streaming_functions.py took 0.033 seconds
