[2025-09-03T19:41:36.169+0000] {taskinstance.py:1083} INFO - Dependencies all met for <TaskInstance: streaming_complete_pipeline.start_streaming_consumer manual__2025-09-03T19:41:22.618690+00:00 [queued]>
[2025-09-03T19:41:36.175+0000] {taskinstance.py:1083} INFO - Dependencies all met for <TaskInstance: streaming_complete_pipeline.start_streaming_consumer manual__2025-09-03T19:41:22.618690+00:00 [queued]>
[2025-09-03T19:41:36.175+0000] {taskinstance.py:1279} INFO - 
--------------------------------------------------------------------------------
[2025-09-03T19:41:36.175+0000] {taskinstance.py:1280} INFO - Starting attempt 1 of 2
[2025-09-03T19:41:36.176+0000] {taskinstance.py:1281} INFO - 
--------------------------------------------------------------------------------
[2025-09-03T19:41:36.183+0000] {taskinstance.py:1300} INFO - Executing <Task(PythonOperator): start_streaming_consumer> on 2025-09-03 19:41:22.618690+00:00
[2025-09-03T19:41:36.185+0000] {standard_task_runner.py:55} INFO - Started process 356 to run task
[2025-09-03T19:41:36.187+0000] {standard_task_runner.py:82} INFO - Running: ['***', 'tasks', 'run', 'streaming_complete_pipeline', 'start_streaming_consumer', 'manual__2025-09-03T19:41:22.618690+00:00', '--job-id', '8', '--raw', '--subdir', 'DAGS_FOLDER/dag_streaming_complete.py', '--cfg-path', '/tmp/tmpevv49r9b']
[2025-09-03T19:41:36.188+0000] {standard_task_runner.py:83} INFO - Job 8: Subtask start_streaming_consumer
[2025-09-03T19:41:36.198+0000] {logging_mixin.py:137} WARNING - /usr/local/lib/python3.9/site-packages/***/settings.py:249 DeprecationWarning: The sql_alchemy_conn option in [core] has been moved to the sql_alchemy_conn option in [database] - the old setting has been used, but please update your config.
[2025-09-03T19:41:36.231+0000] {task_command.py:388} INFO - Running <TaskInstance: streaming_complete_pipeline.start_streaming_consumer manual__2025-09-03T19:41:22.618690+00:00 [running]> on host e954bc4828da
[2025-09-03T19:41:36.273+0000] {taskinstance.py:1507} INFO - Exporting the following env vars:
AIRFLOW_CTX_DAG_OWNER=Klaus_Rezende
AIRFLOW_CTX_DAG_ID=streaming_complete_pipeline
AIRFLOW_CTX_TASK_ID=start_streaming_consumer
AIRFLOW_CTX_EXECUTION_DATE=2025-09-03T19:41:22.618690+00:00
AIRFLOW_CTX_TRY_NUMBER=1
AIRFLOW_CTX_DAG_RUN_ID=manual__2025-09-03T19:41:22.618690+00:00
[2025-09-03T19:41:36.277+0000] {logging_mixin.py:137} INFO - Consumer started with PID: 357
[2025-09-03T19:41:36.278+0000] {python.py:177} INFO - Done. Returned value was: None
[2025-09-03T19:41:36.286+0000] {taskinstance.py:1318} INFO - Marking task as SUCCESS. dag_id=streaming_complete_pipeline, task_id=start_streaming_consumer, execution_date=20250903T194122, start_date=20250903T194136, end_date=20250903T194136
[2025-09-03T19:41:36.319+0000] {local_task_job.py:208} INFO - Task exited with return code 0
[2025-09-03T19:41:36.333+0000] {taskinstance.py:2578} INFO - 1 downstream tasks scheduled from follow-on schedule check
