[2025-09-03T19:35:50.137+0000] {processor.py:153} INFO - Started process (PID=182) to work on /opt/airflow/dags/dag_streaming.py
[2025-09-03T19:35:50.139+0000] {processor.py:743} INFO - Processing file /opt/airflow/dags/dag_streaming.py for tasks to queue
[2025-09-03T19:35:50.140+0000] {logging_mixin.py:137} INFO - [2025-09-03T19:35:50.140+0000] {dagbag.py:538} INFO - Filling up the DagBag from /opt/airflow/dags/dag_streaming.py
[2025-09-03T19:35:50.390+0000] {processor.py:753} INFO - DAG(s) dict_keys(['streaming_pipeline']) retrieved from /opt/airflow/dags/dag_streaming.py
[2025-09-03T19:35:50.516+0000] {logging_mixin.py:137} INFO - [2025-09-03T19:35:50.516+0000] {manager.py:349} ERROR - Add Permission: (psycopg2.errors.UniqueViolation) duplicate key value violates unique constraint "ab_permission_name_uq"
DETAIL:  Key (name)=(can_read) already exists.

[SQL: INSERT INTO ab_permission (name) VALUES (%(name)s) RETURNING ab_permission.id]
[parameters: {'name': 'can_read'}]
(Background on this error at: https://sqlalche.me/e/14/gkpj)
[2025-09-03T19:35:50.523+0000] {logging_mixin.py:137} INFO - [2025-09-03T19:35:50.523+0000] {manager.py:504} INFO - Created Permission View: None on DAG:streaming_pipeline
[2025-09-03T19:35:50.531+0000] {logging_mixin.py:137} INFO - [2025-09-03T19:35:50.531+0000] {manager.py:504} INFO - Created Permission View: can edit on DAG:streaming_pipeline
[2025-09-03T19:35:50.537+0000] {logging_mixin.py:137} INFO - [2025-09-03T19:35:50.537+0000] {manager.py:349} ERROR - Add Permission: (psycopg2.errors.UniqueViolation) duplicate key value violates unique constraint "ab_permission_name_uq"
DETAIL:  Key (name)=(can_delete) already exists.

[SQL: INSERT INTO ab_permission (name) VALUES (%(name)s) RETURNING ab_permission.id]
[parameters: {'name': 'can_delete'}]
(Background on this error at: https://sqlalche.me/e/14/gkpj)
[2025-09-03T19:35:50.541+0000] {logging_mixin.py:137} INFO - [2025-09-03T19:35:50.541+0000] {manager.py:504} INFO - Created Permission View: None on DAG:streaming_pipeline
[2025-09-03T19:35:50.542+0000] {logging_mixin.py:137} INFO - [2025-09-03T19:35:50.541+0000] {dag.py:2690} INFO - Sync 1 DAGs
[2025-09-03T19:35:50.554+0000] {logging_mixin.py:137} INFO - [2025-09-03T19:35:50.554+0000] {dag.py:2711} INFO - Creating ORM DAG for streaming_pipeline
[2025-09-03T19:35:50.567+0000] {logging_mixin.py:137} INFO - [2025-09-03T19:35:50.567+0000] {dag.py:3437} INFO - Setting next_dagrun for streaming_pipeline to None, run_after=None
[2025-09-03T19:35:50.583+0000] {processor.py:175} INFO - Processing /opt/airflow/dags/dag_streaming.py took 0.453 seconds
[2025-09-03T19:36:20.688+0000] {processor.py:153} INFO - Started process (PID=212) to work on /opt/airflow/dags/dag_streaming.py
[2025-09-03T19:36:20.689+0000] {processor.py:743} INFO - Processing file /opt/airflow/dags/dag_streaming.py for tasks to queue
[2025-09-03T19:36:20.689+0000] {logging_mixin.py:137} INFO - [2025-09-03T19:36:20.689+0000] {dagbag.py:538} INFO - Filling up the DagBag from /opt/airflow/dags/dag_streaming.py
[2025-09-03T19:36:20.704+0000] {processor.py:753} INFO - DAG(s) dict_keys(['streaming_pipeline']) retrieved from /opt/airflow/dags/dag_streaming.py
[2025-09-03T19:36:20.725+0000] {logging_mixin.py:137} INFO - [2025-09-03T19:36:20.725+0000] {dag.py:2690} INFO - Sync 1 DAGs
[2025-09-03T19:36:20.744+0000] {logging_mixin.py:137} INFO - [2025-09-03T19:36:20.744+0000] {dag.py:3437} INFO - Setting next_dagrun for streaming_pipeline to None, run_after=None
[2025-09-03T19:36:20.756+0000] {processor.py:175} INFO - Processing /opt/airflow/dags/dag_streaming.py took 0.070 seconds
[2025-09-03T19:37:15.410+0000] {processor.py:153} INFO - Started process (PID=222) to work on /opt/airflow/dags/dag_streaming.py
[2025-09-03T19:37:15.410+0000] {processor.py:743} INFO - Processing file /opt/airflow/dags/dag_streaming.py for tasks to queue
[2025-09-03T19:37:15.411+0000] {logging_mixin.py:137} INFO - [2025-09-03T19:37:15.410+0000] {dagbag.py:538} INFO - Filling up the DagBag from /opt/airflow/dags/dag_streaming.py
[2025-09-03T19:37:15.420+0000] {processor.py:753} INFO - DAG(s) dict_keys(['streaming_pipeline']) retrieved from /opt/airflow/dags/dag_streaming.py
[2025-09-03T19:37:15.434+0000] {logging_mixin.py:137} INFO - [2025-09-03T19:37:15.434+0000] {dag.py:2690} INFO - Sync 1 DAGs
[2025-09-03T19:37:15.447+0000] {logging_mixin.py:137} INFO - [2025-09-03T19:37:15.447+0000] {dag.py:3437} INFO - Setting next_dagrun for streaming_pipeline to None, run_after=None
[2025-09-03T19:37:15.457+0000] {processor.py:175} INFO - Processing /opt/airflow/dags/dag_streaming.py took 0.049 seconds
[2025-09-03T19:37:45.530+0000] {processor.py:153} INFO - Started process (PID=232) to work on /opt/airflow/dags/dag_streaming.py
[2025-09-03T19:37:45.531+0000] {processor.py:743} INFO - Processing file /opt/airflow/dags/dag_streaming.py for tasks to queue
[2025-09-03T19:37:45.531+0000] {logging_mixin.py:137} INFO - [2025-09-03T19:37:45.531+0000] {dagbag.py:538} INFO - Filling up the DagBag from /opt/airflow/dags/dag_streaming.py
[2025-09-03T19:37:45.546+0000] {processor.py:753} INFO - DAG(s) dict_keys(['streaming_pipeline']) retrieved from /opt/airflow/dags/dag_streaming.py
[2025-09-03T19:36:54.948+0000] {logging_mixin.py:137} INFO - [2025-09-03T19:36:54.948+0000] {dag.py:2690} INFO - Sync 1 DAGs
[2025-09-03T19:36:54.962+0000] {logging_mixin.py:137} INFO - [2025-09-03T19:36:54.962+0000] {dag.py:3437} INFO - Setting next_dagrun for streaming_pipeline to None, run_after=None
[2025-09-03T19:36:54.973+0000] {processor.py:175} INFO - Processing /opt/airflow/dags/dag_streaming.py took 0.062 seconds
[2025-09-03T19:37:50.556+0000] {processor.py:153} INFO - Started process (PID=242) to work on /opt/airflow/dags/dag_streaming.py
[2025-09-03T19:37:50.557+0000] {processor.py:743} INFO - Processing file /opt/airflow/dags/dag_streaming.py for tasks to queue
[2025-09-03T19:37:50.557+0000] {logging_mixin.py:137} INFO - [2025-09-03T19:37:50.557+0000] {dagbag.py:538} INFO - Filling up the DagBag from /opt/airflow/dags/dag_streaming.py
[2025-09-03T19:37:50.567+0000] {processor.py:753} INFO - DAG(s) dict_keys(['streaming_pipeline']) retrieved from /opt/airflow/dags/dag_streaming.py
[2025-09-03T19:36:59.954+0000] {logging_mixin.py:137} INFO - [2025-09-03T19:36:59.954+0000] {dag.py:2690} INFO - Sync 1 DAGs
[2025-09-03T19:36:59.967+0000] {logging_mixin.py:137} INFO - [2025-09-03T19:36:59.967+0000] {dag.py:3437} INFO - Setting next_dagrun for streaming_pipeline to None, run_after=None
[2025-09-03T19:36:59.978+0000] {processor.py:175} INFO - Processing /opt/airflow/dags/dag_streaming.py took 0.053 seconds
[2025-09-03T19:37:55.634+0000] {processor.py:153} INFO - Started process (PID=252) to work on /opt/airflow/dags/dag_streaming.py
[2025-09-03T19:37:55.634+0000] {processor.py:743} INFO - Processing file /opt/airflow/dags/dag_streaming.py for tasks to queue
[2025-09-03T19:37:55.635+0000] {logging_mixin.py:137} INFO - [2025-09-03T19:37:55.635+0000] {dagbag.py:538} INFO - Filling up the DagBag from /opt/airflow/dags/dag_streaming.py
[2025-09-03T19:37:55.649+0000] {processor.py:753} INFO - DAG(s) dict_keys(['streaming_pipeline']) retrieved from /opt/airflow/dags/dag_streaming.py
[2025-09-03T19:37:55.668+0000] {logging_mixin.py:137} INFO - [2025-09-03T19:37:55.667+0000] {dag.py:2690} INFO - Sync 1 DAGs
[2025-09-03T19:37:55.686+0000] {logging_mixin.py:137} INFO - [2025-09-03T19:37:55.686+0000] {dag.py:3437} INFO - Setting next_dagrun for streaming_pipeline to None, run_after=None
[2025-09-03T19:37:55.698+0000] {processor.py:175} INFO - Processing /opt/airflow/dags/dag_streaming.py took 0.067 seconds
[2025-09-03T19:38:26.299+0000] {processor.py:153} INFO - Started process (PID=265) to work on /opt/airflow/dags/dag_streaming.py
[2025-09-03T19:38:26.300+0000] {processor.py:743} INFO - Processing file /opt/airflow/dags/dag_streaming.py for tasks to queue
[2025-09-03T19:38:26.300+0000] {logging_mixin.py:137} INFO - [2025-09-03T19:38:26.300+0000] {dagbag.py:538} INFO - Filling up the DagBag from /opt/airflow/dags/dag_streaming.py
[2025-09-03T19:38:26.314+0000] {processor.py:753} INFO - DAG(s) dict_keys(['streaming_pipeline']) retrieved from /opt/airflow/dags/dag_streaming.py
[2025-09-03T19:38:26.332+0000] {logging_mixin.py:137} INFO - [2025-09-03T19:38:26.332+0000] {dag.py:2690} INFO - Sync 1 DAGs
[2025-09-03T19:38:26.346+0000] {logging_mixin.py:137} INFO - [2025-09-03T19:38:26.346+0000] {dag.py:3437} INFO - Setting next_dagrun for streaming_pipeline to None, run_after=None
[2025-09-03T19:38:26.358+0000] {processor.py:175} INFO - Processing /opt/airflow/dags/dag_streaming.py took 0.062 seconds
[2025-09-03T19:38:56.420+0000] {processor.py:153} INFO - Started process (PID=275) to work on /opt/airflow/dags/dag_streaming.py
[2025-09-03T19:38:56.421+0000] {processor.py:743} INFO - Processing file /opt/airflow/dags/dag_streaming.py for tasks to queue
[2025-09-03T19:38:56.422+0000] {logging_mixin.py:137} INFO - [2025-09-03T19:38:56.422+0000] {dagbag.py:538} INFO - Filling up the DagBag from /opt/airflow/dags/dag_streaming.py
[2025-09-03T19:38:56.435+0000] {processor.py:753} INFO - DAG(s) dict_keys(['streaming_pipeline']) retrieved from /opt/airflow/dags/dag_streaming.py
[2025-09-03T19:38:56.454+0000] {logging_mixin.py:137} INFO - [2025-09-03T19:38:56.454+0000] {dag.py:2690} INFO - Sync 1 DAGs
[2025-09-03T19:38:56.469+0000] {logging_mixin.py:137} INFO - [2025-09-03T19:38:56.469+0000] {dag.py:3437} INFO - Setting next_dagrun for streaming_pipeline to None, run_after=None
[2025-09-03T19:38:56.480+0000] {processor.py:175} INFO - Processing /opt/airflow/dags/dag_streaming.py took 0.062 seconds
[2025-09-03T19:39:26.553+0000] {processor.py:153} INFO - Started process (PID=285) to work on /opt/airflow/dags/dag_streaming.py
[2025-09-03T19:39:26.553+0000] {processor.py:743} INFO - Processing file /opt/airflow/dags/dag_streaming.py for tasks to queue
[2025-09-03T19:39:26.554+0000] {logging_mixin.py:137} INFO - [2025-09-03T19:39:26.554+0000] {dagbag.py:538} INFO - Filling up the DagBag from /opt/airflow/dags/dag_streaming.py
[2025-09-03T19:39:26.567+0000] {processor.py:753} INFO - DAG(s) dict_keys(['streaming_pipeline']) retrieved from /opt/airflow/dags/dag_streaming.py
[2025-09-03T19:39:26.584+0000] {logging_mixin.py:137} INFO - [2025-09-03T19:39:26.584+0000] {dag.py:2690} INFO - Sync 1 DAGs
[2025-09-03T19:39:26.600+0000] {logging_mixin.py:137} INFO - [2025-09-03T19:39:26.599+0000] {dag.py:3437} INFO - Setting next_dagrun for streaming_pipeline to None, run_after=None
[2025-09-03T19:39:26.612+0000] {processor.py:175} INFO - Processing /opt/airflow/dags/dag_streaming.py took 0.062 seconds
[2025-09-03T19:39:56.666+0000] {processor.py:153} INFO - Started process (PID=295) to work on /opt/airflow/dags/dag_streaming.py
[2025-09-03T19:39:56.670+0000] {processor.py:743} INFO - Processing file /opt/airflow/dags/dag_streaming.py for tasks to queue
[2025-09-03T19:39:56.670+0000] {logging_mixin.py:137} INFO - [2025-09-03T19:39:56.670+0000] {dagbag.py:538} INFO - Filling up the DagBag from /opt/airflow/dags/dag_streaming.py
[2025-09-03T19:39:56.682+0000] {processor.py:753} INFO - DAG(s) dict_keys(['streaming_pipeline']) retrieved from /opt/airflow/dags/dag_streaming.py
[2025-09-03T19:39:56.697+0000] {logging_mixin.py:137} INFO - [2025-09-03T19:39:56.697+0000] {dag.py:2690} INFO - Sync 1 DAGs
[2025-09-03T19:39:56.710+0000] {logging_mixin.py:137} INFO - [2025-09-03T19:39:56.710+0000] {dag.py:3437} INFO - Setting next_dagrun for streaming_pipeline to None, run_after=None
[2025-09-03T19:39:56.721+0000] {processor.py:175} INFO - Processing /opt/airflow/dags/dag_streaming.py took 0.057 seconds
[2025-09-03T19:40:26.801+0000] {processor.py:153} INFO - Started process (PID=305) to work on /opt/airflow/dags/dag_streaming.py
[2025-09-03T19:40:26.801+0000] {processor.py:743} INFO - Processing file /opt/airflow/dags/dag_streaming.py for tasks to queue
[2025-09-03T19:40:26.802+0000] {logging_mixin.py:137} INFO - [2025-09-03T19:40:26.802+0000] {dagbag.py:538} INFO - Filling up the DagBag from /opt/airflow/dags/dag_streaming.py
[2025-09-03T19:40:26.815+0000] {processor.py:753} INFO - DAG(s) dict_keys(['streaming_pipeline']) retrieved from /opt/airflow/dags/dag_streaming.py
[2025-09-03T19:40:26.834+0000] {logging_mixin.py:137} INFO - [2025-09-03T19:40:26.834+0000] {dag.py:2690} INFO - Sync 1 DAGs
[2025-09-03T19:40:26.850+0000] {logging_mixin.py:137} INFO - [2025-09-03T19:40:26.849+0000] {dag.py:3437} INFO - Setting next_dagrun for streaming_pipeline to None, run_after=None
[2025-09-03T19:40:26.862+0000] {processor.py:175} INFO - Processing /opt/airflow/dags/dag_streaming.py took 0.064 seconds
[2025-09-03T19:40:57.359+0000] {processor.py:153} INFO - Started process (PID=334) to work on /opt/airflow/dags/dag_streaming.py
[2025-09-03T19:40:57.360+0000] {processor.py:743} INFO - Processing file /opt/airflow/dags/dag_streaming.py for tasks to queue
[2025-09-03T19:40:57.360+0000] {logging_mixin.py:137} INFO - [2025-09-03T19:40:57.360+0000] {dagbag.py:538} INFO - Filling up the DagBag from /opt/airflow/dags/dag_streaming.py
[2025-09-03T19:40:57.369+0000] {processor.py:753} INFO - DAG(s) dict_keys(['streaming_pipeline']) retrieved from /opt/airflow/dags/dag_streaming.py
[2025-09-03T19:40:57.382+0000] {logging_mixin.py:137} INFO - [2025-09-03T19:40:57.382+0000] {dag.py:2690} INFO - Sync 1 DAGs
[2025-09-03T19:40:57.394+0000] {logging_mixin.py:137} INFO - [2025-09-03T19:40:57.394+0000] {dag.py:3437} INFO - Setting next_dagrun for streaming_pipeline to None, run_after=None
[2025-09-03T19:40:57.403+0000] {processor.py:175} INFO - Processing /opt/airflow/dags/dag_streaming.py took 0.046 seconds
[2025-09-03T19:41:27.494+0000] {processor.py:153} INFO - Started process (PID=346) to work on /opt/airflow/dags/dag_streaming.py
[2025-09-03T19:41:27.495+0000] {processor.py:743} INFO - Processing file /opt/airflow/dags/dag_streaming.py for tasks to queue
[2025-09-03T19:41:27.495+0000] {logging_mixin.py:137} INFO - [2025-09-03T19:41:27.495+0000] {dagbag.py:538} INFO - Filling up the DagBag from /opt/airflow/dags/dag_streaming.py
[2025-09-03T19:41:27.509+0000] {processor.py:753} INFO - DAG(s) dict_keys(['streaming_pipeline']) retrieved from /opt/airflow/dags/dag_streaming.py
[2025-09-03T19:41:27.526+0000] {logging_mixin.py:137} INFO - [2025-09-03T19:41:27.526+0000] {dag.py:2690} INFO - Sync 1 DAGs
[2025-09-03T19:41:27.543+0000] {logging_mixin.py:137} INFO - [2025-09-03T19:41:27.543+0000] {dag.py:3437} INFO - Setting next_dagrun for streaming_pipeline to None, run_after=None
[2025-09-03T19:41:27.557+0000] {processor.py:175} INFO - Processing /opt/airflow/dags/dag_streaming.py took 0.065 seconds
[2025-09-03T19:41:58.162+0000] {processor.py:153} INFO - Started process (PID=363) to work on /opt/airflow/dags/dag_streaming.py
[2025-09-03T19:41:58.163+0000] {processor.py:743} INFO - Processing file /opt/airflow/dags/dag_streaming.py for tasks to queue
[2025-09-03T19:41:58.163+0000] {logging_mixin.py:137} INFO - [2025-09-03T19:41:58.163+0000] {dagbag.py:538} INFO - Filling up the DagBag from /opt/airflow/dags/dag_streaming.py
[2025-09-03T19:41:58.175+0000] {processor.py:753} INFO - DAG(s) dict_keys(['streaming_pipeline']) retrieved from /opt/airflow/dags/dag_streaming.py
[2025-09-03T19:41:58.190+0000] {logging_mixin.py:137} INFO - [2025-09-03T19:41:58.190+0000] {dag.py:2690} INFO - Sync 1 DAGs
[2025-09-03T19:41:58.204+0000] {logging_mixin.py:137} INFO - [2025-09-03T19:41:58.204+0000] {dag.py:3437} INFO - Setting next_dagrun for streaming_pipeline to None, run_after=None
[2025-09-03T19:41:58.214+0000] {processor.py:175} INFO - Processing /opt/airflow/dags/dag_streaming.py took 0.054 seconds
[2025-09-03T19:42:50.847+0000] {processor.py:153} INFO - Started process (PID=371) to work on /opt/airflow/dags/dag_streaming.py
[2025-09-03T19:42:50.847+0000] {processor.py:743} INFO - Processing file /opt/airflow/dags/dag_streaming.py for tasks to queue
[2025-09-03T19:42:50.847+0000] {logging_mixin.py:137} INFO - [2025-09-03T19:42:50.847+0000] {dagbag.py:538} INFO - Filling up the DagBag from /opt/airflow/dags/dag_streaming.py
[2025-09-03T19:42:50.859+0000] {processor.py:753} INFO - DAG(s) dict_keys(['streaming_pipeline']) retrieved from /opt/airflow/dags/dag_streaming.py
[2025-09-03T19:42:50.874+0000] {logging_mixin.py:137} INFO - [2025-09-03T19:42:50.874+0000] {dag.py:2690} INFO - Sync 1 DAGs
[2025-09-03T19:42:50.887+0000] {logging_mixin.py:137} INFO - [2025-09-03T19:42:50.887+0000] {dag.py:3437} INFO - Setting next_dagrun for streaming_pipeline to None, run_after=None
[2025-09-03T19:42:50.898+0000] {processor.py:175} INFO - Processing /opt/airflow/dags/dag_streaming.py took 0.053 seconds
[2025-09-03T19:42:35.412+0000] {processor.py:153} INFO - Started process (PID=461) to work on /opt/airflow/dags/dag_streaming.py
[2025-09-03T19:42:35.413+0000] {processor.py:743} INFO - Processing file /opt/airflow/dags/dag_streaming.py for tasks to queue
[2025-09-03T19:42:35.414+0000] {logging_mixin.py:137} INFO - [2025-09-03T19:42:35.414+0000] {dagbag.py:538} INFO - Filling up the DagBag from /opt/airflow/dags/dag_streaming.py
[2025-09-03T19:42:35.426+0000] {processor.py:753} INFO - DAG(s) dict_keys(['streaming_pipeline']) retrieved from /opt/airflow/dags/dag_streaming.py
[2025-09-03T19:42:35.462+0000] {logging_mixin.py:137} INFO - [2025-09-03T19:42:35.462+0000] {dag.py:2690} INFO - Sync 1 DAGs
[2025-09-03T19:42:35.483+0000] {logging_mixin.py:137} INFO - [2025-09-03T19:42:35.483+0000] {dag.py:3437} INFO - Setting next_dagrun for streaming_pipeline to None, run_after=None
[2025-09-03T19:42:35.496+0000] {processor.py:175} INFO - Processing /opt/airflow/dags/dag_streaming.py took 0.086 seconds
[2025-09-03T19:43:05.523+0000] {processor.py:153} INFO - Started process (PID=680) to work on /opt/airflow/dags/dag_streaming.py
[2025-09-03T19:43:05.524+0000] {processor.py:743} INFO - Processing file /opt/airflow/dags/dag_streaming.py for tasks to queue
[2025-09-03T19:43:05.524+0000] {logging_mixin.py:137} INFO - [2025-09-03T19:43:05.524+0000] {dagbag.py:538} INFO - Filling up the DagBag from /opt/airflow/dags/dag_streaming.py
[2025-09-03T19:43:05.535+0000] {processor.py:753} INFO - DAG(s) dict_keys(['streaming_pipeline']) retrieved from /opt/airflow/dags/dag_streaming.py
[2025-09-03T19:43:05.553+0000] {logging_mixin.py:137} INFO - [2025-09-03T19:43:05.553+0000] {dag.py:2690} INFO - Sync 1 DAGs
[2025-09-03T19:43:05.570+0000] {logging_mixin.py:137} INFO - [2025-09-03T19:43:05.570+0000] {dag.py:3437} INFO - Setting next_dagrun for streaming_pipeline to None, run_after=None
[2025-09-03T19:43:05.582+0000] {processor.py:175} INFO - Processing /opt/airflow/dags/dag_streaming.py took 0.061 seconds
[2025-09-03T19:43:35.689+0000] {processor.py:153} INFO - Started process (PID=689) to work on /opt/airflow/dags/dag_streaming.py
[2025-09-03T19:43:35.690+0000] {processor.py:743} INFO - Processing file /opt/airflow/dags/dag_streaming.py for tasks to queue
[2025-09-03T19:43:35.690+0000] {logging_mixin.py:137} INFO - [2025-09-03T19:43:35.690+0000] {dagbag.py:538} INFO - Filling up the DagBag from /opt/airflow/dags/dag_streaming.py
[2025-09-03T19:43:35.703+0000] {processor.py:753} INFO - DAG(s) dict_keys(['streaming_pipeline']) retrieved from /opt/airflow/dags/dag_streaming.py
[2025-09-03T19:43:35.721+0000] {logging_mixin.py:137} INFO - [2025-09-03T19:43:35.721+0000] {dag.py:2690} INFO - Sync 1 DAGs
[2025-09-03T19:43:35.736+0000] {logging_mixin.py:137} INFO - [2025-09-03T19:43:35.736+0000] {dag.py:3437} INFO - Setting next_dagrun for streaming_pipeline to None, run_after=None
[2025-09-03T19:43:35.748+0000] {processor.py:175} INFO - Processing /opt/airflow/dags/dag_streaming.py took 0.061 seconds
[2025-09-03T19:44:31.338+0000] {processor.py:153} INFO - Started process (PID=701) to work on /opt/airflow/dags/dag_streaming.py
[2025-09-03T19:44:31.338+0000] {processor.py:743} INFO - Processing file /opt/airflow/dags/dag_streaming.py for tasks to queue
[2025-09-03T19:44:31.339+0000] {logging_mixin.py:137} INFO - [2025-09-03T19:44:31.339+0000] {dagbag.py:538} INFO - Filling up the DagBag from /opt/airflow/dags/dag_streaming.py
[2025-09-03T19:44:31.349+0000] {processor.py:753} INFO - DAG(s) dict_keys(['streaming_pipeline']) retrieved from /opt/airflow/dags/dag_streaming.py
[2025-09-03T19:44:31.362+0000] {logging_mixin.py:137} INFO - [2025-09-03T19:44:31.362+0000] {dag.py:2690} INFO - Sync 1 DAGs
[2025-09-03T19:44:31.376+0000] {logging_mixin.py:137} INFO - [2025-09-03T19:44:31.376+0000] {dag.py:3437} INFO - Setting next_dagrun for streaming_pipeline to None, run_after=None
[2025-09-03T19:44:31.388+0000] {processor.py:175} INFO - Processing /opt/airflow/dags/dag_streaming.py took 0.051 seconds
[2025-09-03T19:45:01.506+0000] {processor.py:153} INFO - Started process (PID=711) to work on /opt/airflow/dags/dag_streaming.py
[2025-09-03T19:45:01.507+0000] {processor.py:743} INFO - Processing file /opt/airflow/dags/dag_streaming.py for tasks to queue
[2025-09-03T19:45:01.507+0000] {logging_mixin.py:137} INFO - [2025-09-03T19:45:01.507+0000] {dagbag.py:538} INFO - Filling up the DagBag from /opt/airflow/dags/dag_streaming.py
[2025-09-03T19:45:01.518+0000] {processor.py:753} INFO - DAG(s) dict_keys(['streaming_pipeline']) retrieved from /opt/airflow/dags/dag_streaming.py
[2025-09-03T19:45:01.533+0000] {logging_mixin.py:137} INFO - [2025-09-03T19:45:01.533+0000] {dag.py:2690} INFO - Sync 1 DAGs
[2025-09-03T19:45:01.547+0000] {logging_mixin.py:137} INFO - [2025-09-03T19:45:01.547+0000] {dag.py:3437} INFO - Setting next_dagrun for streaming_pipeline to None, run_after=None
[2025-09-03T19:45:01.558+0000] {processor.py:175} INFO - Processing /opt/airflow/dags/dag_streaming.py took 0.053 seconds
[2025-09-03T19:45:31.624+0000] {processor.py:153} INFO - Started process (PID=721) to work on /opt/airflow/dags/dag_streaming.py
[2025-09-03T19:45:31.625+0000] {processor.py:743} INFO - Processing file /opt/airflow/dags/dag_streaming.py for tasks to queue
[2025-09-03T19:45:31.625+0000] {logging_mixin.py:137} INFO - [2025-09-03T19:45:31.625+0000] {dagbag.py:538} INFO - Filling up the DagBag from /opt/airflow/dags/dag_streaming.py
[2025-09-03T19:45:31.638+0000] {processor.py:753} INFO - DAG(s) dict_keys(['streaming_pipeline']) retrieved from /opt/airflow/dags/dag_streaming.py
[2025-09-03T19:45:31.660+0000] {logging_mixin.py:137} INFO - [2025-09-03T19:45:31.660+0000] {dag.py:2690} INFO - Sync 1 DAGs
[2025-09-03T19:45:31.676+0000] {logging_mixin.py:137} INFO - [2025-09-03T19:45:31.676+0000] {dag.py:3437} INFO - Setting next_dagrun for streaming_pipeline to None, run_after=None
[2025-09-03T19:45:31.691+0000] {processor.py:175} INFO - Processing /opt/airflow/dags/dag_streaming.py took 0.069 seconds
[2025-09-03T19:46:51.695+0000] {processor.py:153} INFO - Started process (PID=775) to work on /opt/airflow/dags/dag_streaming.py
[2025-09-03T19:46:51.696+0000] {processor.py:743} INFO - Processing file /opt/airflow/dags/dag_streaming.py for tasks to queue
[2025-09-03T19:46:51.696+0000] {logging_mixin.py:137} INFO - [2025-09-03T19:46:51.696+0000] {dagbag.py:538} INFO - Filling up the DagBag from /opt/airflow/dags/dag_streaming.py
[2025-09-03T19:46:51.706+0000] {processor.py:753} INFO - DAG(s) dict_keys(['streaming_pipeline']) retrieved from /opt/airflow/dags/dag_streaming.py
[2025-09-03T19:46:51.721+0000] {logging_mixin.py:137} INFO - [2025-09-03T19:46:51.721+0000] {dag.py:2690} INFO - Sync 1 DAGs
[2025-09-03T19:46:51.736+0000] {logging_mixin.py:137} INFO - [2025-09-03T19:46:51.736+0000] {dag.py:3437} INFO - Setting next_dagrun for streaming_pipeline to None, run_after=None
[2025-09-03T19:46:51.747+0000] {processor.py:175} INFO - Processing /opt/airflow/dags/dag_streaming.py took 0.054 seconds
[2025-09-03T19:47:22.352+0000] {processor.py:153} INFO - Started process (PID=824) to work on /opt/airflow/dags/dag_streaming.py
[2025-09-03T19:47:22.353+0000] {processor.py:743} INFO - Processing file /opt/airflow/dags/dag_streaming.py for tasks to queue
[2025-09-03T19:47:22.353+0000] {logging_mixin.py:137} INFO - [2025-09-03T19:47:22.353+0000] {dagbag.py:538} INFO - Filling up the DagBag from /opt/airflow/dags/dag_streaming.py
[2025-09-03T19:47:22.363+0000] {processor.py:753} INFO - DAG(s) dict_keys(['streaming_pipeline']) retrieved from /opt/airflow/dags/dag_streaming.py
[2025-09-03T19:47:22.378+0000] {logging_mixin.py:137} INFO - [2025-09-03T19:47:22.378+0000] {dag.py:2690} INFO - Sync 1 DAGs
[2025-09-03T19:47:22.392+0000] {logging_mixin.py:137} INFO - [2025-09-03T19:47:22.392+0000] {dag.py:3437} INFO - Setting next_dagrun for streaming_pipeline to None, run_after=None
[2025-09-03T19:47:22.404+0000] {processor.py:175} INFO - Processing /opt/airflow/dags/dag_streaming.py took 0.053 seconds
[2025-09-03T19:47:52.452+0000] {processor.py:153} INFO - Started process (PID=833) to work on /opt/airflow/dags/dag_streaming.py
[2025-09-03T19:47:52.453+0000] {processor.py:743} INFO - Processing file /opt/airflow/dags/dag_streaming.py for tasks to queue
[2025-09-03T19:47:52.453+0000] {logging_mixin.py:137} INFO - [2025-09-03T19:47:52.453+0000] {dagbag.py:538} INFO - Filling up the DagBag from /opt/airflow/dags/dag_streaming.py
[2025-09-03T19:47:52.462+0000] {processor.py:753} INFO - DAG(s) dict_keys(['streaming_pipeline']) retrieved from /opt/airflow/dags/dag_streaming.py
[2025-09-03T19:47:52.477+0000] {logging_mixin.py:137} INFO - [2025-09-03T19:47:52.476+0000] {dag.py:2690} INFO - Sync 1 DAGs
[2025-09-03T19:47:52.490+0000] {logging_mixin.py:137} INFO - [2025-09-03T19:47:52.489+0000] {dag.py:3437} INFO - Setting next_dagrun for streaming_pipeline to None, run_after=None
[2025-09-03T19:47:52.500+0000] {processor.py:175} INFO - Processing /opt/airflow/dags/dag_streaming.py took 0.050 seconds
[2025-09-03T19:48:22.562+0000] {processor.py:153} INFO - Started process (PID=843) to work on /opt/airflow/dags/dag_streaming.py
[2025-09-03T19:48:22.563+0000] {processor.py:743} INFO - Processing file /opt/airflow/dags/dag_streaming.py for tasks to queue
[2025-09-03T19:48:22.563+0000] {logging_mixin.py:137} INFO - [2025-09-03T19:48:22.563+0000] {dagbag.py:538} INFO - Filling up the DagBag from /opt/airflow/dags/dag_streaming.py
[2025-09-03T19:48:22.573+0000] {processor.py:753} INFO - DAG(s) dict_keys(['streaming_pipeline']) retrieved from /opt/airflow/dags/dag_streaming.py
[2025-09-03T19:48:22.588+0000] {logging_mixin.py:137} INFO - [2025-09-03T19:48:22.587+0000] {dag.py:2690} INFO - Sync 1 DAGs
[2025-09-03T19:48:22.601+0000] {logging_mixin.py:137} INFO - [2025-09-03T19:48:22.601+0000] {dag.py:3437} INFO - Setting next_dagrun for streaming_pipeline to None, run_after=None
[2025-09-03T19:48:22.612+0000] {processor.py:175} INFO - Processing /opt/airflow/dags/dag_streaming.py took 0.051 seconds
[2025-09-03T19:49:32.252+0000] {processor.py:153} INFO - Started process (PID=853) to work on /opt/airflow/dags/dag_streaming.py
[2025-09-03T19:49:32.252+0000] {processor.py:743} INFO - Processing file /opt/airflow/dags/dag_streaming.py for tasks to queue
[2025-09-03T19:49:32.252+0000] {logging_mixin.py:137} INFO - [2025-09-03T19:49:32.252+0000] {dagbag.py:538} INFO - Filling up the DagBag from /opt/airflow/dags/dag_streaming.py
[2025-09-03T19:49:32.264+0000] {processor.py:753} INFO - DAG(s) dict_keys(['streaming_pipeline']) retrieved from /opt/airflow/dags/dag_streaming.py
[2025-09-03T19:49:32.278+0000] {logging_mixin.py:137} INFO - [2025-09-03T19:49:32.277+0000] {dag.py:2690} INFO - Sync 1 DAGs
[2025-09-03T19:49:32.291+0000] {logging_mixin.py:137} INFO - [2025-09-03T19:49:32.291+0000] {dag.py:3437} INFO - Setting next_dagrun for streaming_pipeline to None, run_after=None
[2025-09-03T19:49:32.301+0000] {processor.py:175} INFO - Processing /opt/airflow/dags/dag_streaming.py took 0.051 seconds
[2025-09-03T19:50:02.390+0000] {processor.py:153} INFO - Started process (PID=869) to work on /opt/airflow/dags/dag_streaming.py
[2025-09-03T19:50:02.391+0000] {processor.py:743} INFO - Processing file /opt/airflow/dags/dag_streaming.py for tasks to queue
[2025-09-03T19:50:02.391+0000] {logging_mixin.py:137} INFO - [2025-09-03T19:50:02.391+0000] {dagbag.py:538} INFO - Filling up the DagBag from /opt/airflow/dags/dag_streaming.py
[2025-09-03T19:50:02.405+0000] {processor.py:753} INFO - DAG(s) dict_keys(['streaming_pipeline']) retrieved from /opt/airflow/dags/dag_streaming.py
[2025-09-03T19:50:02.427+0000] {logging_mixin.py:137} INFO - [2025-09-03T19:50:02.427+0000] {dag.py:2690} INFO - Sync 1 DAGs
[2025-09-03T19:50:02.444+0000] {logging_mixin.py:137} INFO - [2025-09-03T19:50:02.444+0000] {dag.py:3437} INFO - Setting next_dagrun for streaming_pipeline to None, run_after=None
[2025-09-03T19:50:02.458+0000] {processor.py:175} INFO - Processing /opt/airflow/dags/dag_streaming.py took 0.070 seconds
[2025-09-03T19:50:37.440+0000] {processor.py:153} INFO - Started process (PID=891) to work on /opt/airflow/dags/dag_streaming.py
[2025-09-03T19:50:37.443+0000] {processor.py:743} INFO - Processing file /opt/airflow/dags/dag_streaming.py for tasks to queue
[2025-09-03T19:50:37.443+0000] {logging_mixin.py:137} INFO - [2025-09-03T19:50:37.443+0000] {dagbag.py:538} INFO - Filling up the DagBag from /opt/airflow/dags/dag_streaming.py
[2025-09-03T19:50:37.454+0000] {processor.py:753} INFO - DAG(s) dict_keys(['streaming_pipeline']) retrieved from /opt/airflow/dags/dag_streaming.py
[2025-09-03T19:50:37.469+0000] {logging_mixin.py:137} INFO - [2025-09-03T19:50:37.469+0000] {dag.py:2690} INFO - Sync 1 DAGs
[2025-09-03T19:50:37.483+0000] {logging_mixin.py:137} INFO - [2025-09-03T19:50:37.483+0000] {dag.py:3437} INFO - Setting next_dagrun for streaming_pipeline to None, run_after=None
[2025-09-03T19:50:37.493+0000] {processor.py:175} INFO - Processing /opt/airflow/dags/dag_streaming.py took 0.055 seconds
[2025-09-03T19:51:11.618+0000] {processor.py:153} INFO - Started process (PID=901) to work on /opt/airflow/dags/dag_streaming.py
[2025-09-03T19:51:11.621+0000] {processor.py:743} INFO - Processing file /opt/airflow/dags/dag_streaming.py for tasks to queue
[2025-09-03T19:51:11.622+0000] {logging_mixin.py:137} INFO - [2025-09-03T19:51:11.622+0000] {dagbag.py:538} INFO - Filling up the DagBag from /opt/airflow/dags/dag_streaming.py
[2025-09-03T19:51:11.633+0000] {processor.py:753} INFO - DAG(s) dict_keys(['streaming_pipeline']) retrieved from /opt/airflow/dags/dag_streaming.py
[2025-09-03T19:51:11.647+0000] {logging_mixin.py:137} INFO - [2025-09-03T19:51:11.647+0000] {dag.py:2690} INFO - Sync 1 DAGs
[2025-09-03T19:51:11.660+0000] {logging_mixin.py:137} INFO - [2025-09-03T19:51:11.660+0000] {dag.py:3437} INFO - Setting next_dagrun for streaming_pipeline to None, run_after=None
[2025-09-03T19:51:11.670+0000] {processor.py:175} INFO - Processing /opt/airflow/dags/dag_streaming.py took 0.053 seconds
[2025-09-03T19:51:41.684+0000] {processor.py:153} INFO - Started process (PID=911) to work on /opt/airflow/dags/dag_streaming.py
[2025-09-03T19:51:41.685+0000] {processor.py:743} INFO - Processing file /opt/airflow/dags/dag_streaming.py for tasks to queue
[2025-09-03T19:51:41.685+0000] {logging_mixin.py:137} INFO - [2025-09-03T19:51:41.685+0000] {dagbag.py:538} INFO - Filling up the DagBag from /opt/airflow/dags/dag_streaming.py
[2025-09-03T19:51:41.695+0000] {processor.py:753} INFO - DAG(s) dict_keys(['streaming_pipeline']) retrieved from /opt/airflow/dags/dag_streaming.py
[2025-09-03T19:51:41.709+0000] {logging_mixin.py:137} INFO - [2025-09-03T19:51:41.709+0000] {dag.py:2690} INFO - Sync 1 DAGs
[2025-09-03T19:51:41.722+0000] {logging_mixin.py:137} INFO - [2025-09-03T19:51:41.722+0000] {dag.py:3437} INFO - Setting next_dagrun for streaming_pipeline to None, run_after=None
[2025-09-03T19:51:41.733+0000] {processor.py:175} INFO - Processing /opt/airflow/dags/dag_streaming.py took 0.050 seconds
[2025-09-03T19:52:11.846+0000] {processor.py:153} INFO - Started process (PID=941) to work on /opt/airflow/dags/dag_streaming.py
[2025-09-03T19:52:11.846+0000] {processor.py:743} INFO - Processing file /opt/airflow/dags/dag_streaming.py for tasks to queue
[2025-09-03T19:52:11.847+0000] {logging_mixin.py:137} INFO - [2025-09-03T19:52:11.847+0000] {dagbag.py:538} INFO - Filling up the DagBag from /opt/airflow/dags/dag_streaming.py
[2025-09-03T19:51:21.236+0000] {processor.py:753} INFO - DAG(s) dict_keys(['streaming_pipeline']) retrieved from /opt/airflow/dags/dag_streaming.py
[2025-09-03T19:51:21.250+0000] {logging_mixin.py:137} INFO - [2025-09-03T19:51:21.250+0000] {dag.py:2690} INFO - Sync 1 DAGs
[2025-09-03T19:51:21.265+0000] {logging_mixin.py:137} INFO - [2025-09-03T19:51:21.264+0000] {dag.py:3437} INFO - Setting next_dagrun for streaming_pipeline to None, run_after=None
[2025-09-03T19:51:21.275+0000] {processor.py:175} INFO - Processing /opt/airflow/dags/dag_streaming.py took 0.052 seconds
[2025-09-03T19:52:26.903+0000] {processor.py:153} INFO - Started process (PID=969) to work on /opt/airflow/dags/dag_streaming.py
[2025-09-03T19:52:26.904+0000] {processor.py:743} INFO - Processing file /opt/airflow/dags/dag_streaming.py for tasks to queue
[2025-09-03T19:52:26.904+0000] {logging_mixin.py:137} INFO - [2025-09-03T19:52:26.904+0000] {dagbag.py:538} INFO - Filling up the DagBag from /opt/airflow/dags/dag_streaming.py
[2025-09-03T19:52:26.913+0000] {processor.py:753} INFO - DAG(s) dict_keys(['streaming_pipeline']) retrieved from /opt/airflow/dags/dag_streaming.py
[2025-09-03T19:52:26.929+0000] {logging_mixin.py:137} INFO - [2025-09-03T19:52:26.929+0000] {dag.py:2690} INFO - Sync 1 DAGs
[2025-09-03T19:52:26.944+0000] {logging_mixin.py:137} INFO - [2025-09-03T19:52:26.944+0000] {dag.py:3437} INFO - Setting next_dagrun for streaming_pipeline to None, run_after=None
[2025-09-03T19:52:26.955+0000] {processor.py:175} INFO - Processing /opt/airflow/dags/dag_streaming.py took 0.053 seconds
[2025-09-03T19:52:57.053+0000] {processor.py:153} INFO - Started process (PID=1001) to work on /opt/airflow/dags/dag_streaming.py
[2025-09-03T19:52:57.053+0000] {processor.py:743} INFO - Processing file /opt/airflow/dags/dag_streaming.py for tasks to queue
[2025-09-03T19:52:57.054+0000] {logging_mixin.py:137} INFO - [2025-09-03T19:52:57.054+0000] {dagbag.py:538} INFO - Filling up the DagBag from /opt/airflow/dags/dag_streaming.py
[2025-09-03T19:52:57.068+0000] {processor.py:753} INFO - DAG(s) dict_keys(['streaming_pipeline']) retrieved from /opt/airflow/dags/dag_streaming.py
[2025-09-03T19:52:57.092+0000] {logging_mixin.py:137} INFO - [2025-09-03T19:52:57.091+0000] {dag.py:2690} INFO - Sync 1 DAGs
[2025-09-03T19:52:57.114+0000] {logging_mixin.py:137} INFO - [2025-09-03T19:52:57.114+0000] {dag.py:3437} INFO - Setting next_dagrun for streaming_pipeline to None, run_after=None
[2025-09-03T19:52:57.127+0000] {processor.py:175} INFO - Processing /opt/airflow/dags/dag_streaming.py took 0.077 seconds
[2025-09-03T19:53:27.710+0000] {processor.py:153} INFO - Started process (PID=1258) to work on /opt/airflow/dags/dag_streaming.py
[2025-09-03T19:53:27.711+0000] {processor.py:743} INFO - Processing file /opt/airflow/dags/dag_streaming.py for tasks to queue
[2025-09-03T19:53:27.711+0000] {logging_mixin.py:137} INFO - [2025-09-03T19:53:27.711+0000] {dagbag.py:538} INFO - Filling up the DagBag from /opt/airflow/dags/dag_streaming.py
[2025-09-03T19:53:27.722+0000] {processor.py:753} INFO - DAG(s) dict_keys(['streaming_pipeline']) retrieved from /opt/airflow/dags/dag_streaming.py
[2025-09-03T19:53:27.737+0000] {logging_mixin.py:137} INFO - [2025-09-03T19:53:27.737+0000] {dag.py:2690} INFO - Sync 1 DAGs
[2025-09-03T19:53:27.750+0000] {logging_mixin.py:137} INFO - [2025-09-03T19:53:27.750+0000] {dag.py:3437} INFO - Setting next_dagrun for streaming_pipeline to None, run_after=None
[2025-09-03T19:53:27.760+0000] {processor.py:175} INFO - Processing /opt/airflow/dags/dag_streaming.py took 0.052 seconds
[2025-09-03T19:54:47.434+0000] {processor.py:153} INFO - Started process (PID=1415) to work on /opt/airflow/dags/dag_streaming.py
[2025-09-03T19:54:47.435+0000] {processor.py:743} INFO - Processing file /opt/airflow/dags/dag_streaming.py for tasks to queue
[2025-09-03T19:54:47.435+0000] {logging_mixin.py:137} INFO - [2025-09-03T19:54:47.435+0000] {dagbag.py:538} INFO - Filling up the DagBag from /opt/airflow/dags/dag_streaming.py
[2025-09-03T19:54:47.446+0000] {processor.py:753} INFO - DAG(s) dict_keys(['streaming_pipeline']) retrieved from /opt/airflow/dags/dag_streaming.py
[2025-09-03T19:54:47.461+0000] {logging_mixin.py:137} INFO - [2025-09-03T19:54:47.460+0000] {dag.py:2690} INFO - Sync 1 DAGs
[2025-09-03T19:54:47.475+0000] {logging_mixin.py:137} INFO - [2025-09-03T19:54:47.474+0000] {dag.py:3437} INFO - Setting next_dagrun for streaming_pipeline to None, run_after=None
[2025-09-03T19:54:47.487+0000] {processor.py:175} INFO - Processing /opt/airflow/dags/dag_streaming.py took 0.055 seconds
