[2025-09-03T19:35:50.143+0000] {processor.py:153} INFO - Started process (PID=185) to work on /opt/airflow/dags/dag_streaming_complete.py
[2025-09-03T19:35:50.145+0000] {processor.py:743} INFO - Processing file /opt/airflow/dags/dag_streaming_complete.py for tasks to queue
[2025-09-03T19:35:50.146+0000] {logging_mixin.py:137} INFO - [2025-09-03T19:35:50.145+0000] {dagbag.py:538} INFO - Filling up the DagBag from /opt/airflow/dags/dag_streaming_complete.py
[2025-09-03T19:35:50.393+0000] {processor.py:753} INFO - DAG(s) dict_keys(['streaming_complete_pipeline']) retrieved from /opt/airflow/dags/dag_streaming_complete.py
[2025-09-03T19:35:50.520+0000] {logging_mixin.py:137} INFO - [2025-09-03T19:35:50.520+0000] {manager.py:504} INFO - Created Permission View: can read on DAG:streaming_complete_pipeline
[2025-09-03T19:35:50.530+0000] {logging_mixin.py:137} INFO - [2025-09-03T19:35:50.530+0000] {manager.py:504} INFO - Created Permission View: can edit on DAG:streaming_complete_pipeline
[2025-09-03T19:35:50.540+0000] {logging_mixin.py:137} INFO - [2025-09-03T19:35:50.539+0000] {manager.py:504} INFO - Created Permission View: can delete on DAG:streaming_complete_pipeline
[2025-09-03T19:35:50.540+0000] {logging_mixin.py:137} INFO - [2025-09-03T19:35:50.540+0000] {dag.py:2690} INFO - Sync 1 DAGs
[2025-09-03T19:35:50.554+0000] {logging_mixin.py:137} INFO - [2025-09-03T19:35:50.554+0000] {dag.py:2711} INFO - Creating ORM DAG for streaming_complete_pipeline
[2025-09-03T19:35:50.567+0000] {logging_mixin.py:137} INFO - [2025-09-03T19:35:50.567+0000] {dag.py:3437} INFO - Setting next_dagrun for streaming_complete_pipeline to 2023-12-31T00:00:00+00:00, run_after=2023-12-31T00:00:00+00:00
[2025-09-03T19:35:50.584+0000] {processor.py:175} INFO - Processing /opt/airflow/dags/dag_streaming_complete.py took 0.446 seconds
[2025-09-03T19:36:20.688+0000] {processor.py:153} INFO - Started process (PID=214) to work on /opt/airflow/dags/dag_streaming_complete.py
[2025-09-03T19:36:20.689+0000] {processor.py:743} INFO - Processing file /opt/airflow/dags/dag_streaming_complete.py for tasks to queue
[2025-09-03T19:36:20.689+0000] {logging_mixin.py:137} INFO - [2025-09-03T19:36:20.689+0000] {dagbag.py:538} INFO - Filling up the DagBag from /opt/airflow/dags/dag_streaming_complete.py
[2025-09-03T19:36:20.704+0000] {processor.py:753} INFO - DAG(s) dict_keys(['streaming_complete_pipeline']) retrieved from /opt/airflow/dags/dag_streaming_complete.py
[2025-09-03T19:36:20.725+0000] {logging_mixin.py:137} INFO - [2025-09-03T19:36:20.725+0000] {dag.py:2690} INFO - Sync 1 DAGs
[2025-09-03T19:36:20.744+0000] {logging_mixin.py:137} INFO - [2025-09-03T19:36:20.744+0000] {dag.py:3437} INFO - Setting next_dagrun for streaming_complete_pipeline to 2023-12-31T00:00:00+00:00, run_after=2023-12-31T00:00:00+00:00
[2025-09-03T19:36:20.756+0000] {processor.py:175} INFO - Processing /opt/airflow/dags/dag_streaming_complete.py took 0.071 seconds
[2025-09-03T19:37:15.412+0000] {processor.py:153} INFO - Started process (PID=225) to work on /opt/airflow/dags/dag_streaming_complete.py
[2025-09-03T19:37:15.412+0000] {processor.py:743} INFO - Processing file /opt/airflow/dags/dag_streaming_complete.py for tasks to queue
[2025-09-03T19:37:15.412+0000] {logging_mixin.py:137} INFO - [2025-09-03T19:37:15.412+0000] {dagbag.py:538} INFO - Filling up the DagBag from /opt/airflow/dags/dag_streaming_complete.py
[2025-09-03T19:37:15.422+0000] {processor.py:753} INFO - DAG(s) dict_keys(['streaming_complete_pipeline']) retrieved from /opt/airflow/dags/dag_streaming_complete.py
[2025-09-03T19:37:15.434+0000] {logging_mixin.py:137} INFO - [2025-09-03T19:37:15.434+0000] {dag.py:2690} INFO - Sync 1 DAGs
[2025-09-03T19:37:15.447+0000] {logging_mixin.py:137} INFO - [2025-09-03T19:37:15.447+0000] {dag.py:3437} INFO - Setting next_dagrun for streaming_complete_pipeline to 2023-12-31T00:00:00+00:00, run_after=2023-12-31T00:00:00+00:00
[2025-09-03T19:37:15.458+0000] {processor.py:175} INFO - Processing /opt/airflow/dags/dag_streaming_complete.py took 0.048 seconds
[2025-09-03T19:37:45.530+0000] {processor.py:153} INFO - Started process (PID=234) to work on /opt/airflow/dags/dag_streaming_complete.py
[2025-09-03T19:37:45.531+0000] {processor.py:743} INFO - Processing file /opt/airflow/dags/dag_streaming_complete.py for tasks to queue
[2025-09-03T19:37:45.531+0000] {logging_mixin.py:137} INFO - [2025-09-03T19:37:45.531+0000] {dagbag.py:538} INFO - Filling up the DagBag from /opt/airflow/dags/dag_streaming_complete.py
[2025-09-03T19:37:45.546+0000] {processor.py:753} INFO - DAG(s) dict_keys(['streaming_complete_pipeline']) retrieved from /opt/airflow/dags/dag_streaming_complete.py
[2025-09-03T19:36:54.948+0000] {logging_mixin.py:137} INFO - [2025-09-03T19:36:54.948+0000] {dag.py:2690} INFO - Sync 1 DAGs
[2025-09-03T19:36:54.962+0000] {logging_mixin.py:137} INFO - [2025-09-03T19:36:54.962+0000] {dag.py:3437} INFO - Setting next_dagrun for streaming_complete_pipeline to 2023-12-31T00:00:00+00:00, run_after=2023-12-31T00:00:00+00:00
[2025-09-03T19:36:54.973+0000] {processor.py:175} INFO - Processing /opt/airflow/dags/dag_streaming_complete.py took 0.062 seconds
[2025-09-03T19:37:50.558+0000] {processor.py:153} INFO - Started process (PID=245) to work on /opt/airflow/dags/dag_streaming_complete.py
[2025-09-03T19:37:50.558+0000] {processor.py:743} INFO - Processing file /opt/airflow/dags/dag_streaming_complete.py for tasks to queue
[2025-09-03T19:37:50.559+0000] {logging_mixin.py:137} INFO - [2025-09-03T19:37:50.559+0000] {dagbag.py:538} INFO - Filling up the DagBag from /opt/airflow/dags/dag_streaming_complete.py
[2025-09-03T19:37:50.569+0000] {processor.py:753} INFO - DAG(s) dict_keys(['streaming_complete_pipeline']) retrieved from /opt/airflow/dags/dag_streaming_complete.py
[2025-09-03T19:36:59.955+0000] {logging_mixin.py:137} INFO - [2025-09-03T19:36:59.955+0000] {dag.py:2690} INFO - Sync 1 DAGs
[2025-09-03T19:36:59.968+0000] {logging_mixin.py:137} INFO - [2025-09-03T19:36:59.968+0000] {dag.py:3437} INFO - Setting next_dagrun for streaming_complete_pipeline to 2023-12-31T00:00:00+00:00, run_after=2023-12-31T00:00:00+00:00
[2025-09-03T19:36:59.980+0000] {processor.py:175} INFO - Processing /opt/airflow/dags/dag_streaming_complete.py took 0.053 seconds
[2025-09-03T19:37:55.635+0000] {processor.py:153} INFO - Started process (PID=255) to work on /opt/airflow/dags/dag_streaming_complete.py
[2025-09-03T19:37:55.635+0000] {processor.py:743} INFO - Processing file /opt/airflow/dags/dag_streaming_complete.py for tasks to queue
[2025-09-03T19:37:55.636+0000] {logging_mixin.py:137} INFO - [2025-09-03T19:37:55.636+0000] {dagbag.py:538} INFO - Filling up the DagBag from /opt/airflow/dags/dag_streaming_complete.py
[2025-09-03T19:37:55.650+0000] {processor.py:753} INFO - DAG(s) dict_keys(['streaming_complete_pipeline']) retrieved from /opt/airflow/dags/dag_streaming_complete.py
[2025-09-03T19:37:55.668+0000] {logging_mixin.py:137} INFO - [2025-09-03T19:37:55.667+0000] {dag.py:2690} INFO - Sync 1 DAGs
[2025-09-03T19:37:55.686+0000] {logging_mixin.py:137} INFO - [2025-09-03T19:37:55.686+0000] {dag.py:3437} INFO - Setting next_dagrun for streaming_complete_pipeline to 2023-12-31T00:00:00+00:00, run_after=2023-12-31T00:00:00+00:00
[2025-09-03T19:37:55.698+0000] {processor.py:175} INFO - Processing /opt/airflow/dags/dag_streaming_complete.py took 0.065 seconds
[2025-09-03T19:38:26.299+0000] {processor.py:153} INFO - Started process (PID=268) to work on /opt/airflow/dags/dag_streaming_complete.py
[2025-09-03T19:38:26.300+0000] {processor.py:743} INFO - Processing file /opt/airflow/dags/dag_streaming_complete.py for tasks to queue
[2025-09-03T19:38:26.301+0000] {logging_mixin.py:137} INFO - [2025-09-03T19:38:26.300+0000] {dagbag.py:538} INFO - Filling up the DagBag from /opt/airflow/dags/dag_streaming_complete.py
[2025-09-03T19:38:26.314+0000] {processor.py:753} INFO - DAG(s) dict_keys(['streaming_complete_pipeline']) retrieved from /opt/airflow/dags/dag_streaming_complete.py
[2025-09-03T19:38:26.332+0000] {logging_mixin.py:137} INFO - [2025-09-03T19:38:26.332+0000] {dag.py:2690} INFO - Sync 1 DAGs
[2025-09-03T19:38:26.346+0000] {logging_mixin.py:137} INFO - [2025-09-03T19:38:26.346+0000] {dag.py:3437} INFO - Setting next_dagrun for streaming_complete_pipeline to None, run_after=None
[2025-09-03T19:38:26.358+0000] {processor.py:175} INFO - Processing /opt/airflow/dags/dag_streaming_complete.py took 0.060 seconds
[2025-09-03T19:38:56.421+0000] {processor.py:153} INFO - Started process (PID=277) to work on /opt/airflow/dags/dag_streaming_complete.py
[2025-09-03T19:38:56.422+0000] {processor.py:743} INFO - Processing file /opt/airflow/dags/dag_streaming_complete.py for tasks to queue
[2025-09-03T19:38:56.422+0000] {logging_mixin.py:137} INFO - [2025-09-03T19:38:56.422+0000] {dagbag.py:538} INFO - Filling up the DagBag from /opt/airflow/dags/dag_streaming_complete.py
[2025-09-03T19:38:56.435+0000] {processor.py:753} INFO - DAG(s) dict_keys(['streaming_complete_pipeline']) retrieved from /opt/airflow/dags/dag_streaming_complete.py
[2025-09-03T19:38:56.454+0000] {logging_mixin.py:137} INFO - [2025-09-03T19:38:56.454+0000] {dag.py:2690} INFO - Sync 1 DAGs
[2025-09-03T19:38:56.469+0000] {logging_mixin.py:137} INFO - [2025-09-03T19:38:56.469+0000] {dag.py:3437} INFO - Setting next_dagrun for streaming_complete_pipeline to None, run_after=None
[2025-09-03T19:38:56.480+0000] {processor.py:175} INFO - Processing /opt/airflow/dags/dag_streaming_complete.py took 0.061 seconds
[2025-09-03T19:39:26.554+0000] {processor.py:153} INFO - Started process (PID=288) to work on /opt/airflow/dags/dag_streaming_complete.py
[2025-09-03T19:39:26.555+0000] {processor.py:743} INFO - Processing file /opt/airflow/dags/dag_streaming_complete.py for tasks to queue
[2025-09-03T19:39:26.555+0000] {logging_mixin.py:137} INFO - [2025-09-03T19:39:26.555+0000] {dagbag.py:538} INFO - Filling up the DagBag from /opt/airflow/dags/dag_streaming_complete.py
[2025-09-03T19:39:26.567+0000] {processor.py:753} INFO - DAG(s) dict_keys(['streaming_complete_pipeline']) retrieved from /opt/airflow/dags/dag_streaming_complete.py
[2025-09-03T19:39:26.584+0000] {logging_mixin.py:137} INFO - [2025-09-03T19:39:26.584+0000] {dag.py:2690} INFO - Sync 1 DAGs
[2025-09-03T19:39:26.600+0000] {logging_mixin.py:137} INFO - [2025-09-03T19:39:26.599+0000] {dag.py:3437} INFO - Setting next_dagrun for streaming_complete_pipeline to None, run_after=None
[2025-09-03T19:39:26.611+0000] {processor.py:175} INFO - Processing /opt/airflow/dags/dag_streaming_complete.py took 0.059 seconds
[2025-09-03T19:39:56.667+0000] {processor.py:153} INFO - Started process (PID=297) to work on /opt/airflow/dags/dag_streaming_complete.py
[2025-09-03T19:39:56.669+0000] {processor.py:743} INFO - Processing file /opt/airflow/dags/dag_streaming_complete.py for tasks to queue
[2025-09-03T19:39:56.669+0000] {logging_mixin.py:137} INFO - [2025-09-03T19:39:56.669+0000] {dagbag.py:538} INFO - Filling up the DagBag from /opt/airflow/dags/dag_streaming_complete.py
[2025-09-03T19:39:56.681+0000] {processor.py:753} INFO - DAG(s) dict_keys(['streaming_complete_pipeline']) retrieved from /opt/airflow/dags/dag_streaming_complete.py
[2025-09-03T19:39:56.697+0000] {logging_mixin.py:137} INFO - [2025-09-03T19:39:56.697+0000] {dag.py:2690} INFO - Sync 1 DAGs
[2025-09-03T19:39:56.710+0000] {logging_mixin.py:137} INFO - [2025-09-03T19:39:56.710+0000] {dag.py:3437} INFO - Setting next_dagrun for streaming_complete_pipeline to None, run_after=None
[2025-09-03T19:39:56.722+0000] {processor.py:175} INFO - Processing /opt/airflow/dags/dag_streaming_complete.py took 0.056 seconds
[2025-09-03T19:40:26.801+0000] {processor.py:153} INFO - Started process (PID=307) to work on /opt/airflow/dags/dag_streaming_complete.py
[2025-09-03T19:40:26.802+0000] {processor.py:743} INFO - Processing file /opt/airflow/dags/dag_streaming_complete.py for tasks to queue
[2025-09-03T19:40:26.802+0000] {logging_mixin.py:137} INFO - [2025-09-03T19:40:26.802+0000] {dagbag.py:538} INFO - Filling up the DagBag from /opt/airflow/dags/dag_streaming_complete.py
[2025-09-03T19:40:26.815+0000] {processor.py:753} INFO - DAG(s) dict_keys(['streaming_complete_pipeline']) retrieved from /opt/airflow/dags/dag_streaming_complete.py
[2025-09-03T19:40:26.832+0000] {logging_mixin.py:137} INFO - [2025-09-03T19:40:26.832+0000] {dag.py:2690} INFO - Sync 1 DAGs
[2025-09-03T19:40:26.849+0000] {logging_mixin.py:137} INFO - [2025-09-03T19:40:26.849+0000] {dag.py:3437} INFO - Setting next_dagrun for streaming_complete_pipeline to None, run_after=None
[2025-09-03T19:40:26.863+0000] {processor.py:175} INFO - Processing /opt/airflow/dags/dag_streaming_complete.py took 0.063 seconds
[2025-09-03T19:40:40.852+0000] {processor.py:153} INFO - Started process (PID=315) to work on /opt/airflow/dags/dag_streaming_complete.py
[2025-09-03T19:40:40.852+0000] {processor.py:743} INFO - Processing file /opt/airflow/dags/dag_streaming_complete.py for tasks to queue
[2025-09-03T19:40:40.853+0000] {logging_mixin.py:137} INFO - [2025-09-03T19:40:40.852+0000] {dagbag.py:538} INFO - Filling up the DagBag from /opt/airflow/dags/dag_streaming_complete.py
[2025-09-03T19:40:40.864+0000] {processor.py:753} INFO - DAG(s) dict_keys(['streaming_complete_pipeline']) retrieved from /opt/airflow/dags/dag_streaming_complete.py
[2025-09-03T19:40:40.901+0000] {logging_mixin.py:137} INFO - [2025-09-03T19:40:40.901+0000] {dag.py:2690} INFO - Sync 1 DAGs
[2025-09-03T19:40:40.915+0000] {logging_mixin.py:137} INFO - [2025-09-03T19:40:40.914+0000] {dag.py:3437} INFO - Setting next_dagrun for streaming_complete_pipeline to None, run_after=None
[2025-09-03T19:40:40.927+0000] {processor.py:175} INFO - Processing /opt/airflow/dags/dag_streaming_complete.py took 0.078 seconds
[2025-09-03T19:40:55.350+0000] {processor.py:153} INFO - Started process (PID=329) to work on /opt/airflow/dags/dag_streaming_complete.py
[2025-09-03T19:40:55.351+0000] {processor.py:743} INFO - Processing file /opt/airflow/dags/dag_streaming_complete.py for tasks to queue
[2025-09-03T19:40:55.351+0000] {logging_mixin.py:137} INFO - [2025-09-03T19:40:55.351+0000] {dagbag.py:538} INFO - Filling up the DagBag from /opt/airflow/dags/dag_streaming_complete.py
[2025-09-03T19:40:55.361+0000] {processor.py:753} INFO - DAG(s) dict_keys(['streaming_complete_pipeline']) retrieved from /opt/airflow/dags/dag_streaming_complete.py
[2025-09-03T19:40:55.371+0000] {logging_mixin.py:137} INFO - [2025-09-03T19:40:55.370+0000] {dag.py:1318} INFO - Executing dag callback function: <function log_callback_success at 0x7f743dc16c10>
[2025-09-03T19:40:55.377+0000] {logging_mixin.py:137} WARNING - /usr/local/lib/python3.9/site-packages/airflow/utils/sqlalchemy.py:124 DeprecationWarning: The sql_alchemy_conn option in [core] has been moved to the sql_alchemy_conn option in [database] - the old setting has been used, but please update your config.
[2025-09-03T19:40:55.379+0000] {processor.py:636} ERROR - Error executing DagCallbackRequest callback for file: /opt/airflow/dags/dag_streaming_complete.py
Traceback (most recent call last):
  File "/usr/local/lib/python3.9/site-packages/airflow/dag_processing/processor.py", line 634, in execute_callbacks
    self._execute_dag_callbacks(dagbag, request, session)
  File "/usr/local/lib/python3.9/site-packages/airflow/utils/session.py", line 72, in wrapper
    return func(*args, **kwargs)
  File "/usr/local/lib/python3.9/site-packages/airflow/dag_processing/processor.py", line 668, in _execute_dag_callbacks
    dag.handle_callback(
  File "/usr/local/lib/python3.9/site-packages/airflow/utils/session.py", line 72, in wrapper
    return func(*args, **kwargs)
  File "/usr/local/lib/python3.9/site-packages/airflow/models/dag.py", line 1321, in handle_callback
    ti.task = self.get_task(ti.task_id)
  File "/usr/local/lib/python3.9/site-packages/airflow/models/dag.py", line 2270, in get_task
    raise TaskNotFound(f"Task {task_id} not found")
airflow.exceptions.TaskNotFound: Task streaming_started not found
[2025-09-03T19:40:55.382+0000] {logging_mixin.py:137} INFO - [2025-09-03T19:40:55.382+0000] {dag.py:2690} INFO - Sync 1 DAGs
[2025-09-03T19:40:55.391+0000] {logging_mixin.py:137} INFO - [2025-09-03T19:40:55.391+0000] {dag.py:3437} INFO - Setting next_dagrun for streaming_complete_pipeline to None, run_after=None
[2025-09-03T19:40:55.401+0000] {processor.py:175} INFO - Processing /opt/airflow/dags/dag_streaming_complete.py took 0.053 seconds
[2025-09-03T19:41:25.460+0000] {processor.py:153} INFO - Started process (PID=341) to work on /opt/airflow/dags/dag_streaming_complete.py
[2025-09-03T19:41:25.461+0000] {processor.py:743} INFO - Processing file /opt/airflow/dags/dag_streaming_complete.py for tasks to queue
[2025-09-03T19:41:25.461+0000] {logging_mixin.py:137} INFO - [2025-09-03T19:41:25.461+0000] {dagbag.py:538} INFO - Filling up the DagBag from /opt/airflow/dags/dag_streaming_complete.py
[2025-09-03T19:41:25.478+0000] {processor.py:753} INFO - DAG(s) dict_keys(['streaming_complete_pipeline']) retrieved from /opt/airflow/dags/dag_streaming_complete.py
[2025-09-03T19:41:25.496+0000] {logging_mixin.py:137} INFO - [2025-09-03T19:41:25.496+0000] {dag.py:2690} INFO - Sync 1 DAGs
[2025-09-03T19:41:25.514+0000] {logging_mixin.py:137} INFO - [2025-09-03T19:41:25.514+0000] {dag.py:3437} INFO - Setting next_dagrun for streaming_complete_pipeline to None, run_after=None
[2025-09-03T19:41:25.528+0000] {processor.py:175} INFO - Processing /opt/airflow/dags/dag_streaming_complete.py took 0.071 seconds
[2025-09-03T19:41:37.076+0000] {processor.py:153} INFO - Started process (PID=358) to work on /opt/airflow/dags/dag_streaming_complete.py
[2025-09-03T19:41:37.076+0000] {processor.py:743} INFO - Processing file /opt/airflow/dags/dag_streaming_complete.py for tasks to queue
[2025-09-03T19:41:37.076+0000] {logging_mixin.py:137} INFO - [2025-09-03T19:41:37.076+0000] {dagbag.py:538} INFO - Filling up the DagBag from /opt/airflow/dags/dag_streaming_complete.py
[2025-09-03T19:41:37.086+0000] {processor.py:753} INFO - DAG(s) dict_keys(['streaming_complete_pipeline']) retrieved from /opt/airflow/dags/dag_streaming_complete.py
[2025-09-03T19:41:37.096+0000] {logging_mixin.py:137} INFO - [2025-09-03T19:41:37.096+0000] {dag.py:1318} INFO - Executing dag callback function: <function log_callback_success at 0x7f743dc17d30>
[2025-09-03T19:41:37.101+0000] {logging_mixin.py:137} WARNING - /usr/local/lib/python3.9/site-packages/airflow/utils/sqlalchemy.py:124 DeprecationWarning: The sql_alchemy_conn option in [core] has been moved to the sql_alchemy_conn option in [database] - the old setting has been used, but please update your config.
[2025-09-03T19:41:37.110+0000] {logging_mixin.py:137} INFO - DAG streaming_complete_pipeline succeeded at 25-09-03 16:41:37
[2025-09-03T19:41:37.116+0000] {logging_mixin.py:137} INFO - [2025-09-03T19:41:37.116+0000] {dag.py:2690} INFO - Sync 1 DAGs
[2025-09-03T19:41:37.125+0000] {logging_mixin.py:137} INFO - [2025-09-03T19:41:37.125+0000] {dag.py:3437} INFO - Setting next_dagrun for streaming_complete_pipeline to None, run_after=None
[2025-09-03T19:41:37.134+0000] {processor.py:175} INFO - Processing /opt/airflow/dags/dag_streaming_complete.py took 0.060 seconds
[2025-09-03T19:42:50.844+0000] {processor.py:153} INFO - Started process (PID=368) to work on /opt/airflow/dags/dag_streaming_complete.py
[2025-09-03T19:42:50.844+0000] {processor.py:743} INFO - Processing file /opt/airflow/dags/dag_streaming_complete.py for tasks to queue
[2025-09-03T19:42:50.845+0000] {logging_mixin.py:137} INFO - [2025-09-03T19:42:50.845+0000] {dagbag.py:538} INFO - Filling up the DagBag from /opt/airflow/dags/dag_streaming_complete.py
[2025-09-03T19:42:50.854+0000] {processor.py:753} INFO - DAG(s) dict_keys(['streaming_complete_pipeline']) retrieved from /opt/airflow/dags/dag_streaming_complete.py
[2025-09-03T19:42:50.869+0000] {logging_mixin.py:137} INFO - [2025-09-03T19:42:50.869+0000] {dag.py:2690} INFO - Sync 1 DAGs
[2025-09-03T19:42:50.883+0000] {logging_mixin.py:137} INFO - [2025-09-03T19:42:50.883+0000] {dag.py:3437} INFO - Setting next_dagrun for streaming_complete_pipeline to None, run_after=None
[2025-09-03T19:42:50.893+0000] {processor.py:175} INFO - Processing /opt/airflow/dags/dag_streaming_complete.py took 0.051 seconds
[2025-09-03T19:42:35.411+0000] {processor.py:153} INFO - Started process (PID=458) to work on /opt/airflow/dags/dag_streaming_complete.py
[2025-09-03T19:42:35.412+0000] {processor.py:743} INFO - Processing file /opt/airflow/dags/dag_streaming_complete.py for tasks to queue
[2025-09-03T19:42:35.413+0000] {logging_mixin.py:137} INFO - [2025-09-03T19:42:35.412+0000] {dagbag.py:538} INFO - Filling up the DagBag from /opt/airflow/dags/dag_streaming_complete.py
[2025-09-03T19:42:35.426+0000] {processor.py:753} INFO - DAG(s) dict_keys(['streaming_complete_pipeline']) retrieved from /opt/airflow/dags/dag_streaming_complete.py
[2025-09-03T19:42:35.471+0000] {logging_mixin.py:137} INFO - [2025-09-03T19:42:35.471+0000] {dag.py:2690} INFO - Sync 1 DAGs
[2025-09-03T19:42:35.486+0000] {logging_mixin.py:137} INFO - [2025-09-03T19:42:35.486+0000] {dag.py:3437} INFO - Setting next_dagrun for streaming_complete_pipeline to None, run_after=None
[2025-09-03T19:42:35.498+0000] {processor.py:175} INFO - Processing /opt/airflow/dags/dag_streaming_complete.py took 0.089 seconds
[2025-09-03T19:43:05.521+0000] {processor.py:153} INFO - Started process (PID=677) to work on /opt/airflow/dags/dag_streaming_complete.py
[2025-09-03T19:43:05.522+0000] {processor.py:743} INFO - Processing file /opt/airflow/dags/dag_streaming_complete.py for tasks to queue
[2025-09-03T19:43:05.522+0000] {logging_mixin.py:137} INFO - [2025-09-03T19:43:05.522+0000] {dagbag.py:538} INFO - Filling up the DagBag from /opt/airflow/dags/dag_streaming_complete.py
[2025-09-03T19:43:05.535+0000] {processor.py:753} INFO - DAG(s) dict_keys(['streaming_complete_pipeline']) retrieved from /opt/airflow/dags/dag_streaming_complete.py
[2025-09-03T19:43:05.553+0000] {logging_mixin.py:137} INFO - [2025-09-03T19:43:05.553+0000] {dag.py:2690} INFO - Sync 1 DAGs
[2025-09-03T19:43:05.571+0000] {logging_mixin.py:137} INFO - [2025-09-03T19:43:05.571+0000] {dag.py:3437} INFO - Setting next_dagrun for streaming_complete_pipeline to None, run_after=None
[2025-09-03T19:43:05.582+0000] {processor.py:175} INFO - Processing /opt/airflow/dags/dag_streaming_complete.py took 0.063 seconds
[2025-09-03T19:43:35.688+0000] {processor.py:153} INFO - Started process (PID=687) to work on /opt/airflow/dags/dag_streaming_complete.py
[2025-09-03T19:43:35.689+0000] {processor.py:743} INFO - Processing file /opt/airflow/dags/dag_streaming_complete.py for tasks to queue
[2025-09-03T19:43:35.689+0000] {logging_mixin.py:137} INFO - [2025-09-03T19:43:35.689+0000] {dagbag.py:538} INFO - Filling up the DagBag from /opt/airflow/dags/dag_streaming_complete.py
[2025-09-03T19:43:35.703+0000] {processor.py:753} INFO - DAG(s) dict_keys(['streaming_complete_pipeline']) retrieved from /opt/airflow/dags/dag_streaming_complete.py
[2025-09-03T19:43:35.724+0000] {logging_mixin.py:137} INFO - [2025-09-03T19:43:35.723+0000] {dag.py:2690} INFO - Sync 1 DAGs
[2025-09-03T19:43:35.738+0000] {logging_mixin.py:137} INFO - [2025-09-03T19:43:35.738+0000] {dag.py:3437} INFO - Setting next_dagrun for streaming_complete_pipeline to None, run_after=None
[2025-09-03T19:43:35.749+0000] {processor.py:175} INFO - Processing /opt/airflow/dags/dag_streaming_complete.py took 0.064 seconds
[2025-09-03T19:44:31.336+0000] {processor.py:153} INFO - Started process (PID=698) to work on /opt/airflow/dags/dag_streaming_complete.py
[2025-09-03T19:44:31.337+0000] {processor.py:743} INFO - Processing file /opt/airflow/dags/dag_streaming_complete.py for tasks to queue
[2025-09-03T19:44:31.337+0000] {logging_mixin.py:137} INFO - [2025-09-03T19:44:31.337+0000] {dagbag.py:538} INFO - Filling up the DagBag from /opt/airflow/dags/dag_streaming_complete.py
[2025-09-03T19:44:31.347+0000] {processor.py:753} INFO - DAG(s) dict_keys(['streaming_complete_pipeline']) retrieved from /opt/airflow/dags/dag_streaming_complete.py
[2025-09-03T19:44:31.362+0000] {logging_mixin.py:137} INFO - [2025-09-03T19:44:31.362+0000] {dag.py:2690} INFO - Sync 1 DAGs
[2025-09-03T19:44:31.377+0000] {logging_mixin.py:137} INFO - [2025-09-03T19:44:31.377+0000] {dag.py:3437} INFO - Setting next_dagrun for streaming_complete_pipeline to None, run_after=None
[2025-09-03T19:44:31.388+0000] {processor.py:175} INFO - Processing /opt/airflow/dags/dag_streaming_complete.py took 0.054 seconds
[2025-09-03T19:45:01.505+0000] {processor.py:153} INFO - Started process (PID=708) to work on /opt/airflow/dags/dag_streaming_complete.py
[2025-09-03T19:45:01.505+0000] {processor.py:743} INFO - Processing file /opt/airflow/dags/dag_streaming_complete.py for tasks to queue
[2025-09-03T19:45:01.506+0000] {logging_mixin.py:137} INFO - [2025-09-03T19:45:01.506+0000] {dagbag.py:538} INFO - Filling up the DagBag from /opt/airflow/dags/dag_streaming_complete.py
[2025-09-03T19:45:01.518+0000] {processor.py:753} INFO - DAG(s) dict_keys(['streaming_complete_pipeline']) retrieved from /opt/airflow/dags/dag_streaming_complete.py
[2025-09-03T19:45:01.534+0000] {logging_mixin.py:137} INFO - [2025-09-03T19:45:01.533+0000] {dag.py:2690} INFO - Sync 1 DAGs
[2025-09-03T19:45:01.547+0000] {logging_mixin.py:137} INFO - [2025-09-03T19:45:01.547+0000] {dag.py:3437} INFO - Setting next_dagrun for streaming_complete_pipeline to None, run_after=None
[2025-09-03T19:45:01.559+0000] {processor.py:175} INFO - Processing /opt/airflow/dags/dag_streaming_complete.py took 0.056 seconds
[2025-09-03T19:45:31.622+0000] {processor.py:153} INFO - Started process (PID=719) to work on /opt/airflow/dags/dag_streaming_complete.py
[2025-09-03T19:45:31.623+0000] {processor.py:743} INFO - Processing file /opt/airflow/dags/dag_streaming_complete.py for tasks to queue
[2025-09-03T19:45:31.624+0000] {logging_mixin.py:137} INFO - [2025-09-03T19:45:31.623+0000] {dagbag.py:538} INFO - Filling up the DagBag from /opt/airflow/dags/dag_streaming_complete.py
[2025-09-03T19:45:31.639+0000] {processor.py:753} INFO - DAG(s) dict_keys(['streaming_complete_pipeline']) retrieved from /opt/airflow/dags/dag_streaming_complete.py
[2025-09-03T19:45:31.660+0000] {logging_mixin.py:137} INFO - [2025-09-03T19:45:31.660+0000] {dag.py:2690} INFO - Sync 1 DAGs
[2025-09-03T19:45:31.676+0000] {logging_mixin.py:137} INFO - [2025-09-03T19:45:31.676+0000] {dag.py:3437} INFO - Setting next_dagrun for streaming_complete_pipeline to None, run_after=None
[2025-09-03T19:45:31.690+0000] {processor.py:175} INFO - Processing /opt/airflow/dags/dag_streaming_complete.py took 0.073 seconds
[2025-09-03T19:46:51.694+0000] {processor.py:153} INFO - Started process (PID=772) to work on /opt/airflow/dags/dag_streaming_complete.py
[2025-09-03T19:46:51.694+0000] {processor.py:743} INFO - Processing file /opt/airflow/dags/dag_streaming_complete.py for tasks to queue
[2025-09-03T19:46:51.695+0000] {logging_mixin.py:137} INFO - [2025-09-03T19:46:51.695+0000] {dagbag.py:538} INFO - Filling up the DagBag from /opt/airflow/dags/dag_streaming_complete.py
[2025-09-03T19:46:51.706+0000] {processor.py:753} INFO - DAG(s) dict_keys(['streaming_complete_pipeline']) retrieved from /opt/airflow/dags/dag_streaming_complete.py
[2025-09-03T19:46:51.721+0000] {logging_mixin.py:137} INFO - [2025-09-03T19:46:51.721+0000] {dag.py:2690} INFO - Sync 1 DAGs
[2025-09-03T19:46:51.737+0000] {logging_mixin.py:137} INFO - [2025-09-03T19:46:51.737+0000] {dag.py:3437} INFO - Setting next_dagrun for streaming_complete_pipeline to None, run_after=None
[2025-09-03T19:46:51.748+0000] {processor.py:175} INFO - Processing /opt/airflow/dags/dag_streaming_complete.py took 0.057 seconds
[2025-09-03T19:47:22.351+0000] {processor.py:153} INFO - Started process (PID=821) to work on /opt/airflow/dags/dag_streaming_complete.py
[2025-09-03T19:47:22.351+0000] {processor.py:743} INFO - Processing file /opt/airflow/dags/dag_streaming_complete.py for tasks to queue
[2025-09-03T19:47:22.352+0000] {logging_mixin.py:137} INFO - [2025-09-03T19:47:22.352+0000] {dagbag.py:538} INFO - Filling up the DagBag from /opt/airflow/dags/dag_streaming_complete.py
[2025-09-03T19:47:22.363+0000] {processor.py:753} INFO - DAG(s) dict_keys(['streaming_complete_pipeline']) retrieved from /opt/airflow/dags/dag_streaming_complete.py
[2025-09-03T19:47:22.378+0000] {logging_mixin.py:137} INFO - [2025-09-03T19:47:22.378+0000] {dag.py:2690} INFO - Sync 1 DAGs
[2025-09-03T19:47:22.392+0000] {logging_mixin.py:137} INFO - [2025-09-03T19:47:22.392+0000] {dag.py:3437} INFO - Setting next_dagrun for streaming_complete_pipeline to None, run_after=None
[2025-09-03T19:47:22.404+0000] {processor.py:175} INFO - Processing /opt/airflow/dags/dag_streaming_complete.py took 0.055 seconds
[2025-09-03T19:47:52.451+0000] {processor.py:153} INFO - Started process (PID=831) to work on /opt/airflow/dags/dag_streaming_complete.py
[2025-09-03T19:47:52.451+0000] {processor.py:743} INFO - Processing file /opt/airflow/dags/dag_streaming_complete.py for tasks to queue
[2025-09-03T19:47:52.452+0000] {logging_mixin.py:137} INFO - [2025-09-03T19:47:52.451+0000] {dagbag.py:538} INFO - Filling up the DagBag from /opt/airflow/dags/dag_streaming_complete.py
[2025-09-03T19:47:52.462+0000] {processor.py:753} INFO - DAG(s) dict_keys(['streaming_complete_pipeline']) retrieved from /opt/airflow/dags/dag_streaming_complete.py
[2025-09-03T19:47:52.477+0000] {logging_mixin.py:137} INFO - [2025-09-03T19:47:52.477+0000] {dag.py:2690} INFO - Sync 1 DAGs
[2025-09-03T19:47:52.490+0000] {logging_mixin.py:137} INFO - [2025-09-03T19:47:52.490+0000] {dag.py:3437} INFO - Setting next_dagrun for streaming_complete_pipeline to None, run_after=None
[2025-09-03T19:47:52.501+0000] {processor.py:175} INFO - Processing /opt/airflow/dags/dag_streaming_complete.py took 0.052 seconds
[2025-09-03T19:48:22.561+0000] {processor.py:153} INFO - Started process (PID=841) to work on /opt/airflow/dags/dag_streaming_complete.py
[2025-09-03T19:48:22.562+0000] {processor.py:743} INFO - Processing file /opt/airflow/dags/dag_streaming_complete.py for tasks to queue
[2025-09-03T19:48:22.562+0000] {logging_mixin.py:137} INFO - [2025-09-03T19:48:22.562+0000] {dagbag.py:538} INFO - Filling up the DagBag from /opt/airflow/dags/dag_streaming_complete.py
[2025-09-03T19:48:22.573+0000] {processor.py:753} INFO - DAG(s) dict_keys(['streaming_complete_pipeline']) retrieved from /opt/airflow/dags/dag_streaming_complete.py
[2025-09-03T19:48:22.588+0000] {logging_mixin.py:137} INFO - [2025-09-03T19:48:22.587+0000] {dag.py:2690} INFO - Sync 1 DAGs
[2025-09-03T19:48:22.601+0000] {logging_mixin.py:137} INFO - [2025-09-03T19:48:22.601+0000] {dag.py:3437} INFO - Setting next_dagrun for streaming_complete_pipeline to None, run_after=None
[2025-09-03T19:48:22.613+0000] {processor.py:175} INFO - Processing /opt/airflow/dags/dag_streaming_complete.py took 0.054 seconds
[2025-09-03T19:49:32.250+0000] {processor.py:153} INFO - Started process (PID=851) to work on /opt/airflow/dags/dag_streaming_complete.py
[2025-09-03T19:49:32.250+0000] {processor.py:743} INFO - Processing file /opt/airflow/dags/dag_streaming_complete.py for tasks to queue
[2025-09-03T19:49:32.251+0000] {logging_mixin.py:137} INFO - [2025-09-03T19:49:32.251+0000] {dagbag.py:538} INFO - Filling up the DagBag from /opt/airflow/dags/dag_streaming_complete.py
[2025-09-03T19:49:32.262+0000] {processor.py:753} INFO - DAG(s) dict_keys(['streaming_complete_pipeline']) retrieved from /opt/airflow/dags/dag_streaming_complete.py
[2025-09-03T19:49:32.277+0000] {logging_mixin.py:137} INFO - [2025-09-03T19:49:32.277+0000] {dag.py:2690} INFO - Sync 1 DAGs
[2025-09-03T19:49:32.291+0000] {logging_mixin.py:137} INFO - [2025-09-03T19:49:32.291+0000] {dag.py:3437} INFO - Setting next_dagrun for streaming_complete_pipeline to None, run_after=None
[2025-09-03T19:49:32.302+0000] {processor.py:175} INFO - Processing /opt/airflow/dags/dag_streaming_complete.py took 0.054 seconds
[2025-09-03T19:50:02.389+0000] {processor.py:153} INFO - Started process (PID=867) to work on /opt/airflow/dags/dag_streaming_complete.py
[2025-09-03T19:50:02.390+0000] {processor.py:743} INFO - Processing file /opt/airflow/dags/dag_streaming_complete.py for tasks to queue
[2025-09-03T19:50:02.390+0000] {logging_mixin.py:137} INFO - [2025-09-03T19:50:02.390+0000] {dagbag.py:538} INFO - Filling up the DagBag from /opt/airflow/dags/dag_streaming_complete.py
[2025-09-03T19:50:02.405+0000] {processor.py:753} INFO - DAG(s) dict_keys(['streaming_complete_pipeline']) retrieved from /opt/airflow/dags/dag_streaming_complete.py
[2025-09-03T19:50:02.427+0000] {logging_mixin.py:137} INFO - [2025-09-03T19:50:02.427+0000] {dag.py:2690} INFO - Sync 1 DAGs
[2025-09-03T19:50:02.445+0000] {logging_mixin.py:137} INFO - [2025-09-03T19:50:02.444+0000] {dag.py:3437} INFO - Setting next_dagrun for streaming_complete_pipeline to None, run_after=None
[2025-09-03T19:50:02.460+0000] {processor.py:175} INFO - Processing /opt/airflow/dags/dag_streaming_complete.py took 0.072 seconds
[2025-09-03T19:50:12.357+0000] {processor.py:153} INFO - Started process (PID=884) to work on /opt/airflow/dags/dag_streaming_complete.py
[2025-09-03T19:50:12.358+0000] {processor.py:743} INFO - Processing file /opt/airflow/dags/dag_streaming_complete.py for tasks to queue
[2025-09-03T19:50:12.358+0000] {logging_mixin.py:137} INFO - [2025-09-03T19:50:12.358+0000] {dagbag.py:538} INFO - Filling up the DagBag from /opt/airflow/dags/dag_streaming_complete.py
[2025-09-03T19:50:12.368+0000] {processor.py:753} INFO - DAG(s) dict_keys(['streaming_complete_pipeline']) retrieved from /opt/airflow/dags/dag_streaming_complete.py
[2025-09-03T19:50:12.378+0000] {logging_mixin.py:137} INFO - [2025-09-03T19:50:12.377+0000] {dag.py:1318} INFO - Executing dag callback function: <function log_callback_success at 0x7f743dbae3a0>
[2025-09-03T19:50:12.383+0000] {logging_mixin.py:137} WARNING - /usr/local/lib/python3.9/site-packages/airflow/utils/sqlalchemy.py:124 DeprecationWarning: The sql_alchemy_conn option in [core] has been moved to the sql_alchemy_conn option in [database] - the old setting has been used, but please update your config.
[2025-09-03T19:50:12.391+0000] {logging_mixin.py:137} INFO - DAG streaming_complete_pipeline succeeded at 25-09-03 16:50:12
[2025-09-03T19:50:12.397+0000] {logging_mixin.py:137} INFO - [2025-09-03T19:50:12.397+0000] {dag.py:2690} INFO - Sync 1 DAGs
[2025-09-03T19:50:12.407+0000] {logging_mixin.py:137} INFO - [2025-09-03T19:50:12.407+0000] {dag.py:3437} INFO - Setting next_dagrun for streaming_complete_pipeline to None, run_after=None
[2025-09-03T19:50:12.417+0000] {processor.py:175} INFO - Processing /opt/airflow/dags/dag_streaming_complete.py took 0.061 seconds
[2025-09-03T19:50:42.502+0000] {processor.py:153} INFO - Started process (PID=896) to work on /opt/airflow/dags/dag_streaming_complete.py
[2025-09-03T19:50:42.503+0000] {processor.py:743} INFO - Processing file /opt/airflow/dags/dag_streaming_complete.py for tasks to queue
[2025-09-03T19:50:42.503+0000] {logging_mixin.py:137} INFO - [2025-09-03T19:50:42.503+0000] {dagbag.py:538} INFO - Filling up the DagBag from /opt/airflow/dags/dag_streaming_complete.py
[2025-09-03T19:50:42.513+0000] {processor.py:753} INFO - DAG(s) dict_keys(['streaming_complete_pipeline']) retrieved from /opt/airflow/dags/dag_streaming_complete.py
[2025-09-03T19:50:42.528+0000] {logging_mixin.py:137} INFO - [2025-09-03T19:50:42.528+0000] {dag.py:2690} INFO - Sync 1 DAGs
[2025-09-03T19:50:42.542+0000] {logging_mixin.py:137} INFO - [2025-09-03T19:50:42.542+0000] {dag.py:3437} INFO - Setting next_dagrun for streaming_complete_pipeline to None, run_after=None
[2025-09-03T19:50:42.552+0000] {processor.py:175} INFO - Processing /opt/airflow/dags/dag_streaming_complete.py took 0.051 seconds
[2025-09-03T19:51:16.646+0000] {processor.py:153} INFO - Started process (PID=906) to work on /opt/airflow/dags/dag_streaming_complete.py
[2025-09-03T19:51:16.646+0000] {processor.py:743} INFO - Processing file /opt/airflow/dags/dag_streaming_complete.py for tasks to queue
[2025-09-03T19:51:16.647+0000] {logging_mixin.py:137} INFO - [2025-09-03T19:51:16.647+0000] {dagbag.py:538} INFO - Filling up the DagBag from /opt/airflow/dags/dag_streaming_complete.py
[2025-09-03T19:51:16.657+0000] {processor.py:753} INFO - DAG(s) dict_keys(['streaming_complete_pipeline']) retrieved from /opt/airflow/dags/dag_streaming_complete.py
[2025-09-03T19:51:16.671+0000] {logging_mixin.py:137} INFO - [2025-09-03T19:51:16.671+0000] {dag.py:2690} INFO - Sync 1 DAGs
[2025-09-03T19:51:16.683+0000] {logging_mixin.py:137} INFO - [2025-09-03T19:51:16.683+0000] {dag.py:3437} INFO - Setting next_dagrun for streaming_complete_pipeline to None, run_after=None
[2025-09-03T19:51:16.694+0000] {processor.py:175} INFO - Processing /opt/airflow/dags/dag_streaming_complete.py took 0.050 seconds
[2025-09-03T19:51:46.709+0000] {processor.py:153} INFO - Started process (PID=916) to work on /opt/airflow/dags/dag_streaming_complete.py
[2025-09-03T19:51:46.709+0000] {processor.py:743} INFO - Processing file /opt/airflow/dags/dag_streaming_complete.py for tasks to queue
[2025-09-03T19:51:46.710+0000] {logging_mixin.py:137} INFO - [2025-09-03T19:51:46.710+0000] {dagbag.py:538} INFO - Filling up the DagBag from /opt/airflow/dags/dag_streaming_complete.py
[2025-09-03T19:51:46.720+0000] {processor.py:753} INFO - DAG(s) dict_keys(['streaming_complete_pipeline']) retrieved from /opt/airflow/dags/dag_streaming_complete.py
[2025-09-03T19:51:46.732+0000] {logging_mixin.py:137} INFO - [2025-09-03T19:51:46.732+0000] {dag.py:2690} INFO - Sync 1 DAGs
[2025-09-03T19:51:46.745+0000] {logging_mixin.py:137} INFO - [2025-09-03T19:51:46.745+0000] {dag.py:3437} INFO - Setting next_dagrun for streaming_complete_pipeline to None, run_after=None
[2025-09-03T19:51:46.755+0000] {processor.py:175} INFO - Processing /opt/airflow/dags/dag_streaming_complete.py took 0.048 seconds
[2025-09-03T19:52:26.901+0000] {processor.py:153} INFO - Started process (PID=966) to work on /opt/airflow/dags/dag_streaming_complete.py
[2025-09-03T19:52:26.902+0000] {processor.py:743} INFO - Processing file /opt/airflow/dags/dag_streaming_complete.py for tasks to queue
[2025-09-03T19:52:26.902+0000] {logging_mixin.py:137} INFO - [2025-09-03T19:52:26.902+0000] {dagbag.py:538} INFO - Filling up the DagBag from /opt/airflow/dags/dag_streaming_complete.py
[2025-09-03T19:52:26.912+0000] {processor.py:753} INFO - DAG(s) dict_keys(['streaming_complete_pipeline']) retrieved from /opt/airflow/dags/dag_streaming_complete.py
[2025-09-03T19:52:26.929+0000] {logging_mixin.py:137} INFO - [2025-09-03T19:52:26.929+0000] {dag.py:2690} INFO - Sync 1 DAGs
[2025-09-03T19:52:26.944+0000] {logging_mixin.py:137} INFO - [2025-09-03T19:52:26.944+0000] {dag.py:3437} INFO - Setting next_dagrun for streaming_complete_pipeline to None, run_after=None
[2025-09-03T19:52:26.956+0000] {processor.py:175} INFO - Processing /opt/airflow/dags/dag_streaming_complete.py took 0.056 seconds
[2025-09-03T19:52:57.049+0000] {processor.py:153} INFO - Started process (PID=998) to work on /opt/airflow/dags/dag_streaming_complete.py
[2025-09-03T19:52:57.049+0000] {processor.py:743} INFO - Processing file /opt/airflow/dags/dag_streaming_complete.py for tasks to queue
[2025-09-03T19:52:57.050+0000] {logging_mixin.py:137} INFO - [2025-09-03T19:52:57.050+0000] {dagbag.py:538} INFO - Filling up the DagBag from /opt/airflow/dags/dag_streaming_complete.py
[2025-09-03T19:52:57.065+0000] {processor.py:753} INFO - DAG(s) dict_keys(['streaming_complete_pipeline']) retrieved from /opt/airflow/dags/dag_streaming_complete.py
[2025-09-03T19:52:57.091+0000] {logging_mixin.py:137} INFO - [2025-09-03T19:52:57.091+0000] {dag.py:2690} INFO - Sync 1 DAGs
[2025-09-03T19:52:57.114+0000] {logging_mixin.py:137} INFO - [2025-09-03T19:52:57.114+0000] {dag.py:3437} INFO - Setting next_dagrun for streaming_complete_pipeline to None, run_after=None
[2025-09-03T19:52:57.129+0000] {processor.py:175} INFO - Processing /opt/airflow/dags/dag_streaming_complete.py took 0.083 seconds
[2025-09-03T19:53:27.709+0000] {processor.py:153} INFO - Started process (PID=1256) to work on /opt/airflow/dags/dag_streaming_complete.py
[2025-09-03T19:53:27.710+0000] {processor.py:743} INFO - Processing file /opt/airflow/dags/dag_streaming_complete.py for tasks to queue
[2025-09-03T19:53:27.710+0000] {logging_mixin.py:137} INFO - [2025-09-03T19:53:27.710+0000] {dagbag.py:538} INFO - Filling up the DagBag from /opt/airflow/dags/dag_streaming_complete.py
[2025-09-03T19:53:27.722+0000] {processor.py:753} INFO - DAG(s) dict_keys(['streaming_complete_pipeline']) retrieved from /opt/airflow/dags/dag_streaming_complete.py
[2025-09-03T19:53:27.737+0000] {logging_mixin.py:137} INFO - [2025-09-03T19:53:27.737+0000] {dag.py:2690} INFO - Sync 1 DAGs
[2025-09-03T19:53:27.750+0000] {logging_mixin.py:137} INFO - [2025-09-03T19:53:27.750+0000] {dag.py:3437} INFO - Setting next_dagrun for streaming_complete_pipeline to None, run_after=None
[2025-09-03T19:53:27.761+0000] {processor.py:175} INFO - Processing /opt/airflow/dags/dag_streaming_complete.py took 0.055 seconds
[2025-09-03T19:54:47.432+0000] {processor.py:153} INFO - Started process (PID=1413) to work on /opt/airflow/dags/dag_streaming_complete.py
[2025-09-03T19:54:47.432+0000] {processor.py:743} INFO - Processing file /opt/airflow/dags/dag_streaming_complete.py for tasks to queue
[2025-09-03T19:54:47.432+0000] {logging_mixin.py:137} INFO - [2025-09-03T19:54:47.432+0000] {dagbag.py:538} INFO - Filling up the DagBag from /opt/airflow/dags/dag_streaming_complete.py
[2025-09-03T19:54:47.445+0000] {processor.py:753} INFO - DAG(s) dict_keys(['streaming_complete_pipeline']) retrieved from /opt/airflow/dags/dag_streaming_complete.py
[2025-09-03T19:54:47.461+0000] {logging_mixin.py:137} INFO - [2025-09-03T19:54:47.461+0000] {dag.py:2690} INFO - Sync 1 DAGs
[2025-09-03T19:54:47.474+0000] {logging_mixin.py:137} INFO - [2025-09-03T19:54:47.474+0000] {dag.py:3437} INFO - Setting next_dagrun for streaming_complete_pipeline to None, run_after=None
[2025-09-03T19:54:47.487+0000] {processor.py:175} INFO - Processing /opt/airflow/dags/dag_streaming_complete.py took 0.056 seconds
