[2025-09-03T19:40:53.429+0000] {taskinstance.py:1083} INFO - Dependencies all met for <TaskInstance: streaming_complete_pipeline.start_api_producer scheduled__2023-12-31T00:00:00+00:00 [queued]>
[2025-09-03T19:40:53.435+0000] {taskinstance.py:1083} INFO - Dependencies all met for <TaskInstance: streaming_complete_pipeline.start_api_producer scheduled__2023-12-31T00:00:00+00:00 [queued]>
[2025-09-03T19:40:53.435+0000] {taskinstance.py:1279} INFO - 
--------------------------------------------------------------------------------
[2025-09-03T19:40:53.435+0000] {taskinstance.py:1280} INFO - Starting attempt 1 of 2
[2025-09-03T19:40:53.435+0000] {taskinstance.py:1281} INFO - 
--------------------------------------------------------------------------------
[2025-09-03T19:40:53.441+0000] {taskinstance.py:1300} INFO - Executing <Task(PythonOperator): start_api_producer> on 2023-12-31 00:00:00+00:00
[2025-09-03T19:40:53.444+0000] {standard_task_runner.py:55} INFO - Started process 324 to run task
[2025-09-03T19:40:53.445+0000] {standard_task_runner.py:82} INFO - Running: ['***', 'tasks', 'run', 'streaming_complete_pipeline', 'start_api_producer', 'scheduled__2023-12-31T00:00:00+00:00', '--job-id', '4', '--raw', '--subdir', 'DAGS_FOLDER/dag_streaming_complete.py', '--cfg-path', '/tmp/tmp_vt2w__y']
[2025-09-03T19:40:53.446+0000] {standard_task_runner.py:83} INFO - Job 4: Subtask start_api_producer
[2025-09-03T19:40:53.456+0000] {logging_mixin.py:137} WARNING - /usr/local/lib/python3.9/site-packages/***/settings.py:249 DeprecationWarning: The sql_alchemy_conn option in [core] has been moved to the sql_alchemy_conn option in [database] - the old setting has been used, but please update your config.
[2025-09-03T19:40:53.468+0000] {logging_mixin.py:137} WARNING - /usr/local/lib/python3.9/site-packages/***/utils/sqlalchemy.py:124 DeprecationWarning: The sql_alchemy_conn option in [core] has been moved to the sql_alchemy_conn option in [database] - the old setting has been used, but please update your config.
[2025-09-03T19:40:53.483+0000] {task_command.py:388} INFO - Running <TaskInstance: streaming_complete_pipeline.start_api_producer scheduled__2023-12-31T00:00:00+00:00 [running]> on host e954bc4828da
[2025-09-03T19:40:53.521+0000] {taskinstance.py:1507} INFO - Exporting the following env vars:
AIRFLOW_CTX_DAG_OWNER=Klaus_Rezende
AIRFLOW_CTX_DAG_ID=streaming_complete_pipeline
AIRFLOW_CTX_TASK_ID=start_api_producer
AIRFLOW_CTX_EXECUTION_DATE=2023-12-31T00:00:00+00:00
AIRFLOW_CTX_TRY_NUMBER=1
AIRFLOW_CTX_DAG_RUN_ID=scheduled__2023-12-31T00:00:00+00:00
[2025-09-03T19:40:53.526+0000] {logging_mixin.py:137} INFO - Producer started with PID: 325
[2025-09-03T19:40:53.526+0000] {python.py:177} INFO - Done. Returned value was: None
[2025-09-03T19:40:53.534+0000] {taskinstance.py:1318} INFO - Marking task as SUCCESS. dag_id=streaming_complete_pipeline, task_id=start_api_producer, execution_date=20231231T000000, start_date=20250903T194053, end_date=20250903T194053
[2025-09-03T19:40:53.577+0000] {local_task_job.py:208} INFO - Task exited with return code 0
[2025-09-03T19:40:53.593+0000] {taskinstance.py:2578} INFO - 1 downstream tasks scheduled from follow-on schedule check
