[2025-09-04T00:54:02.270+0000] {taskinstance.py:1083} INFO - Dependencies all met for <TaskInstance: continuous_streaming_consumer.continuous_producer_consumer scheduled__2025-09-04T00:51:00+00:00 [queued]>
[2025-09-04T00:54:02.275+0000] {taskinstance.py:1083} INFO - Dependencies all met for <TaskInstance: continuous_streaming_consumer.continuous_producer_consumer scheduled__2025-09-04T00:51:00+00:00 [queued]>
[2025-09-04T00:54:02.275+0000] {taskinstance.py:1279} INFO - 
--------------------------------------------------------------------------------
[2025-09-04T00:54:02.275+0000] {taskinstance.py:1280} INFO - Starting attempt 1 of 1000
[2025-09-04T00:54:02.275+0000] {taskinstance.py:1281} INFO - 
--------------------------------------------------------------------------------
[2025-09-04T00:54:02.282+0000] {taskinstance.py:1300} INFO - Executing <Task(PythonOperator): continuous_producer_consumer> on 2025-09-04 00:51:00+00:00
[2025-09-04T00:54:02.285+0000] {standard_task_runner.py:55} INFO - Started process 320 to run task
[2025-09-04T00:54:02.286+0000] {standard_task_runner.py:82} INFO - Running: ['***', 'tasks', 'run', 'continuous_streaming_consumer', 'continuous_producer_consumer', 'scheduled__2025-09-04T00:51:00+00:00', '--job-id', '3', '--raw', '--subdir', 'DAGS_FOLDER/dag_continuous_consumer.py', '--cfg-path', '/tmp/tmp1jtluu01']
[2025-09-04T00:54:02.288+0000] {standard_task_runner.py:83} INFO - Job 3: Subtask continuous_producer_consumer
[2025-09-04T00:54:02.299+0000] {logging_mixin.py:137} WARNING - /usr/local/lib/python3.9/site-packages/***/settings.py:249 DeprecationWarning: The sql_alchemy_conn option in [core] has been moved to the sql_alchemy_conn option in [database] - the old setting has been used, but please update your config.
[2025-09-04T00:54:02.313+0000] {logging_mixin.py:137} WARNING - /usr/local/lib/python3.9/site-packages/***/utils/sqlalchemy.py:124 DeprecationWarning: The sql_alchemy_conn option in [core] has been moved to the sql_alchemy_conn option in [database] - the old setting has been used, but please update your config.
[2025-09-04T00:54:02.333+0000] {task_command.py:388} INFO - Running <TaskInstance: continuous_streaming_consumer.continuous_producer_consumer scheduled__2025-09-04T00:51:00+00:00 [running]> on host a9c36e7e0f71
[2025-09-04T00:54:02.375+0000] {taskinstance.py:1507} INFO - Exporting the following env vars:
AIRFLOW_CTX_DAG_OWNER=Klaus_Rezende
AIRFLOW_CTX_DAG_ID=continuous_streaming_consumer
AIRFLOW_CTX_TASK_ID=continuous_producer_consumer
AIRFLOW_CTX_EXECUTION_DATE=2025-09-04T00:51:00+00:00
AIRFLOW_CTX_TRY_NUMBER=1
AIRFLOW_CTX_DAG_RUN_ID=scheduled__2025-09-04T00:51:00+00:00
[2025-09-04T00:54:02.380+0000] {conn.py:380} INFO - <BrokerConnection node_id=bootstrap-0 host=kafka:29092 <connecting> [IPv4 ('172.16.240.5', 29092)]>: connecting to kafka:29092 [('172.16.240.5', 29092) IPv4]
[2025-09-04T00:54:02.380+0000] {conn.py:1205} INFO - Probing node bootstrap-0 broker version
[2025-09-04T00:54:02.380+0000] {conn.py:410} INFO - <BrokerConnection node_id=bootstrap-0 host=kafka:29092 <connecting> [IPv4 ('172.16.240.5', 29092)]>: Connection complete.
[2025-09-04T00:54:02.383+0000] {conn.py:380} INFO - <BrokerConnection node_id=bootstrap-0 host=kafka:29092 <connecting> [IPv4 ('172.16.240.5', 29092)]>: connecting to kafka:29092 [('172.16.240.5', 29092) IPv4]
[2025-09-04T00:54:02.383+0000] {conn.py:1205} INFO - Probing node bootstrap-0 broker version
[2025-09-04T00:54:02.384+0000] {conn.py:410} INFO - <BrokerConnection node_id=bootstrap-0 host=kafka:29092 <connecting> [IPv4 ('172.16.240.5', 29092)]>: Connection complete.
[2025-09-04T00:54:02.482+0000] {conn.py:1267} INFO - Broker version identified as 2.5.0
[2025-09-04T00:54:02.483+0000] {conn.py:1268} INFO - Set configuration api_version=(2, 5, 0) to skip auto check_version requests on startup
[2025-09-04T00:54:02.486+0000] {conn.py:1267} INFO - Broker version identified as 2.5.0
[2025-09-04T00:54:02.487+0000] {conn.py:1268} INFO - Set configuration api_version=(2, 5, 0) to skip auto check_version requests on startup
[2025-09-04T00:54:02.487+0000] {consumer.py:118} WARNING - group_id is None: disabling auto-commit.
[2025-09-04T00:54:02.487+0000] {subscription_state.py:171} INFO - Updating subscribed topics to: ('streaming_data',)
[2025-09-04T00:54:02.488+0000] {subscription_state.py:257} INFO - Updated partition assignment: [('streaming_data', 0), ('streaming_data', 1), ('streaming_data', 2)]
[2025-09-04T00:54:02.488+0000] {conn.py:380} INFO - <BrokerConnection node_id=1 host=kafka:29092 <connecting> [IPv4 ('172.16.240.5', 29092)]>: connecting to kafka:29092 [('172.16.240.5', 29092) IPv4]
[2025-09-04T00:54:02.489+0000] {conn.py:410} INFO - <BrokerConnection node_id=1 host=kafka:29092 <connecting> [IPv4 ('172.16.240.5', 29092)]>: Connection complete.
[2025-09-04T00:54:02.489+0000] {conn.py:919} INFO - <BrokerConnection node_id=bootstrap-0 host=kafka:29092 <connected> [IPv4 ('172.16.240.5', 29092)]>: Closing connection. 
[2025-09-04T00:54:02.586+0000] {conn.py:380} INFO - <BrokerConnection node_id=1 host=kafka:29092 <connecting> [IPv4 ('172.16.240.5', 29092)]>: connecting to kafka:29092 [('172.16.240.5', 29092) IPv4]
[2025-09-04T00:54:02.586+0000] {conn.py:410} INFO - <BrokerConnection node_id=1 host=kafka:29092 <connecting> [IPv4 ('172.16.240.5', 29092)]>: Connection complete.
[2025-09-04T00:54:02.586+0000] {conn.py:919} INFO - <BrokerConnection node_id=bootstrap-0 host=kafka:29092 <connected> [IPv4 ('172.16.240.5', 29092)]>: Closing connection. 
[2025-09-04T00:54:02.589+0000] {logging_mixin.py:137} INFO - Produced post 1: sunt aut facere repellat provi...
[2025-09-04T00:54:09.947+0000] {logging_mixin.py:137} INFO - Consumed from partition 2, key 2: dolorum ut in voluptas molliti...
[2025-09-04T00:54:12.602+0000] {logging_mixin.py:137} INFO - Produced post 2: qui est esse...
[2025-09-04T00:54:12.604+0000] {logging_mixin.py:137} INFO - Consumed from partition 0, key 1: qui est esse...
[2025-09-04T00:54:19.960+0000] {logging_mixin.py:137} INFO - Consumed from partition 2, key 2: voluptatem eligendi optio...
[2025-09-04T00:54:22.614+0000] {logging_mixin.py:137} INFO - Produced post 3: ea molestias quasi exercitatio...
[2025-09-04T00:54:22.617+0000] {logging_mixin.py:137} INFO - Consumed from partition 0, key 1: ea molestias quasi exercitatio...
[2025-09-04T00:54:29.971+0000] {logging_mixin.py:137} INFO - Consumed from partition 2, key 2: eveniet quod temporibus...
[2025-09-04T00:54:32.627+0000] {logging_mixin.py:137} INFO - Produced post 4: eum et est occaecati...
[2025-09-04T00:54:32.630+0000] {logging_mixin.py:137} INFO - Consumed from partition 0, key 1: eum et est occaecati...
[2025-09-04T00:54:39.983+0000] {logging_mixin.py:137} INFO - Consumed from partition 2, key 2: sint suscipit perspiciatis vel...
[2025-09-04T00:54:42.639+0000] {logging_mixin.py:137} INFO - Produced post 5: nesciunt quas odio...
[2025-09-04T00:54:42.641+0000] {logging_mixin.py:137} INFO - Consumed from partition 0, key 1: nesciunt quas odio...
[2025-09-04T00:54:49.996+0000] {logging_mixin.py:137} INFO - Consumed from partition 2, key 2: fugit voluptas sed molestias v...
[2025-09-04T00:54:52.651+0000] {logging_mixin.py:137} INFO - Produced post 6: dolorem eum magni eos aperiam ...
[2025-09-04T00:54:52.656+0000] {logging_mixin.py:137} INFO - Consumed from partition 0, key 1: dolorem eum magni eos aperiam ...
[2025-09-04T00:55:00.008+0000] {logging_mixin.py:137} INFO - Consumed from partition 2, key 2: voluptate et itaque vero tempo...
[2025-09-04T00:55:02.657+0000] {logging_mixin.py:137} INFO - Produced post 7: magnam facilis autem...
[2025-09-04T00:55:02.660+0000] {logging_mixin.py:137} INFO - Consumed from partition 0, key 1: magnam facilis autem...
[2025-09-04T00:55:12.670+0000] {logging_mixin.py:137} INFO - Produced post 8: dolorem dolore est ipsam...
[2025-09-04T00:55:12.672+0000] {logging_mixin.py:137} INFO - Consumed from partition 0, key 1: dolorem dolore est ipsam...
[2025-09-04T00:55:22.674+0000] {logging_mixin.py:137} INFO - Produced post 9: nesciunt iure omnis dolorem te...
[2025-09-04T00:55:22.676+0000] {logging_mixin.py:137} INFO - Consumed from partition 0, key 1: nesciunt iure omnis dolorem te...
[2025-09-04T00:55:32.686+0000] {logging_mixin.py:137} INFO - Produced post 10: optio molestias id quia eum...
[2025-09-04T00:55:32.688+0000] {logging_mixin.py:137} INFO - Consumed from partition 0, key 1: optio molestias id quia eum...
[2025-09-04T00:55:42.700+0000] {logging_mixin.py:137} INFO - Produced post 11: et ea vero quia laudantium aut...
[2025-09-04T00:55:42.703+0000] {logging_mixin.py:137} INFO - Consumed from partition 2, key 2: et ea vero quia laudantium aut...
[2025-09-04T00:55:52.713+0000] {logging_mixin.py:137} INFO - Produced post 12: in quibusdam tempore odit est ...
[2025-09-04T00:55:52.715+0000] {logging_mixin.py:137} INFO - Consumed from partition 2, key 2: in quibusdam tempore odit est ...
[2025-09-04T00:56:02.725+0000] {logging_mixin.py:137} INFO - Produced post 13: dolorum ut in voluptas molliti...
[2025-09-04T00:56:02.728+0000] {logging_mixin.py:137} INFO - Consumed from partition 2, key 2: dolorum ut in voluptas molliti...
[2025-09-04T00:56:12.736+0000] {logging_mixin.py:137} INFO - Produced post 14: voluptatem eligendi optio...
[2025-09-04T00:56:12.738+0000] {logging_mixin.py:137} INFO - Consumed from partition 2, key 2: voluptatem eligendi optio...
[2025-09-04T00:56:22.748+0000] {logging_mixin.py:137} INFO - Produced post 15: eveniet quod temporibus...
[2025-09-04T00:56:22.751+0000] {logging_mixin.py:137} INFO - Consumed from partition 2, key 2: eveniet quod temporibus...
[2025-09-04T00:56:32.761+0000] {logging_mixin.py:137} INFO - Produced post 16: sint suscipit perspiciatis vel...
[2025-09-04T00:56:32.763+0000] {logging_mixin.py:137} INFO - Consumed from partition 2, key 2: sint suscipit perspiciatis vel...
[2025-09-04T00:56:42.766+0000] {logging_mixin.py:137} INFO - Produced post 17: fugit voluptas sed molestias v...
[2025-09-04T00:56:42.768+0000] {logging_mixin.py:137} INFO - Consumed from partition 2, key 2: fugit voluptas sed molestias v...
[2025-09-04T00:56:52.778+0000] {logging_mixin.py:137} INFO - Produced post 18: voluptate et itaque vero tempo...
[2025-09-04T00:56:52.780+0000] {logging_mixin.py:137} INFO - Consumed from partition 2, key 2: voluptate et itaque vero tempo...
[2025-09-04T00:57:01.837+0000] {logging_mixin.py:137} INFO - Consumed from partition 0, key 1: sunt aut facere repellat provi...
[2025-09-04T00:57:02.474+0000] {logging_mixin.py:137} INFO - Continuous task completed - will restart automatically
[2025-09-04T00:57:02.475+0000] {python.py:177} INFO - Done. Returned value was: None
[2025-09-04T00:57:02.482+0000] {taskinstance.py:1318} INFO - Marking task as SUCCESS. dag_id=continuous_streaming_consumer, task_id=continuous_producer_consumer, execution_date=20250904T005100, start_date=20250904T005402, end_date=20250904T005702
[2025-09-04T00:57:02.504+0000] {local_task_job.py:208} INFO - Task exited with return code 0
[2025-09-04T00:57:02.517+0000] {taskinstance.py:2578} INFO - 1 downstream tasks scheduled from follow-on schedule check
