[2025-09-03T22:02:44.794+0000] {taskinstance.py:1083} INFO - Dependencies all met for <TaskInstance: continuous_streaming_consumer.continuous_producer_consumer scheduled__2025-09-03T22:00:00+00:00 [queued]>
[2025-09-03T22:02:44.802+0000] {taskinstance.py:1083} INFO - Dependencies all met for <TaskInstance: continuous_streaming_consumer.continuous_producer_consumer scheduled__2025-09-03T22:00:00+00:00 [queued]>
[2025-09-03T22:02:44.802+0000] {taskinstance.py:1279} INFO - 
--------------------------------------------------------------------------------
[2025-09-03T22:02:44.802+0000] {taskinstance.py:1280} INFO - Starting attempt 1 of 1000
[2025-09-03T22:02:44.802+0000] {taskinstance.py:1281} INFO - 
--------------------------------------------------------------------------------
[2025-09-03T22:02:44.810+0000] {taskinstance.py:1300} INFO - Executing <Task(PythonOperator): continuous_producer_consumer> on 2025-09-03 22:00:00+00:00
[2025-09-03T22:02:44.812+0000] {standard_task_runner.py:55} INFO - Started process 729 to run task
[2025-09-03T22:02:44.814+0000] {standard_task_runner.py:82} INFO - Running: ['***', 'tasks', 'run', 'continuous_streaming_consumer', 'continuous_producer_consumer', 'scheduled__2025-09-03T22:00:00+00:00', '--job-id', '8', '--raw', '--subdir', 'DAGS_FOLDER/dag_continuous_consumer.py', '--cfg-path', '/tmp/tmpnwl61p44']
[2025-09-03T22:02:44.816+0000] {standard_task_runner.py:83} INFO - Job 8: Subtask continuous_producer_consumer
[2025-09-03T22:02:44.828+0000] {logging_mixin.py:137} WARNING - /usr/local/lib/python3.9/site-packages/***/settings.py:249 DeprecationWarning: The sql_alchemy_conn option in [core] has been moved to the sql_alchemy_conn option in [database] - the old setting has been used, but please update your config.
[2025-09-03T22:02:44.846+0000] {logging_mixin.py:137} WARNING - /usr/local/lib/python3.9/site-packages/***/utils/sqlalchemy.py:124 DeprecationWarning: The sql_alchemy_conn option in [core] has been moved to the sql_alchemy_conn option in [database] - the old setting has been used, but please update your config.
[2025-09-03T22:02:44.870+0000] {task_command.py:388} INFO - Running <TaskInstance: continuous_streaming_consumer.continuous_producer_consumer scheduled__2025-09-03T22:00:00+00:00 [running]> on host 16d99b450999
[2025-09-03T22:02:44.914+0000] {taskinstance.py:1507} INFO - Exporting the following env vars:
AIRFLOW_CTX_DAG_OWNER=Klaus_Rezende
AIRFLOW_CTX_DAG_ID=continuous_streaming_consumer
AIRFLOW_CTX_TASK_ID=continuous_producer_consumer
AIRFLOW_CTX_EXECUTION_DATE=2025-09-03T22:00:00+00:00
AIRFLOW_CTX_TRY_NUMBER=1
AIRFLOW_CTX_DAG_RUN_ID=scheduled__2025-09-03T22:00:00+00:00
[2025-09-03T22:02:44.919+0000] {conn.py:380} INFO - <BrokerConnection node_id=bootstrap-0 host=kafka:29092 <connecting> [IPv4 ('172.16.240.7', 29092)]>: connecting to kafka:29092 [('172.16.240.7', 29092) IPv4]
[2025-09-03T22:02:44.919+0000] {conn.py:1205} INFO - Probing node bootstrap-0 broker version
[2025-09-03T22:02:44.920+0000] {conn.py:410} INFO - <BrokerConnection node_id=bootstrap-0 host=kafka:29092 <connecting> [IPv4 ('172.16.240.7', 29092)]>: Connection complete.
[2025-09-03T22:02:44.923+0000] {conn.py:380} INFO - <BrokerConnection node_id=bootstrap-0 host=kafka:29092 <connecting> [IPv4 ('172.16.240.7', 29092)]>: connecting to kafka:29092 [('172.16.240.7', 29092) IPv4]
[2025-09-03T22:02:44.923+0000] {conn.py:1205} INFO - Probing node bootstrap-0 broker version
[2025-09-03T22:02:44.923+0000] {conn.py:410} INFO - <BrokerConnection node_id=bootstrap-0 host=kafka:29092 <connecting> [IPv4 ('172.16.240.7', 29092)]>: Connection complete.
[2025-09-03T22:02:45.022+0000] {conn.py:1267} INFO - Broker version identified as 2.5.0
[2025-09-03T22:02:45.022+0000] {conn.py:1268} INFO - Set configuration api_version=(2, 5, 0) to skip auto check_version requests on startup
[2025-09-03T22:02:45.026+0000] {conn.py:1267} INFO - Broker version identified as 2.5.0
[2025-09-03T22:02:45.026+0000] {conn.py:1268} INFO - Set configuration api_version=(2, 5, 0) to skip auto check_version requests on startup
[2025-09-03T22:02:45.026+0000] {consumer.py:118} WARNING - group_id is None: disabling auto-commit.
[2025-09-03T22:02:45.027+0000] {subscription_state.py:171} INFO - Updating subscribed topics to: ('streaming_data',)
[2025-09-03T22:02:45.027+0000] {subscription_state.py:257} INFO - Updated partition assignment: [('streaming_data', 0), ('streaming_data', 1), ('streaming_data', 2)]
[2025-09-03T22:02:45.028+0000] {conn.py:380} INFO - <BrokerConnection node_id=1 host=kafka:29092 <connecting> [IPv4 ('172.16.240.7', 29092)]>: connecting to kafka:29092 [('172.16.240.7', 29092) IPv4]
[2025-09-03T22:02:45.028+0000] {conn.py:410} INFO - <BrokerConnection node_id=1 host=kafka:29092 <connecting> [IPv4 ('172.16.240.7', 29092)]>: Connection complete.
[2025-09-03T22:02:45.028+0000] {conn.py:919} INFO - <BrokerConnection node_id=bootstrap-0 host=kafka:29092 <connected> [IPv4 ('172.16.240.7', 29092)]>: Closing connection. 
[2025-09-03T22:02:45.901+0000] {conn.py:380} INFO - <BrokerConnection node_id=1 host=kafka:29092 <connecting> [IPv4 ('172.16.240.7', 29092)]>: connecting to kafka:29092 [('172.16.240.7', 29092) IPv4]
[2025-09-03T22:02:45.902+0000] {conn.py:410} INFO - <BrokerConnection node_id=1 host=kafka:29092 <connecting> [IPv4 ('172.16.240.7', 29092)]>: Connection complete.
[2025-09-03T22:02:45.902+0000] {conn.py:919} INFO - <BrokerConnection node_id=bootstrap-0 host=kafka:29092 <connected> [IPv4 ('172.16.240.7', 29092)]>: Closing connection. 
[2025-09-03T22:02:45.904+0000] {logging_mixin.py:137} INFO - Produced post 1: sunt aut facere repellat provi...
[2025-09-03T22:02:45.907+0000] {logging_mixin.py:137} INFO - Consumed from partition 0, key 1: sunt aut facere repellat provi...
[2025-09-03T22:02:55.918+0000] {logging_mixin.py:137} INFO - Produced post 2: qui est esse...
[2025-09-03T22:02:55.920+0000] {logging_mixin.py:137} INFO - Consumed from partition 0, key 1: qui est esse...
[2025-09-03T22:03:05.926+0000] {logging_mixin.py:137} INFO - Produced post 3: ea molestias quasi exercitatio...
[2025-09-03T22:03:05.928+0000] {logging_mixin.py:137} INFO - Consumed from partition 0, key 1: ea molestias quasi exercitatio...
[2025-09-03T22:03:15.938+0000] {logging_mixin.py:137} INFO - Produced post 4: eum et est occaecati...
[2025-09-03T22:03:15.940+0000] {logging_mixin.py:137} INFO - Consumed from partition 0, key 1: eum et est occaecati...
[2025-09-03T22:03:25.945+0000] {logging_mixin.py:137} INFO - Produced post 5: nesciunt quas odio...
[2025-09-03T22:03:25.947+0000] {logging_mixin.py:137} INFO - Consumed from partition 0, key 1: nesciunt quas odio...
[2025-09-03T22:03:35.944+0000] {logging_mixin.py:137} INFO - Produced post 6: dolorem eum magni eos aperiam ...
[2025-09-03T22:03:35.946+0000] {logging_mixin.py:137} INFO - Consumed from partition 0, key 1: dolorem eum magni eos aperiam ...
[2025-09-03T22:03:45.958+0000] {logging_mixin.py:137} INFO - Produced post 7: magnam facilis autem...
[2025-09-03T22:03:45.960+0000] {logging_mixin.py:137} INFO - Consumed from partition 0, key 1: magnam facilis autem...
[2025-09-03T22:03:55.968+0000] {logging_mixin.py:137} INFO - Produced post 8: dolorem dolore est ipsam...
[2025-09-03T22:03:55.970+0000] {logging_mixin.py:137} INFO - Consumed from partition 0, key 1: dolorem dolore est ipsam...
[2025-09-03T22:04:05.975+0000] {logging_mixin.py:137} INFO - Produced post 9: nesciunt iure omnis dolorem te...
[2025-09-03T22:04:05.979+0000] {logging_mixin.py:137} INFO - Consumed from partition 0, key 1: nesciunt iure omnis dolorem te...
[2025-09-03T22:04:15.997+0000] {logging_mixin.py:137} INFO - Produced post 10: optio molestias id quia eum...
[2025-09-03T22:04:16.002+0000] {logging_mixin.py:137} INFO - Consumed from partition 0, key 1: optio molestias id quia eum...
[2025-09-03T22:04:26.008+0000] {logging_mixin.py:137} INFO - Produced post 11: et ea vero quia laudantium aut...
[2025-09-03T22:04:26.011+0000] {logging_mixin.py:137} INFO - Consumed from partition 2, key 2: et ea vero quia laudantium aut...
[2025-09-03T22:04:36.025+0000] {logging_mixin.py:137} INFO - Produced post 12: in quibusdam tempore odit est ...
[2025-09-03T22:04:36.027+0000] {logging_mixin.py:137} INFO - Consumed from partition 2, key 2: in quibusdam tempore odit est ...
[2025-09-03T22:04:46.025+0000] {logging_mixin.py:137} INFO - Produced post 13: dolorum ut in voluptas molliti...
[2025-09-03T22:04:46.027+0000] {logging_mixin.py:137} INFO - Consumed from partition 2, key 2: dolorum ut in voluptas molliti...
[2025-09-03T22:04:56.041+0000] {logging_mixin.py:137} INFO - Produced post 14: voluptatem eligendi optio...
[2025-09-03T22:04:56.043+0000] {logging_mixin.py:137} INFO - Consumed from partition 2, key 2: voluptatem eligendi optio...
[2025-09-03T22:05:06.046+0000] {logging_mixin.py:137} INFO - Produced post 15: eveniet quod temporibus...
[2025-09-03T22:05:06.048+0000] {logging_mixin.py:137} INFO - Consumed from partition 2, key 2: eveniet quod temporibus...
[2025-09-03T22:05:16.053+0000] {logging_mixin.py:137} INFO - Produced post 16: sint suscipit perspiciatis vel...
[2025-09-03T22:05:16.058+0000] {logging_mixin.py:137} INFO - Consumed from partition 2, key 2: sint suscipit perspiciatis vel...
[2025-09-03T22:05:26.072+0000] {logging_mixin.py:137} INFO - Produced post 17: fugit voluptas sed molestias v...
[2025-09-03T22:05:26.075+0000] {logging_mixin.py:137} INFO - Consumed from partition 2, key 2: fugit voluptas sed molestias v...
[2025-09-03T22:05:36.075+0000] {logging_mixin.py:137} INFO - Produced post 18: voluptate et itaque vero tempo...
[2025-09-03T22:05:36.080+0000] {logging_mixin.py:137} INFO - Consumed from partition 2, key 2: voluptate et itaque vero tempo...
[2025-09-03T22:05:45.022+0000] {logging_mixin.py:137} INFO - Continuous task completed - will restart automatically
[2025-09-03T22:05:45.022+0000] {python.py:177} INFO - Done. Returned value was: None
[2025-09-03T22:05:45.029+0000] {taskinstance.py:1318} INFO - Marking task as SUCCESS. dag_id=continuous_streaming_consumer, task_id=continuous_producer_consumer, execution_date=20250903T220000, start_date=20250903T220244, end_date=20250903T220545
[2025-09-03T22:05:45.062+0000] {local_task_job.py:208} INFO - Task exited with return code 0
[2025-09-03T22:05:45.075+0000] {taskinstance.py:2578} INFO - 1 downstream tasks scheduled from follow-on schedule check
