[2025-09-03T20:10:01.157+0000] {taskinstance.py:1083} INFO - Dependencies all met for <TaskInstance: continuous_streaming_consumer.continuous_producer_consumer scheduled__2025-09-03T20:05:00+00:00 [queued]>
[2025-09-03T20:10:01.162+0000] {taskinstance.py:1083} INFO - Dependencies all met for <TaskInstance: continuous_streaming_consumer.continuous_producer_consumer scheduled__2025-09-03T20:05:00+00:00 [queued]>
[2025-09-03T20:10:01.162+0000] {taskinstance.py:1279} INFO - 
--------------------------------------------------------------------------------
[2025-09-03T20:10:01.162+0000] {taskinstance.py:1280} INFO - Starting attempt 1 of 1000
[2025-09-03T20:10:01.163+0000] {taskinstance.py:1281} INFO - 
--------------------------------------------------------------------------------
[2025-09-03T20:10:01.169+0000] {taskinstance.py:1300} INFO - Executing <Task(PythonOperator): continuous_producer_consumer> on 2025-09-03 20:05:00+00:00
[2025-09-03T20:10:01.172+0000] {standard_task_runner.py:55} INFO - Started process 220 to run task
[2025-09-03T20:10:01.173+0000] {standard_task_runner.py:82} INFO - Running: ['***', 'tasks', 'run', 'continuous_streaming_consumer', 'continuous_producer_consumer', 'scheduled__2025-09-03T20:05:00+00:00', '--job-id', '3', '--raw', '--subdir', 'DAGS_FOLDER/dag_continuous_consumer.py', '--cfg-path', '/tmp/tmp77pffhf7']
[2025-09-03T20:10:01.175+0000] {standard_task_runner.py:83} INFO - Job 3: Subtask continuous_producer_consumer
[2025-09-03T20:10:01.186+0000] {logging_mixin.py:137} WARNING - /usr/local/lib/python3.9/site-packages/***/settings.py:249 DeprecationWarning: The sql_alchemy_conn option in [core] has been moved to the sql_alchemy_conn option in [database] - the old setting has been used, but please update your config.
[2025-09-03T20:10:01.202+0000] {logging_mixin.py:137} WARNING - /usr/local/lib/python3.9/site-packages/***/utils/sqlalchemy.py:124 DeprecationWarning: The sql_alchemy_conn option in [core] has been moved to the sql_alchemy_conn option in [database] - the old setting has been used, but please update your config.
[2025-09-03T20:10:01.223+0000] {task_command.py:388} INFO - Running <TaskInstance: continuous_streaming_consumer.continuous_producer_consumer scheduled__2025-09-03T20:05:00+00:00 [running]> on host 15e5c1330dfb
[2025-09-03T20:10:01.266+0000] {taskinstance.py:1507} INFO - Exporting the following env vars:
AIRFLOW_CTX_DAG_OWNER=Klaus_Rezende
AIRFLOW_CTX_DAG_ID=continuous_streaming_consumer
AIRFLOW_CTX_TASK_ID=continuous_producer_consumer
AIRFLOW_CTX_EXECUTION_DATE=2025-09-03T20:05:00+00:00
AIRFLOW_CTX_TRY_NUMBER=1
AIRFLOW_CTX_DAG_RUN_ID=scheduled__2025-09-03T20:05:00+00:00
[2025-09-03T20:10:01.288+0000] {conn.py:380} INFO - <BrokerConnection node_id=bootstrap-0 host=kafka:29092 <connecting> [IPv4 ('172.16.240.5', 29092)]>: connecting to kafka:29092 [('172.16.240.5', 29092) IPv4]
[2025-09-03T20:10:01.288+0000] {conn.py:1205} INFO - Probing node bootstrap-0 broker version
[2025-09-03T20:10:01.288+0000] {conn.py:410} INFO - <BrokerConnection node_id=bootstrap-0 host=kafka:29092 <connecting> [IPv4 ('172.16.240.5', 29092)]>: Connection complete.
[2025-09-03T20:10:01.293+0000] {conn.py:380} INFO - <BrokerConnection node_id=bootstrap-0 host=kafka:29092 <connecting> [IPv4 ('172.16.240.5', 29092)]>: connecting to kafka:29092 [('172.16.240.5', 29092) IPv4]
[2025-09-03T20:10:01.293+0000] {conn.py:1205} INFO - Probing node bootstrap-0 broker version
[2025-09-03T20:10:01.293+0000] {conn.py:410} INFO - <BrokerConnection node_id=bootstrap-0 host=kafka:29092 <connecting> [IPv4 ('172.16.240.5', 29092)]>: Connection complete.
[2025-09-03T20:10:01.391+0000] {conn.py:1267} INFO - Broker version identified as 2.5.0
[2025-09-03T20:10:01.391+0000] {conn.py:1268} INFO - Set configuration api_version=(2, 5, 0) to skip auto check_version requests on startup
[2025-09-03T20:10:01.395+0000] {conn.py:1267} INFO - Broker version identified as 2.5.0
[2025-09-03T20:10:01.395+0000] {conn.py:1268} INFO - Set configuration api_version=(2, 5, 0) to skip auto check_version requests on startup
[2025-09-03T20:10:01.396+0000] {consumer.py:118} WARNING - group_id is None: disabling auto-commit.
[2025-09-03T20:10:01.396+0000] {subscription_state.py:171} INFO - Updating subscribed topics to: ('streaming_data',)
[2025-09-03T20:10:01.396+0000] {subscription_state.py:257} INFO - Updated partition assignment: [('streaming_data', 0)]
[2025-09-03T20:10:01.397+0000] {conn.py:380} INFO - <BrokerConnection node_id=1 host=kafka:29092 <connecting> [IPv4 ('172.16.240.5', 29092)]>: connecting to kafka:29092 [('172.16.240.5', 29092) IPv4]
[2025-09-03T20:10:01.397+0000] {conn.py:410} INFO - <BrokerConnection node_id=1 host=kafka:29092 <connecting> [IPv4 ('172.16.240.5', 29092)]>: Connection complete.
[2025-09-03T20:10:01.397+0000] {conn.py:919} INFO - <BrokerConnection node_id=bootstrap-0 host=kafka:29092 <connected> [IPv4 ('172.16.240.5', 29092)]>: Closing connection. 
[2025-09-03T20:10:01.486+0000] {logging_mixin.py:137} INFO - Produced: sunt aut facere repellat provi...
[2025-09-03T20:10:01.487+0000] {conn.py:380} INFO - <BrokerConnection node_id=1 host=kafka:29092 <connecting> [IPv4 ('172.16.240.5', 29092)]>: connecting to kafka:29092 [('172.16.240.5', 29092) IPv4]
[2025-09-03T20:10:01.487+0000] {conn.py:410} INFO - <BrokerConnection node_id=1 host=kafka:29092 <connecting> [IPv4 ('172.16.240.5', 29092)]>: Connection complete.
[2025-09-03T20:10:01.487+0000] {conn.py:919} INFO - <BrokerConnection node_id=bootstrap-0 host=kafka:29092 <connected> [IPv4 ('172.16.240.5', 29092)]>: Closing connection. 
[2025-09-03T20:10:08.790+0000] {logging_mixin.py:137} INFO - Consumed: sunt aut facere repellat provi...
[2025-09-03T20:10:11.579+0000] {logging_mixin.py:137} INFO - Produced: sunt aut facere repellat provi...
[2025-09-03T20:10:11.585+0000] {logging_mixin.py:137} INFO - Consumed: sunt aut facere repellat provi...
[2025-09-03T20:11:12.293+0000] {logging_mixin.py:137} INFO - Produced: sunt aut facere repellat provi...
[2025-09-03T20:11:22.387+0000] {logging_mixin.py:137} INFO - Produced: sunt aut facere repellat provi...
[2025-09-03T20:10:41.871+0000] {logging_mixin.py:137} INFO - Produced: sunt aut facere repellat provi...
[2025-09-03T20:10:51.985+0000] {logging_mixin.py:137} INFO - Produced: sunt aut facere repellat provi...
[2025-09-03T20:11:02.087+0000] {logging_mixin.py:137} INFO - Produced: sunt aut facere repellat provi...
[2025-09-03T20:11:12.187+0000] {logging_mixin.py:137} INFO - Produced: sunt aut facere repellat provi...
[2025-09-03T20:11:22.293+0000] {logging_mixin.py:137} INFO - Produced: sunt aut facere repellat provi...
[2025-09-03T20:11:32.390+0000] {logging_mixin.py:137} INFO - Produced: sunt aut facere repellat provi...
[2025-09-03T20:11:42.519+0000] {logging_mixin.py:137} INFO - Produced: sunt aut facere repellat provi...
[2025-09-03T20:12:43.213+0000] {logging_mixin.py:137} INFO - Produced: sunt aut facere repellat provi...
[2025-09-03T20:12:53.315+0000] {logging_mixin.py:137} INFO - Produced: sunt aut facere repellat provi...
[2025-09-03T20:13:03.412+0000] {logging_mixin.py:137} INFO - Produced: sunt aut facere repellat provi...
[2025-09-03T20:13:13.502+0000] {logging_mixin.py:137} INFO - Produced: sunt aut facere repellat provi...
[2025-09-03T20:13:23.607+0000] {logging_mixin.py:137} INFO - Produced: sunt aut facere repellat provi...
[2025-09-03T20:12:43.094+0000] {logging_mixin.py:137} INFO - Produced: sunt aut facere repellat provi...
[2025-09-03T20:12:53.189+0000] {logging_mixin.py:137} INFO - Produced: sunt aut facere repellat provi...
[2025-09-03T20:13:03.292+0000] {logging_mixin.py:137} INFO - Produced: sunt aut facere repellat provi...
[2025-09-03T20:14:04.010+0000] {logging_mixin.py:137} INFO - Produced: sunt aut facere repellat provi...
[2025-09-03T20:14:14.107+0000] {logging_mixin.py:137} INFO - Produced: sunt aut facere repellat provi...
[2025-09-03T20:13:33.593+0000] {logging_mixin.py:137} INFO - Produced: sunt aut facere repellat provi...
[2025-09-03T20:13:43.686+0000] {logging_mixin.py:137} INFO - Produced: sunt aut facere repellat provi...
[2025-09-03T20:13:53.792+0000] {logging_mixin.py:137} INFO - Produced: sunt aut facere repellat provi...
[2025-09-03T20:14:03.890+0000] {logging_mixin.py:137} INFO - Produced: sunt aut facere repellat provi...
[2025-09-03T20:15:04.583+0000] {logging_mixin.py:137} INFO - Produced: sunt aut facere repellat provi...
[2025-09-03T20:14:24.085+0000] {logging_mixin.py:137} INFO - Produced: sunt aut facere repellat provi...
[2025-09-03T20:14:34.162+0000] {logging_mixin.py:137} INFO - Produced: sunt aut facere repellat provi...
[2025-09-03T20:14:44.250+0000] {logging_mixin.py:137} INFO - Produced: sunt aut facere repellat provi...
[2025-09-03T20:14:54.356+0000] {logging_mixin.py:137} INFO - Produced: sunt aut facere repellat provi...
[2025-09-03T20:15:52.000+0000] {logging_mixin.py:137} INFO - Continuous task completed - will restart automatically
[2025-09-03T20:15:52.000+0000] {python.py:177} INFO - Done. Returned value was: None
[2025-09-03T20:15:52.010+0000] {taskinstance.py:1318} INFO - Marking task as SUCCESS. dag_id=continuous_streaming_consumer, task_id=continuous_producer_consumer, execution_date=20250903T200500, start_date=20250903T201001, end_date=20250903T201552
[2025-09-03T20:15:14.557+0000] {local_task_job.py:208} INFO - Task exited with return code 0
[2025-09-03T20:15:14.567+0000] {taskinstance.py:2578} INFO - 0 downstream tasks scheduled from follow-on schedule check
